2023-06-30 18:12:31,836 DEBUG    root            Loaded Command Group: ['gcloud', 'config']
2023-06-30 18:12:31,839 DEBUG    root            Loaded Command Group: ['gcloud', 'config', 'config_helper']
2023-06-30 18:12:31,841 DEBUG    root            Running [gcloud.config.config-helper] with arguments: [--format: "json"]
2023-06-30 18:12:31,847 DEBUG    google.auth.transport.requests Making request: GET http://192.168.10.5/computeMetadata/v1/instance/service-accounts/tsingh54@ford.com/?recursive=true
2023-06-30 18:12:31,850 DEBUG    urllib3.connectionpool Starting new HTTP connection (1): 192.168.10.5:80
2023-06-30 18:12:31,851 DEBUG    urllib3.connectionpool http://192.168.10.5:80 "GET /computeMetadata/v1/instance/service-accounts/tsingh54@ford.com/?recursive=true HTTP/1.1" 200 212
2023-06-30 18:12:31,852 DEBUG    google.auth.transport.requests Making request: GET http://192.168.10.5/computeMetadata/v1/instance/service-accounts/tsingh54@ford.com/token
2023-06-30 18:12:31,854 DEBUG    urllib3.connectionpool http://192.168.10.5:80 "GET /computeMetadata/v1/instance/service-accounts/tsingh54@ford.com/token HTTP/1.1" 200 281
2023-06-30 18:12:31,884 DEBUG    root            Chosen display Format:default json
2023-06-30 18:12:31,885 INFO     root            Display format: "default json"
2023-06-30 18:12:31,885 INFO     ___FILE_ONLY___ {
  "configuration": {
    "active_configuration": "default",
    "properties": {
      "billing": {
        "quota_project": "ford-edb67bd0ec6cd881dfcac61b"
      },
      "core": {
        "account": "tsingh54@ford.com",
        "disable_usage_reporting": "True",
        "project": "ford-edb67bd0ec6cd881dfcac61b"
      }
    }
  },
  "credential": {
    "access_token": "ya29.a0AbVbY6OvOrzdNlhmRlzjWB-LIHBrwuwncjHcp5gtw2O7NddWOhsPv5kraa-xRFvf7wGbhkF-wV3yEm6XmIXa8s2KhKQbaJqKN2Vq0_yhVF8Y_1tZvVC9gvsQ7B3PxCPe-K3HsR2v3l-xC0Yeab9oERYAuzPc57v2BCKm1Z4aCgYKASQSARISFQFWKvPla6JkWiiaFRoEiHOh0jXaRg0174",
    "id_token": null,
    "token_expiry": "2023-06-30T19:11:56Z"
  },
  "sentinels": {
    "config_sentinel": "/home/jupyter/.config/gcloud/config_sentinel"
  }
}
2023-06-30 18:12:31,885 INFO     ___FILE_ONLY___ 

2023-06-30 18:12:31,886 DEBUG    root            SDK update checks are disabled.
