2023-06-22 17:59:38,492 DEBUG    root            Loaded Command Group: ['gcloud', 'config']
2023-06-22 17:59:38,495 DEBUG    root            Loaded Command Group: ['gcloud', 'config', 'config_helper']
2023-06-22 17:59:38,498 DEBUG    root            Running [gcloud.config.config-helper] with arguments: [--format: "json"]
2023-06-22 17:59:38,506 DEBUG    google.auth.transport.requests Making request: GET http://metadata.google.internal/computeMetadata/v1/instance/service-accounts/notebooks-tp-sa@iaf194987454cb170-tp.iam.gserviceaccount.com/?recursive=true
2023-06-22 17:59:38,508 DEBUG    urllib3.connectionpool Starting new HTTP connection (1): metadata.google.internal:80
2023-06-22 17:59:38,510 DEBUG    urllib3.connectionpool http://metadata.google.internal:80 "GET /computeMetadata/v1/instance/service-accounts/notebooks-tp-sa@iaf194987454cb170-tp.iam.gserviceaccount.com/?recursive=true HTTP/1.1" 200 148
2023-06-22 17:59:38,511 DEBUG    google.auth.transport.requests Making request: GET http://metadata.google.internal/computeMetadata/v1/instance/service-accounts/notebooks-tp-sa@iaf194987454cb170-tp.iam.gserviceaccount.com/token
2023-06-22 17:59:38,514 DEBUG    urllib3.connectionpool http://metadata.google.internal:80 "GET /computeMetadata/v1/instance/service-accounts/notebooks-tp-sa@iaf194987454cb170-tp.iam.gserviceaccount.com/token HTTP/1.1" 200 868
2023-06-22 17:59:38,535 DEBUG    root            Chosen display Format:default json
2023-06-22 17:59:38,536 INFO     root            Display format: "default json"
2023-06-22 17:59:38,537 INFO     ___FILE_ONLY___ {
  "configuration": {
    "active_configuration": "default",
    "properties": {
      "billing": {
        "quota_project": "ford-edb67bd0ec6cd881dfcac61b"
      },
      "core": {
        "account": "notebooks-tp-sa@iaf194987454cb170-tp.iam.gserviceaccount.com",
        "disable_usage_reporting": "True",
        "project": "ford-edb67bd0ec6cd881dfcac61b"
      }
    }
  },
  "credential": {
    "access_token": "ya29.c.b0Aaekm1ICT-0jQo6h_UCff2Wn9Wmxa6umMNzlrJaAsW-ElG-dALJzZaHLYWBIjYOmobgSI-R0pUPWsnYVj4HwKsDhIZV-UOWw8yHLUKBc-tN285vKfz_iTcc4MkHZyRmOdTYSqw91RDfvCq627r9CiKsT562NP7ZG0kudjJFWwFHjf-J8wfwV1zXrEzZTUEi0tiYQliYONx07MapRXdWt7qWUd-q5ug6-uH55Pa7c9JJDDm6LlTGj1aDpQYLEmAtn61kLPutdlcnV4i0RZkfa1cZbAZc97vUSOraFa5dFCXmPYNfdym-g7F_y8jGfF-fwAWvdLuDEkSsv3uJoL345AcjIBRbQFnB3nOx9W4X_1JFZ-n5Q_i_iiF6-zZMvaaI1k0SUUus1XM3l-3F5w2bxZ4nYOwoFvu7yctMwwuRBQpQ7Rm1XFy69x8QXZwMWlWY97wXc23MUIb0FV5nvBwOg8Xdv1lmf-Qf8jV-qt8aWwzZMYeijMm37JhUfhMQF6Up380WhvW6afIZc4r4Qdr51aoqqh6IvzmuRBgil_7MlFz75kxVWgZ1QrO3-oiaWyhywF8Io7_91FIYn-67Rh7l4jmJYrzcxyouQj5jXtyMWxyghzBtsY4Fe-ZBfZ7ajVnYayu6rjw9r7IxF-VS9lliOFYctk56XtmFI2jw-jt3lv_azYnYuMxhl9Wwl-uQJwSqluekBnIU4fRp0lRxIOkbYh9IYcOcotolrrMrebn_Iomes1Juwx_lf_v8YS42k6YdgS3UtfSt0r5tuQYvbnZe1SnSwsl5peIrOiucS31b7pg3Splav11vxrsfOoFUe239k5FXQxXJ_MYhzzc6Fp3jSRdUl7nIc86BouRraBO4_QOQ2M77awIg5-s_0x52sMlR5eyk1UXwp5p-i5FFSzw6ys3xW3k11acS685iR_QldqfySIWysvxsx2u6gUs4ioXe0Ru3ceOSvjZVxzhtjh7tu5w8qVdc6J3_srYf0SdlydWZpz6u-8h-VpMX",
    "id_token": "eyJhbGciOiJSUzI1NiIsImtpZCI6IjA1MTUwYTEzMjBiOTM5NWIwNTcxNjg3NzM3NjkyODUwOWJhYjQ0YWMiLCJ0eXAiOiJKV1QifQ.eyJhdWQiOiIzMjU1NTk0MDU1OS5hcHBzLmdvb2dsZXVzZXJjb250ZW50LmNvbSIsImF6cCI6IjEwOTI2NjY0NjMzMjAxODA1MjEwMSIsImV4cCI6MTY4NzQ2MDM3OCwiaWF0IjoxNjg3NDU2Nzc4LCJpc3MiOiJodHRwczovL2FjY291bnRzLmdvb2dsZS5jb20iLCJzdWIiOiIxMDkyNjY2NDYzMzIwMTgwNTIxMDEifQ.SyBOBQUTVhsKm8f9_GcI1DjiiMcDCQzjrZRPcSu8v50DejvJgVFz4-yG7FkvIJj20bVKClryo7m1BAclXnjm_2fIrf4iM4QoIo9RmKWy-81tmswNYQ21GX7u5As4ljyavISIMDu3ASgYS_juRc5SEulF6k7NYLvdTzvLJ51UABusSab2dtYXOqmnpOSFn-AvVCMOXUro5x8j7ogQTwRV-eCuta3DnIm5DN69XVluThzBSN3EmImKYSpbj7zJ1JFWAnz8D2kLrpnDEsfQ5mwvMs_hZV5L93XVs_1Soddbt7MhC78mQyuZUq07jsvuXoUL7jDXamSEk1MY5pz2GdVgKQ",
    "token_expiry": "2023-06-22T18:29:14Z"
  },
  "sentinels": {
    "config_sentinel": "/home/jupyter/.config/gcloud/config_sentinel"
  }
}
2023-06-22 17:59:38,537 INFO     ___FILE_ONLY___ 

2023-06-22 17:59:38,537 DEBUG    root            SDK update checks are disabled.
