2023-06-22 18:04:22,606 DEBUG    root            Loaded Command Group: ['gcloud', 'config']
2023-06-22 18:04:22,609 DEBUG    root            Loaded Command Group: ['gcloud', 'config', 'config_helper']
2023-06-22 18:04:22,612 DEBUG    root            Running [gcloud.config.config-helper] with arguments: [--format: "json"]
2023-06-22 18:04:22,618 DEBUG    google.auth.transport.requests Making request: GET http://192.168.10.5/computeMetadata/v1/instance/service-accounts/tsingh54@ford.com/?recursive=true
2023-06-22 18:04:22,621 DEBUG    urllib3.connectionpool Starting new HTTP connection (1): 192.168.10.5:80
2023-06-22 18:04:22,622 DEBUG    urllib3.connectionpool http://192.168.10.5:80 "GET /computeMetadata/v1/instance/service-accounts/tsingh54@ford.com/?recursive=true HTTP/1.1" 200 212
2023-06-22 18:04:22,623 DEBUG    google.auth.transport.requests Making request: GET http://192.168.10.5/computeMetadata/v1/instance/service-accounts/tsingh54@ford.com/token
2023-06-22 18:04:22,625 DEBUG    urllib3.connectionpool http://192.168.10.5:80 "GET /computeMetadata/v1/instance/service-accounts/tsingh54@ford.com/token HTTP/1.1" 200 281
2023-06-22 18:04:22,665 DEBUG    root            Chosen display Format:default json
2023-06-22 18:04:22,665 INFO     root            Display format: "default json"
2023-06-22 18:04:22,666 INFO     ___FILE_ONLY___ {
  "configuration": {
    "active_configuration": "default",
    "properties": {
      "billing": {
        "quota_project": "ford-edb67bd0ec6cd881dfcac61b"
      },
      "core": {
        "account": "tsingh54@ford.com",
        "disable_usage_reporting": "True",
        "project": "ford-edb67bd0ec6cd881dfcac61b"
      }
    }
  },
  "credential": {
    "access_token": "ya29.a0AWY7CknrUig8-UVN9vpyfBcFNEKxlVBJsN6dG93LI4M_ABxRlzP4Lu4e6Q_c8-hSvZL3d_zGv0-BBNXp6pMKoAGhnknC7dLg2LHfFcjql8pm1Axhh51A4zbLwfZHOM325LSTzAM_X7QzL7cF1yLtes1WcK7CVpICgScNdawaCgYKAagSARISFQG1tDrpO_nyKvWgw72n1oQONnNuSA0174",
    "id_token": null,
    "token_expiry": "2023-06-22T18:59:36Z"
  },
  "sentinels": {
    "config_sentinel": "/home/jupyter/.config/gcloud/config_sentinel"
  }
}
2023-06-22 18:04:22,666 INFO     ___FILE_ONLY___ 

2023-06-22 18:04:22,667 DEBUG    root            SDK update checks are disabled.
