2023-06-22 18:29:49,297 DEBUG    root            Loaded Command Group: ['gcloud', 'auth']
2023-06-22 18:29:49,301 DEBUG    root            Loaded Command Group: ['gcloud', 'auth', 'configure_docker']
2023-06-22 18:29:49,304 DEBUG    root            Running [gcloud.auth.configure-docker] with arguments: [--quiet: "True"]
2023-06-22 18:29:49,349 WARNING  root            Your config file at [/home/jupyter/.docker/config.json] contains these credential helper entries:

{
  "credHelpers": {
    "gcr.io": "gcloud",
    "us.gcr.io": "gcloud",
    "eu.gcr.io": "gcloud",
    "asia.gcr.io": "gcloud",
    "staging-k8s.gcr.io": "gcloud",
    "marketplace.gcr.io": "gcloud"
  }
}
2023-06-22 18:29:49,350 INFO     ___FILE_ONLY___ Adding credentials for all GCR repositories.

2023-06-22 18:29:49,350 WARNING  root            A long list of credential helpers may cause delays running 'docker build'. We recommend passing the registry name to configure only the registry you are using.
2023-06-22 18:29:49,350 INFO     ___FILE_ONLY___ gcloud credential helpers already registered correctly.

2023-06-22 18:29:49,351 DEBUG    root            Chosen display Format:default
2023-06-22 18:29:49,352 INFO     root            Display format: "default"
2023-06-22 18:29:49,353 DEBUG    root            SDK update checks are disabled.
