2023-06-22 19:25:24,453 DEBUG    root            Loaded Command Group: ['gcloud', 'config']
2023-06-22 19:25:24,455 DEBUG    root            Loaded Command Group: ['gcloud', 'config', 'config_helper']
2023-06-22 19:25:24,458 DEBUG    root            Running [gcloud.config.config-helper] with arguments: [--format: "json"]
2023-06-22 19:25:24,465 DEBUG    google.auth.transport.requests Making request: GET http://192.168.10.5/computeMetadata/v1/instance/service-accounts/tsingh54@ford.com/?recursive=true
2023-06-22 19:25:24,467 DEBUG    urllib3.connectionpool Starting new HTTP connection (1): 192.168.10.5:80
2023-06-22 19:25:24,468 DEBUG    urllib3.connectionpool http://192.168.10.5:80 "GET /computeMetadata/v1/instance/service-accounts/tsingh54@ford.com/?recursive=true HTTP/1.1" 200 212
2023-06-22 19:25:24,469 DEBUG    google.auth.transport.requests Making request: GET http://192.168.10.5/computeMetadata/v1/instance/service-accounts/tsingh54@ford.com/token
2023-06-22 19:25:24,472 DEBUG    urllib3.connectionpool http://192.168.10.5:80 "GET /computeMetadata/v1/instance/service-accounts/tsingh54@ford.com/token HTTP/1.1" 200 281
2023-06-22 19:25:24,504 DEBUG    root            Chosen display Format:default json
2023-06-22 19:25:24,505 INFO     root            Display format: "default json"
2023-06-22 19:25:24,506 INFO     ___FILE_ONLY___ {
  "configuration": {
    "active_configuration": "default",
    "properties": {
      "billing": {
        "quota_project": "ford-edb67bd0ec6cd881dfcac61b"
      },
      "core": {
        "account": "tsingh54@ford.com",
        "disable_usage_reporting": "True",
        "project": "ford-edb67bd0ec6cd881dfcac61b"
      }
    }
  },
  "credential": {
    "access_token": "ya29.a0AWY7CkkstqdFlPon4uo9DRkl_IEo5HOxlpadPa01i_JnPQMJZEH-rVCj56deckhG_VUw1rgN_tNy5iwWzvh9srx_uJJxFq6XQKSrwU_6vd4DFvfAUWxlPw_b2BIirADGF9wQ7ffJ0j3vFqT0E0hQAdSv4KIbTnepqSfODaUaCgYKAToSARISFQG1tDrpBGpfcy13rI4781RbqUYM2g0174",
    "id_token": null,
    "token_expiry": "2023-06-22T20:00:03Z"
  },
  "sentinels": {
    "config_sentinel": "/home/jupyter/.config/gcloud/config_sentinel"
  }
}
2023-06-22 19:25:24,506 INFO     ___FILE_ONLY___ 

2023-06-22 19:25:24,507 DEBUG    root            SDK update checks are disabled.
