2023-06-22 19:36:22,662 DEBUG    root            Loaded Command Group: ['gcloud', 'config']
2023-06-22 19:36:22,664 DEBUG    root            Loaded Command Group: ['gcloud', 'config', 'config_helper']
2023-06-22 19:36:22,668 DEBUG    root            Running [gcloud.config.config-helper] with arguments: [--format: "json"]
2023-06-22 19:36:22,674 DEBUG    google.auth.transport.requests Making request: GET http://192.168.10.5/computeMetadata/v1/instance/service-accounts/tsingh54@ford.com/?recursive=true
2023-06-22 19:36:22,676 DEBUG    urllib3.connectionpool Starting new HTTP connection (1): 192.168.10.5:80
2023-06-22 19:36:22,677 DEBUG    urllib3.connectionpool http://192.168.10.5:80 "GET /computeMetadata/v1/instance/service-accounts/tsingh54@ford.com/?recursive=true HTTP/1.1" 200 212
2023-06-22 19:36:22,678 DEBUG    google.auth.transport.requests Making request: GET http://192.168.10.5/computeMetadata/v1/instance/service-accounts/tsingh54@ford.com/token
2023-06-22 19:36:22,680 DEBUG    urllib3.connectionpool http://192.168.10.5:80 "GET /computeMetadata/v1/instance/service-accounts/tsingh54@ford.com/token HTTP/1.1" 200 281
2023-06-22 19:36:22,702 DEBUG    urllib3.connectionpool Starting new HTTPS connection (1): www.gstatic.com:443
2023-06-22 19:36:22,722 DEBUG    urllib3.connectionpool https://www.gstatic.com:443 "GET /cloudsdk/feature_flag_config_file.yaml HTTP/1.1" 200 101
2023-06-22 19:36:22,731 DEBUG    root            Chosen display Format:default json
2023-06-22 19:36:22,731 INFO     root            Display format: "default json"
2023-06-22 19:36:22,732 INFO     ___FILE_ONLY___ {
  "configuration": {
    "active_configuration": "default",
    "properties": {
      "billing": {
        "quota_project": "ford-edb67bd0ec6cd881dfcac61b"
      },
      "core": {
        "account": "tsingh54@ford.com",
        "disable_usage_reporting": "True",
        "project": "ford-edb67bd0ec6cd881dfcac61b"
      }
    }
  },
  "credential": {
    "access_token": "ya29.a0AWY7CkkcyBNHVkZwra6M-LXGZcVt13EGAe9zRrxCzTtqQcq6zDAJ7FS7R6bg5k7hKnPShDWR0hhZp9nmj8vBlRZz5wgoc1lWK_j0aqERAs0sFswLtvqlm1Iy-PFbN1nENPnuq2YEemYID531VrCTip84XuJZRI0r7r8HlegaCgYKAc8SARISFQG1tDrp10GDbzEvyo_HTCGeDjApeQ0174",
    "id_token": null,
    "token_expiry": "2023-06-22T20:30:05Z"
  },
  "sentinels": {
    "config_sentinel": "/home/jupyter/.config/gcloud/config_sentinel"
  }
}
2023-06-22 19:36:22,732 INFO     ___FILE_ONLY___ 

2023-06-22 19:36:22,733 DEBUG    root            SDK update checks are disabled.
