2023-06-22 21:31:58,997 DEBUG    root            Loaded Command Group: ['gcloud', 'config']
2023-06-22 21:31:58,999 DEBUG    root            Loaded Command Group: ['gcloud', 'config', 'config_helper']
2023-06-22 21:31:59,002 DEBUG    root            Running [gcloud.config.config-helper] with arguments: [--format: "json"]
2023-06-22 21:31:59,009 DEBUG    google.auth.transport.requests Making request: GET http://192.168.10.5/computeMetadata/v1/instance/service-accounts/tsingh54@ford.com/?recursive=true
2023-06-22 21:31:59,011 DEBUG    urllib3.connectionpool Starting new HTTP connection (1): 192.168.10.5:80
2023-06-22 21:31:59,013 DEBUG    urllib3.connectionpool http://192.168.10.5:80 "GET /computeMetadata/v1/instance/service-accounts/tsingh54@ford.com/?recursive=true HTTP/1.1" 200 212
2023-06-22 21:31:59,014 DEBUG    google.auth.transport.requests Making request: GET http://192.168.10.5/computeMetadata/v1/instance/service-accounts/tsingh54@ford.com/token
2023-06-22 21:31:59,016 DEBUG    urllib3.connectionpool http://192.168.10.5:80 "GET /computeMetadata/v1/instance/service-accounts/tsingh54@ford.com/token HTTP/1.1" 200 282
2023-06-22 21:31:59,049 DEBUG    root            Chosen display Format:default json
2023-06-22 21:31:59,049 INFO     root            Display format: "default json"
2023-06-22 21:31:59,050 INFO     ___FILE_ONLY___ {
  "configuration": {
    "active_configuration": "default",
    "properties": {
      "billing": {
        "quota_project": "ford-edb67bd0ec6cd881dfcac61b"
      },
      "core": {
        "account": "tsingh54@ford.com",
        "disable_usage_reporting": "True",
        "project": "ford-edb67bd0ec6cd881dfcac61b"
      }
    }
  },
  "credential": {
    "access_token": "ya29.a0AWY7Ckmduf_yxBsUuFE2xO60Se2MoXip1k7l-WoyvwmC611btuRvtD3X-qBwSkT7GQ-w1pfuQE3o6NVRWvXigu9eOnXnVWogoBuQmRlQwLY7kxMqnl6TWizncWKQ1A17wSWfXEM4alJO7gHDnoiqAK7lLS9BA4_woNjAVnNjaCgYKAaMSARISFQG1tDrpGNflg39797ysmtKKC1kERQ0175",
    "id_token": null,
    "token_expiry": "2023-06-22T22:30:35Z"
  },
  "sentinels": {
    "config_sentinel": "/home/jupyter/.config/gcloud/config_sentinel"
  }
}
2023-06-22 21:31:59,050 INFO     ___FILE_ONLY___ 

2023-06-22 21:31:59,051 DEBUG    root            SDK update checks are disabled.
