2023-06-22 22:10:42,214 DEBUG    root            Loaded Command Group: ['gcloud', 'config']
2023-06-22 22:10:42,216 DEBUG    root            Loaded Command Group: ['gcloud', 'config', 'config_helper']
2023-06-22 22:10:42,219 DEBUG    root            Running [gcloud.config.config-helper] with arguments: [--format: "json"]
2023-06-22 22:10:42,225 DEBUG    google.auth.transport.requests Making request: GET http://192.168.10.5/computeMetadata/v1/instance/service-accounts/tsingh54@ford.com/?recursive=true
2023-06-22 22:10:42,227 DEBUG    urllib3.connectionpool Starting new HTTP connection (1): 192.168.10.5:80
2023-06-22 22:10:42,228 DEBUG    urllib3.connectionpool http://192.168.10.5:80 "GET /computeMetadata/v1/instance/service-accounts/tsingh54@ford.com/?recursive=true HTTP/1.1" 200 212
2023-06-22 22:10:42,229 DEBUG    google.auth.transport.requests Making request: GET http://192.168.10.5/computeMetadata/v1/instance/service-accounts/tsingh54@ford.com/token
2023-06-22 22:10:42,231 DEBUG    urllib3.connectionpool http://192.168.10.5:80 "GET /computeMetadata/v1/instance/service-accounts/tsingh54@ford.com/token HTTP/1.1" 200 282
2023-06-22 22:10:42,265 DEBUG    root            Chosen display Format:default json
2023-06-22 22:10:42,265 INFO     root            Display format: "default json"
2023-06-22 22:10:42,266 INFO     ___FILE_ONLY___ {
  "configuration": {
    "active_configuration": "default",
    "properties": {
      "billing": {
        "quota_project": "ford-edb67bd0ec6cd881dfcac61b"
      },
      "core": {
        "account": "tsingh54@ford.com",
        "disable_usage_reporting": "True",
        "project": "ford-edb67bd0ec6cd881dfcac61b"
      }
    }
  },
  "credential": {
    "access_token": "ya29.a0AWY7CkluzotkxSSbeDO6GlGlaVIthxVsoo2PQkMwHh1GblLijb04aRixcOtaHel2G06a0tmmmIq4bPn-49NZH8erELOgaXYwazZE0RRAlIteLfIPrttQrKwarxWcrVdv-30Hab1hhaoxIt7_ZhvSQoI4lLBW5HSj0Fh6QWTRaCgYKAfYSARISFQG1tDrpzUFlgH9SwMXIsj9a3wN3Vg0175",
    "id_token": null,
    "token_expiry": "2023-06-22T23:00:43Z"
  },
  "sentinels": {
    "config_sentinel": "/home/jupyter/.config/gcloud/config_sentinel"
  }
}
2023-06-22 22:10:42,266 INFO     ___FILE_ONLY___ 

2023-06-22 22:10:42,267 DEBUG    root            SDK update checks are disabled.
