2023-06-22 23:17:18,736 DEBUG    root            Loaded Command Group: ['gcloud', 'config']
2023-06-22 23:17:18,739 DEBUG    root            Loaded Command Group: ['gcloud', 'config', 'config_helper']
2023-06-22 23:17:18,742 DEBUG    root            Running [gcloud.config.config-helper] with arguments: [--format: "json"]
2023-06-22 23:17:18,749 DEBUG    google.auth.transport.requests Making request: GET http://192.168.10.5/computeMetadata/v1/instance/service-accounts/tsingh54@ford.com/?recursive=true
2023-06-22 23:17:18,752 DEBUG    urllib3.connectionpool Starting new HTTP connection (1): 192.168.10.5:80
2023-06-22 23:17:18,753 DEBUG    urllib3.connectionpool http://192.168.10.5:80 "GET /computeMetadata/v1/instance/service-accounts/tsingh54@ford.com/?recursive=true HTTP/1.1" 200 212
2023-06-22 23:17:18,754 DEBUG    google.auth.transport.requests Making request: GET http://192.168.10.5/computeMetadata/v1/instance/service-accounts/tsingh54@ford.com/token
2023-06-22 23:17:18,756 DEBUG    urllib3.connectionpool http://192.168.10.5:80 "GET /computeMetadata/v1/instance/service-accounts/tsingh54@ford.com/token HTTP/1.1" 200 282
2023-06-22 23:17:18,789 DEBUG    root            Chosen display Format:default json
2023-06-22 23:17:18,790 INFO     root            Display format: "default json"
2023-06-22 23:17:18,791 INFO     ___FILE_ONLY___ {
  "configuration": {
    "active_configuration": "default",
    "properties": {
      "billing": {
        "quota_project": "ford-edb67bd0ec6cd881dfcac61b"
      },
      "core": {
        "account": "tsingh54@ford.com",
        "disable_usage_reporting": "True",
        "project": "ford-edb67bd0ec6cd881dfcac61b"
      }
    }
  },
  "credential": {
    "access_token": "ya29.a0AWY7CkkIegkcsNITir1rAdFQO3D3rwecpQvnzPXxQAN57_8vp8-EZ3n6lJbihNpD_4v3_BN-hdTp4abLfLV5JrcjI2s9AhI40Bq1fvS9-1mlmRdyim6umGJqXHgUekVrlzM3XUxBMTjHkHM1ZXFbB7nGWLsvczP2_vBp4BNdaCgYKAdoSARISFQG1tDrpQHozIJ5T7SeKHg-YTeM_yQ0175",
    "id_token": null,
    "token_expiry": "2023-06-23T00:00:44Z"
  },
  "sentinels": {
    "config_sentinel": "/home/jupyter/.config/gcloud/config_sentinel"
  }
}
2023-06-22 23:17:18,791 INFO     ___FILE_ONLY___ 

2023-06-22 23:17:18,791 DEBUG    root            SDK update checks are disabled.
