2023-06-22 23:31:14,813 DEBUG    root            Loaded Command Group: ['gcloud', 'config']
2023-06-22 23:31:14,816 DEBUG    root            Loaded Command Group: ['gcloud', 'config', 'config_helper']
2023-06-22 23:31:14,819 DEBUG    root            Running [gcloud.config.config-helper] with arguments: [--format: "json"]
2023-06-22 23:31:14,825 DEBUG    google.auth.transport.requests Making request: GET http://192.168.10.5/computeMetadata/v1/instance/service-accounts/tsingh54@ford.com/?recursive=true
2023-06-22 23:31:14,828 DEBUG    urllib3.connectionpool Starting new HTTP connection (1): 192.168.10.5:80
2023-06-22 23:31:14,829 DEBUG    urllib3.connectionpool http://192.168.10.5:80 "GET /computeMetadata/v1/instance/service-accounts/tsingh54@ford.com/?recursive=true HTTP/1.1" 200 212
2023-06-22 23:31:14,830 DEBUG    google.auth.transport.requests Making request: GET http://192.168.10.5/computeMetadata/v1/instance/service-accounts/tsingh54@ford.com/token
2023-06-22 23:31:14,832 DEBUG    urllib3.connectionpool http://192.168.10.5:80 "GET /computeMetadata/v1/instance/service-accounts/tsingh54@ford.com/token HTTP/1.1" 200 282
2023-06-22 23:31:14,865 DEBUG    root            Chosen display Format:default json
2023-06-22 23:31:14,866 INFO     root            Display format: "default json"
2023-06-22 23:31:14,866 INFO     ___FILE_ONLY___ {
  "configuration": {
    "active_configuration": "default",
    "properties": {
      "billing": {
        "quota_project": "ford-edb67bd0ec6cd881dfcac61b"
      },
      "core": {
        "account": "tsingh54@ford.com",
        "disable_usage_reporting": "True",
        "project": "ford-edb67bd0ec6cd881dfcac61b"
      }
    }
  },
  "credential": {
    "access_token": "ya29.a0AWY7CkmQDVCRYoNpMkJ4Erp0Rgty4zP-fbazt11nPGBWnS81S7SBi4z514DirHTAuV6-6USzz5FUw4hDkiBJRqhZ77F5HLDgiMcGti_FqjH-ECzy9Xw4Ps4YUD8cb32CxYH3ybJdlew29d99zO7ac6xZ-9l1r95XtM6VhmcoaCgYKAekSARISFQG1tDrp1ixfmxxIceOy6yQXKmQRZg0175",
    "id_token": null,
    "token_expiry": "2023-06-23T00:30:57Z"
  },
  "sentinels": {
    "config_sentinel": "/home/jupyter/.config/gcloud/config_sentinel"
  }
}
2023-06-22 23:31:14,867 INFO     ___FILE_ONLY___ 

2023-06-22 23:31:14,867 DEBUG    root            SDK update checks are disabled.
