2023-06-22 23:30:59,016 DEBUG    root            Loaded Command Group: ['gcloud', 'config']
2023-06-22 23:30:59,018 DEBUG    root            Loaded Command Group: ['gcloud', 'config', 'config_helper']
2023-06-22 23:30:59,021 DEBUG    root            Running [gcloud.config.config-helper] with arguments: [--format: "json"]
2023-06-22 23:30:59,029 DEBUG    google.auth.transport.requests Making request: GET http://metadata.google.internal/computeMetadata/v1/instance/service-accounts/notebooks-tp-sa@iaf194987454cb170-tp.iam.gserviceaccount.com/?recursive=true
2023-06-22 23:30:59,031 DEBUG    urllib3.connectionpool Starting new HTTP connection (1): metadata.google.internal:80
2023-06-22 23:30:59,033 DEBUG    urllib3.connectionpool http://metadata.google.internal:80 "GET /computeMetadata/v1/instance/service-accounts/notebooks-tp-sa@iaf194987454cb170-tp.iam.gserviceaccount.com/?recursive=true HTTP/1.1" 200 148
2023-06-22 23:30:59,034 DEBUG    google.auth.transport.requests Making request: GET http://metadata.google.internal/computeMetadata/v1/instance/service-accounts/notebooks-tp-sa@iaf194987454cb170-tp.iam.gserviceaccount.com/token
2023-06-22 23:30:59,037 DEBUG    urllib3.connectionpool http://metadata.google.internal:80 "GET /computeMetadata/v1/instance/service-accounts/notebooks-tp-sa@iaf194987454cb170-tp.iam.gserviceaccount.com/token HTTP/1.1" 200 864
2023-06-22 23:30:59,062 DEBUG    root            Chosen display Format:default json
2023-06-22 23:30:59,062 INFO     root            Display format: "default json"
2023-06-22 23:30:59,063 INFO     ___FILE_ONLY___ {
  "configuration": {
    "active_configuration": "default",
    "properties": {
      "billing": {
        "quota_project": "ford-edb67bd0ec6cd881dfcac61b"
      },
      "core": {
        "account": "notebooks-tp-sa@iaf194987454cb170-tp.iam.gserviceaccount.com",
        "disable_usage_reporting": "True",
        "project": "ford-edb67bd0ec6cd881dfcac61b"
      }
    }
  },
  "credential": {
    "access_token": "ya29.c.b0Aaekm1L6orWCeQE88ZsIm4RrcJisozgIxVy5c65uyYvU2En85wV7tUch2CSYUOnEsLigbpIFOSdS7ZYEqR4iASfzkXXDG_Gm8AB7uRekpv8Kp0Iz-jFSX0eARsa_-m3JP7lLLehGqB4kemJJVDEY45ErMnBGuYih8fwkbd7yF5UTUtFC4lywsV_RKNhAKEoh3dvqJ6Mo5IiS5Zz_w70iAqoDrOcMmefPfM-sY37qGqlZr3aoNT5hXFlR5qVOXwU7kD4EQofZ5Bp7ShwSpdv7CH4ysFKUM5-OYkP_-lQQeX3xGUlSnro6RPzQu2vU9Jtuom1Paq3rO_QcV4sT344KsQRcl52SFzyRiweiXF82_yZ3_316jzovzt-nnlzJ_0xbXbIk6Xwg9ySOucq4oyRxVwtVyuse0ij64u60FwiXpuiWQV1Jzcbz2XokFVQWBQMJUy8-6ZvxIuYl_sRpZ4ZtX3rqqlaakx_uZiOuqpIMw52vyVu4Riexs1YR45d5B9Qxw0awX8gog6Z0vWVucd2gmVortjSiufXMR8Mgm9dJ4tzdyYv9owe2F0sSsoh03enOWpfInqJk8nf2M5h2g23Qytx7abMz76v5-tUaBSUWejIm30w1_0m2jadthrd2Smnw80BqtUel6fj7ZlfBVzOlRUuW6JZsBM2jQU3SIhBwzj4JRtfOniUWxO2RbqWvVzehj6aaetUS4RYq09huxjqJnYM7t40FyzsiOS7rppuwRadsvgFoQ28Vpf0eqsiURo2zhRR6wpXBoS7OsVofhgi_Bto2OaISF4FvhhfwkXYtdws0ZWZiSUZfJ2ccjcwJytaJjf5kSa3nMqpQm5IdFlo7vorcwBYVBnfgujW7yzv5vpw4Oiw_nXojcXeOw_mWtnyenmJOquc6h65Qo-lBcYpiatwUoIe8ZF_IuwZaea9QaI3-jrXI25lVBZi0sRO3OvB0uxiW16V23e0qhuuyc2BfX9Rol_j-1VZ4Y8J0vqbbZM-uXbV0dnsVxF7",
    "id_token": "eyJhbGciOiJSUzI1NiIsImtpZCI6IjA1MTUwYTEzMjBiOTM5NWIwNTcxNjg3NzM3NjkyODUwOWJhYjQ0YWMiLCJ0eXAiOiJKV1QifQ.eyJhdWQiOiIzMjU1NTk0MDU1OS5hcHBzLmdvb2dsZXVzZXJjb250ZW50LmNvbSIsImF6cCI6IjEwOTI2NjY0NjMzMjAxODA1MjEwMSIsImV4cCI6MTY4NzQ4MDI1OSwiaWF0IjoxNjg3NDc2NjU5LCJpc3MiOiJodHRwczovL2FjY291bnRzLmdvb2dsZS5jb20iLCJzdWIiOiIxMDkyNjY2NDYzMzIwMTgwNTIxMDEifQ.eLhCZelI7Zg9JDEaM-2nkXP7mm5_KGAtTovoZlxThrCg6jHEYy38hsajNrcOBREv6PPeD8vRjAKz7h1gialaINR8kei5DmjhgC9nNdCDlnxqTOOz5XPQwm5JFMeOLhuYKyTh-KciHLG2MwxV9lOenEX_i2gt4VhnJpj48Vkr-AIk4AEQBYeikHwDEPpXFIUjfu7X7Oq7Lm_BHUDmS_DAF8BwUiOfZEJc2lKSMIka7klW1Cdi-HFErfWYDRxKLR9v9BtbZyAmzkv3FeXuQYjNszCFi8LCDkxdpHCSbdtcXPBCabE71GLTJp2EZ2z9AuS6Jd_UzF_u24y2m9ndg7GjaA",
    "token_expiry": "2023-06-23T00:12:50Z"
  },
  "sentinels": {
    "config_sentinel": "/home/jupyter/.config/gcloud/config_sentinel"
  }
}
2023-06-22 23:30:59,063 INFO     ___FILE_ONLY___ 

2023-06-22 23:30:59,063 DEBUG    root            SDK update checks are disabled.
