2023-06-27 14:27:04,308 DEBUG    root            Loaded Command Group: ['gcloud', 'config']
2023-06-27 14:27:04,313 DEBUG    root            Loaded Command Group: ['gcloud', 'config', 'config_helper']
2023-06-27 14:27:04,318 DEBUG    root            Running [gcloud.config.config-helper] with arguments: [--format: "json"]
2023-06-27 14:27:04,328 DEBUG    google.auth.transport.requests Making request: GET http://192.168.10.5/computeMetadata/v1/instance/service-accounts/tsingh54@ford.com/?recursive=true
2023-06-27 14:27:04,332 DEBUG    urllib3.connectionpool Starting new HTTP connection (1): 192.168.10.5:80
2023-06-27 14:27:04,334 DEBUG    urllib3.connectionpool http://192.168.10.5:80 "GET /computeMetadata/v1/instance/service-accounts/tsingh54@ford.com/?recursive=true HTTP/1.1" 200 212
2023-06-27 14:27:04,335 DEBUG    google.auth.transport.requests Making request: GET http://192.168.10.5/computeMetadata/v1/instance/service-accounts/tsingh54@ford.com/token
2023-06-27 14:27:04,339 DEBUG    urllib3.connectionpool http://192.168.10.5:80 "GET /computeMetadata/v1/instance/service-accounts/tsingh54@ford.com/token HTTP/1.1" 200 281
2023-06-27 14:27:04,383 DEBUG    root            Chosen display Format:default json
2023-06-27 14:27:04,384 INFO     root            Display format: "default json"
2023-06-27 14:27:04,386 INFO     ___FILE_ONLY___ {
  "configuration": {
    "active_configuration": "default",
    "properties": {
      "billing": {
        "quota_project": "ford-edb67bd0ec6cd881dfcac61b"
      },
      "core": {
        "account": "tsingh54@ford.com",
        "disable_usage_reporting": "True",
        "project": "ford-edb67bd0ec6cd881dfcac61b"
      }
    }
  },
  "credential": {
    "access_token": "ya29.a0AWY7CknB5_ZxmwCCpJz-hLvX5ouzUnwVbRTkdRQYTs8WKED2WWeb2nw043_rrv9SNYWm32iwbML80gNh0zsL4CBuHM81__wsAZ78NvAWpmcwkJtdwqjZhBra9e4gxyWn3WoVgx3jceEM79lPUIeyi5Jb3aeG-m0y2wfuMaAaCgYKAeISARISFQG1tDrp2p31WHhWfzrBUcHhOy0xNA0174",
    "id_token": null,
    "token_expiry": "2023-06-27T15:25:59Z"
  },
  "sentinels": {
    "config_sentinel": "/home/jupyter/.config/gcloud/config_sentinel"
  }
}
2023-06-27 14:27:04,386 INFO     ___FILE_ONLY___ 

2023-06-27 14:27:04,386 DEBUG    root            SDK update checks are disabled.
