2023-06-27 15:14:27,973 DEBUG    root            Loaded Command Group: ['gcloud', 'config']
2023-06-27 15:14:27,976 DEBUG    root            Loaded Command Group: ['gcloud', 'config', 'config_helper']
2023-06-27 15:14:27,980 DEBUG    root            Running [gcloud.config.config-helper] with arguments: [--format: "json"]
2023-06-27 15:14:27,986 DEBUG    google.auth.transport.requests Making request: GET http://192.168.10.5/computeMetadata/v1/instance/service-accounts/tsingh54@ford.com/?recursive=true
2023-06-27 15:14:27,989 DEBUG    urllib3.connectionpool Starting new HTTP connection (1): 192.168.10.5:80
2023-06-27 15:14:27,990 DEBUG    urllib3.connectionpool http://192.168.10.5:80 "GET /computeMetadata/v1/instance/service-accounts/tsingh54@ford.com/?recursive=true HTTP/1.1" 200 212
2023-06-27 15:14:27,991 DEBUG    google.auth.transport.requests Making request: GET http://192.168.10.5/computeMetadata/v1/instance/service-accounts/tsingh54@ford.com/token
2023-06-27 15:14:27,993 DEBUG    urllib3.connectionpool http://192.168.10.5:80 "GET /computeMetadata/v1/instance/service-accounts/tsingh54@ford.com/token HTTP/1.1" 200 281
2023-06-27 15:14:28,028 DEBUG    root            Chosen display Format:default json
2023-06-27 15:14:28,029 INFO     root            Display format: "default json"
2023-06-27 15:14:28,030 INFO     ___FILE_ONLY___ {
  "configuration": {
    "active_configuration": "default",
    "properties": {
      "billing": {
        "quota_project": "ford-edb67bd0ec6cd881dfcac61b"
      },
      "core": {
        "account": "tsingh54@ford.com",
        "disable_usage_reporting": "True",
        "project": "ford-edb67bd0ec6cd881dfcac61b"
      }
    }
  },
  "credential": {
    "access_token": "ya29.a0AWY7CkmaEOnXzzOlFR0YppKqUWlXLTn79qRf2oYx6yydmqKyKsPaxCeb76AfcUociaYDiuPAGpU1OQFMqfyygUSf2o_0JiiIib-ZPIPK9cmQAZrltM1RDMCZJSvK9Kj1cE2ZhkmDx0e0Gwsct8KYZ19ZvpDhdw5CMFDADA8aCgYKAYISARISFQG1tDrpDg5hpZvdwoEF3t9edvYPxg0174",
    "id_token": null,
    "token_expiry": "2023-06-27T15:56:11Z"
  },
  "sentinels": {
    "config_sentinel": "/home/jupyter/.config/gcloud/config_sentinel"
  }
}
2023-06-27 15:14:28,030 INFO     ___FILE_ONLY___ 

2023-06-27 15:14:28,030 DEBUG    root            SDK update checks are disabled.
