2023-06-27 15:47:27,925 DEBUG    root            Loaded Command Group: ['gcloud', 'config']
2023-06-27 15:47:27,928 DEBUG    root            Loaded Command Group: ['gcloud', 'config', 'config_helper']
2023-06-27 15:47:27,931 DEBUG    root            Running [gcloud.config.config-helper] with arguments: [--format: "json"]
2023-06-27 15:47:27,937 DEBUG    google.auth.transport.requests Making request: GET http://192.168.10.5/computeMetadata/v1/instance/service-accounts/tsingh54@ford.com/?recursive=true
2023-06-27 15:47:27,939 DEBUG    urllib3.connectionpool Starting new HTTP connection (1): 192.168.10.5:80
2023-06-27 15:47:27,941 DEBUG    urllib3.connectionpool http://192.168.10.5:80 "GET /computeMetadata/v1/instance/service-accounts/tsingh54@ford.com/?recursive=true HTTP/1.1" 200 212
2023-06-27 15:47:27,941 DEBUG    google.auth.transport.requests Making request: GET http://192.168.10.5/computeMetadata/v1/instance/service-accounts/tsingh54@ford.com/token
2023-06-27 15:47:27,944 DEBUG    urllib3.connectionpool http://192.168.10.5:80 "GET /computeMetadata/v1/instance/service-accounts/tsingh54@ford.com/token HTTP/1.1" 200 281
2023-06-27 15:47:27,977 DEBUG    root            Chosen display Format:default json
2023-06-27 15:47:27,977 INFO     root            Display format: "default json"
2023-06-27 15:47:27,978 INFO     ___FILE_ONLY___ {
  "configuration": {
    "active_configuration": "default",
    "properties": {
      "billing": {
        "quota_project": "ford-edb67bd0ec6cd881dfcac61b"
      },
      "core": {
        "account": "tsingh54@ford.com",
        "disable_usage_reporting": "True",
        "project": "ford-edb67bd0ec6cd881dfcac61b"
      }
    }
  },
  "credential": {
    "access_token": "ya29.a0AWY7CkkPEjMH-IVlrB8VpV3D8krI7EiQbVZdNTvN5udp0r_kLf1t68sfkCR5v-n8V-0scy_a8ebCWs8EZ5Ln6RBAXujDTsld8a-Yh8nqFW_oTAswU5hczYLkNxpKOU_kwflNOfxTYidxi5bo3Sz7oakjbnZ-i0qQ6-6gkU4aCgYKAfwSARISFQG1tDrplxAZWxCBAaTwh2R7kznbwg0174",
    "id_token": null,
    "token_expiry": "2023-06-27T16:26:26Z"
  },
  "sentinels": {
    "config_sentinel": "/home/jupyter/.config/gcloud/config_sentinel"
  }
}
2023-06-27 15:47:27,978 INFO     ___FILE_ONLY___ 

2023-06-27 15:47:27,979 DEBUG    root            SDK update checks are disabled.
