2023-06-27 16:18:23,734 DEBUG    root            Loaded Command Group: ['gcloud', 'config']
2023-06-27 16:18:23,737 DEBUG    root            Loaded Command Group: ['gcloud', 'config', 'config_helper']
2023-06-27 16:18:23,740 DEBUG    root            Running [gcloud.config.config-helper] with arguments: [--format: "json"]
2023-06-27 16:18:23,747 DEBUG    google.auth.transport.requests Making request: GET http://192.168.10.5/computeMetadata/v1/instance/service-accounts/tsingh54@ford.com/?recursive=true
2023-06-27 16:18:23,749 DEBUG    urllib3.connectionpool Starting new HTTP connection (1): 192.168.10.5:80
2023-06-27 16:18:23,750 DEBUG    urllib3.connectionpool http://192.168.10.5:80 "GET /computeMetadata/v1/instance/service-accounts/tsingh54@ford.com/?recursive=true HTTP/1.1" 200 212
2023-06-27 16:18:23,751 DEBUG    google.auth.transport.requests Making request: GET http://192.168.10.5/computeMetadata/v1/instance/service-accounts/tsingh54@ford.com/token
2023-06-27 16:18:23,754 DEBUG    urllib3.connectionpool http://192.168.10.5:80 "GET /computeMetadata/v1/instance/service-accounts/tsingh54@ford.com/token HTTP/1.1" 200 281
2023-06-27 16:18:23,789 DEBUG    root            Chosen display Format:default json
2023-06-27 16:18:23,789 INFO     root            Display format: "default json"
2023-06-27 16:18:23,790 INFO     ___FILE_ONLY___ {
  "configuration": {
    "active_configuration": "default",
    "properties": {
      "billing": {
        "quota_project": "ford-edb67bd0ec6cd881dfcac61b"
      },
      "core": {
        "account": "tsingh54@ford.com",
        "disable_usage_reporting": "True",
        "project": "ford-edb67bd0ec6cd881dfcac61b"
      }
    }
  },
  "credential": {
    "access_token": "ya29.a0AWY7CkmNBY2QzgED2W74kYx7BlLbda3YqRW46npjtflQ_lqqNS_6WJYpCHkvdzJgE9kQSSUzaFUYtztwGaX6-u7DUEO5k7QCjWyxSr4snANMPYm1TjOMISYtB75AJVOkmTqqyuyLyE2SvgX9P5cBJbzpgF_YkdxPh8N6p5caCgYKAXoSARISFQG1tDrpCfUem-kPkfkmIPnMGEyLtg0174",
    "id_token": null,
    "token_expiry": "2023-06-27T16:56:41Z"
  },
  "sentinels": {
    "config_sentinel": "/home/jupyter/.config/gcloud/config_sentinel"
  }
}
2023-06-27 16:18:23,790 INFO     ___FILE_ONLY___ 

2023-06-27 16:18:23,791 DEBUG    root            SDK update checks are disabled.
