2023-06-27 16:35:28,333 DEBUG    root            Loaded Command Group: ['gcloud', 'config']
2023-06-27 16:35:28,336 DEBUG    root            Loaded Command Group: ['gcloud', 'config', 'config_helper']
2023-06-27 16:35:28,338 DEBUG    root            Running [gcloud.config.config-helper] with arguments: [--format: "json"]
2023-06-27 16:35:28,344 DEBUG    google.auth.transport.requests Making request: GET http://192.168.10.5/computeMetadata/v1/instance/service-accounts/tsingh54@ford.com/?recursive=true
2023-06-27 16:35:28,347 DEBUG    urllib3.connectionpool Starting new HTTP connection (1): 192.168.10.5:80
2023-06-27 16:35:28,348 DEBUG    urllib3.connectionpool http://192.168.10.5:80 "GET /computeMetadata/v1/instance/service-accounts/tsingh54@ford.com/?recursive=true HTTP/1.1" 200 212
2023-06-27 16:35:28,349 DEBUG    google.auth.transport.requests Making request: GET http://192.168.10.5/computeMetadata/v1/instance/service-accounts/tsingh54@ford.com/token
2023-06-27 16:35:28,351 DEBUG    urllib3.connectionpool http://192.168.10.5:80 "GET /computeMetadata/v1/instance/service-accounts/tsingh54@ford.com/token HTTP/1.1" 200 281
2023-06-27 16:35:28,377 DEBUG    urllib3.connectionpool Starting new HTTPS connection (1): www.gstatic.com:443
2023-06-27 16:35:28,396 DEBUG    urllib3.connectionpool https://www.gstatic.com:443 "GET /cloudsdk/feature_flag_config_file.yaml HTTP/1.1" 200 101
2023-06-27 16:35:28,405 DEBUG    root            Chosen display Format:default json
2023-06-27 16:35:28,406 INFO     root            Display format: "default json"
2023-06-27 16:35:28,407 INFO     ___FILE_ONLY___ {
  "configuration": {
    "active_configuration": "default",
    "properties": {
      "billing": {
        "quota_project": "ford-edb67bd0ec6cd881dfcac61b"
      },
      "core": {
        "account": "tsingh54@ford.com",
        "disable_usage_reporting": "True",
        "project": "ford-edb67bd0ec6cd881dfcac61b"
      }
    }
  },
  "credential": {
    "access_token": "ya29.a0AWY7CkkoOCkzI6JQQ4CYUzHtrpSVykEsXgeW1BBQ1gIjFVOwb0pCFDnJiORHi6pMZx1DKLuJzTWh5IuWmUX4KSnC5-a5w8AS4P4sqy0ofa-RUBoTzS19uxUr4lLS2wFkEjXB3YzzJMezCNqX3oMRrkoO736VW1AgOyEOEu8aCgYKAcYSARISFQG1tDrpIILiDcurYLSzNK_3bFNffg0174",
    "id_token": null,
    "token_expiry": "2023-06-27T17:26:53Z"
  },
  "sentinels": {
    "config_sentinel": "/home/jupyter/.config/gcloud/config_sentinel"
  }
}
2023-06-27 16:35:28,407 INFO     ___FILE_ONLY___ 

2023-06-27 16:35:28,407 DEBUG    root            SDK update checks are disabled.
