2023-06-27 17:05:57,921 DEBUG    root            Loaded Command Group: ['gcloud', 'config']
2023-06-27 17:05:57,924 DEBUG    root            Loaded Command Group: ['gcloud', 'config', 'config_helper']
2023-06-27 17:05:57,927 DEBUG    root            Running [gcloud.config.config-helper] with arguments: [--format: "json"]
2023-06-27 17:05:57,933 DEBUG    google.auth.transport.requests Making request: GET http://192.168.10.5/computeMetadata/v1/instance/service-accounts/tsingh54@ford.com/?recursive=true
2023-06-27 17:05:57,935 DEBUG    urllib3.connectionpool Starting new HTTP connection (1): 192.168.10.5:80
2023-06-27 17:05:57,936 DEBUG    urllib3.connectionpool http://192.168.10.5:80 "GET /computeMetadata/v1/instance/service-accounts/tsingh54@ford.com/?recursive=true HTTP/1.1" 200 212
2023-06-27 17:05:57,937 DEBUG    google.auth.transport.requests Making request: GET http://192.168.10.5/computeMetadata/v1/instance/service-accounts/tsingh54@ford.com/token
2023-06-27 17:05:57,940 DEBUG    urllib3.connectionpool http://192.168.10.5:80 "GET /computeMetadata/v1/instance/service-accounts/tsingh54@ford.com/token HTTP/1.1" 200 281
2023-06-27 17:05:57,969 DEBUG    urllib3.connectionpool Starting new HTTPS connection (1): www.gstatic.com:443
2023-06-27 17:05:57,987 DEBUG    urllib3.connectionpool https://www.gstatic.com:443 "GET /cloudsdk/feature_flag_config_file.yaml HTTP/1.1" 200 101
2023-06-27 17:05:57,995 DEBUG    root            Chosen display Format:default json
2023-06-27 17:05:57,996 INFO     root            Display format: "default json"
2023-06-27 17:05:57,997 INFO     ___FILE_ONLY___ {
  "configuration": {
    "active_configuration": "default",
    "properties": {
      "billing": {
        "quota_project": "ford-edb67bd0ec6cd881dfcac61b"
      },
      "core": {
        "account": "tsingh54@ford.com",
        "disable_usage_reporting": "True",
        "project": "ford-edb67bd0ec6cd881dfcac61b"
      }
    }
  },
  "credential": {
    "access_token": "ya29.a0AWY7CklCP_Y6TTFV1b7kNIdgS220PtleSb24zAcZcYmgEdm7WPBeJlf-VRyjxFkOg3xI4qF6Qsw8qMMK0xvcWAAuaGfyXWj4-9S56sw_LrXokk1DYDOanC73ubdZFuehjMC5kXvKCGW_xBcUYx03q2Ywojaf1tXPFUnISsAaCgYKASISARISFQG1tDrpRHSI_9EmBNRRWftSuQmOSQ0174",
    "id_token": null,
    "token_expiry": "2023-06-27T17:57:05Z"
  },
  "sentinels": {
    "config_sentinel": "/home/jupyter/.config/gcloud/config_sentinel"
  }
}
2023-06-27 17:05:57,997 INFO     ___FILE_ONLY___ 

2023-06-27 17:05:57,997 DEBUG    root            SDK update checks are disabled.
