2023-06-08 17:43:17,554 DEBUG    root            Loaded Command Group: ['gcloud', 'config']
2023-06-08 17:43:17,558 DEBUG    root            Loaded Command Group: ['gcloud', 'config', 'config_helper']
2023-06-08 17:43:17,561 DEBUG    root            Running [gcloud.config.config-helper] with arguments: [--format: "json"]
2023-06-08 17:43:17,567 DEBUG    google.auth.transport.requests Making request: GET http://192.168.10.5/computeMetadata/v1/instance/service-accounts/tsingh54@ford.com/?recursive=true
2023-06-08 17:43:17,570 DEBUG    urllib3.connectionpool Starting new HTTP connection (1): 192.168.10.5:80
2023-06-08 17:43:17,571 DEBUG    urllib3.connectionpool http://192.168.10.5:80 "GET /computeMetadata/v1/instance/service-accounts/tsingh54@ford.com/?recursive=true HTTP/1.1" 200 212
2023-06-08 17:43:17,572 DEBUG    google.auth.transport.requests Making request: GET http://192.168.10.5/computeMetadata/v1/instance/service-accounts/tsingh54@ford.com/token
2023-06-08 17:43:17,575 DEBUG    urllib3.connectionpool http://192.168.10.5:80 "GET /computeMetadata/v1/instance/service-accounts/tsingh54@ford.com/token HTTP/1.1" 200 68
2023-06-08 17:43:17,606 DEBUG    root            Chosen display Format:default json
2023-06-08 17:43:17,607 INFO     root            Display format: "default json"
2023-06-08 17:43:17,607 INFO     ___FILE_ONLY___ {
  "configuration": {
    "active_configuration": "default",
    "properties": {
      "core": {
        "account": "tsingh54@ford.com",
        "disable_usage_reporting": "True",
        "project": "ford-edb67bd0ec6cd881dfcac61b"
      }
    }
  },
  "credential": {
    "access_token": "trash...",
    "id_token": null,
    "token_expiry": "2023-06-08T18:37:24Z"
  },
  "sentinels": {
    "config_sentinel": "/home/jupyter/.config/gcloud/config_sentinel"
  }
}
2023-06-08 17:43:17,607 INFO     ___FILE_ONLY___ 

2023-06-08 17:43:17,608 DEBUG    root            SDK update checks are disabled.
