2023-06-08 17:40:28,322 DEBUG    root            Loaded Command Group: ['gcloud', 'config']
2023-06-08 17:40:28,325 DEBUG    root            Loaded Command Group: ['gcloud', 'config', 'config_helper']
2023-06-08 17:40:28,327 DEBUG    root            Running [gcloud.config.config-helper] with arguments: [--format: "json"]
2023-06-08 17:40:28,333 DEBUG    google.auth.transport.requests Making request: GET http://192.168.10.5/computeMetadata/v1/instance/service-accounts/tsingh54@ford.com/?recursive=true
2023-06-08 17:40:28,336 DEBUG    urllib3.connectionpool Starting new HTTP connection (1): 192.168.10.5:80
2023-06-08 17:40:28,337 DEBUG    urllib3.connectionpool http://192.168.10.5:80 "GET /computeMetadata/v1/instance/service-accounts/tsingh54@ford.com/?recursive=true HTTP/1.1" 200 212
2023-06-08 17:40:28,338 DEBUG    google.auth.transport.requests Making request: GET http://192.168.10.5/computeMetadata/v1/instance/service-accounts/tsingh54@ford.com/token
2023-06-08 17:40:28,340 DEBUG    urllib3.connectionpool http://192.168.10.5:80 "GET /computeMetadata/v1/instance/service-accounts/tsingh54@ford.com/token HTTP/1.1" 200 68
2023-06-08 17:40:28,550 DEBUG    urllib3.connectionpool Starting new HTTPS connection (1): www.gstatic.com:443
2023-06-08 17:40:28,673 DEBUG    urllib3.connectionpool https://www.gstatic.com:443 "GET /cloudsdk/feature_flag_config_file.yaml HTTP/1.1" 200 101
2023-06-08 17:40:28,683 DEBUG    root            Chosen display Format:default json
2023-06-08 17:40:28,684 INFO     root            Display format: "default json"
2023-06-08 17:40:28,684 INFO     ___FILE_ONLY___ {
  "configuration": {
    "active_configuration": "default",
    "properties": {
      "core": {
        "account": "tsingh54@ford.com",
        "disable_usage_reporting": "True",
        "project": "ford-edb67bd0ec6cd881dfcac61b"
      }
    }
  },
  "credential": {
    "access_token": "trash...",
    "id_token": null,
    "token_expiry": "2023-06-08T18:37:24Z"
  },
  "sentinels": {
    "config_sentinel": "/home/jupyter/.config/gcloud/config_sentinel"
  }
}
2023-06-08 17:40:28,684 INFO     ___FILE_ONLY___ 

2023-06-08 17:40:28,685 DEBUG    root            SDK update checks are disabled.
