2023-06-08 17:42:17,525 DEBUG    root            Loaded Command Group: ['gcloud', 'config']
2023-06-08 17:42:17,528 DEBUG    root            Loaded Command Group: ['gcloud', 'config', 'config_helper']
2023-06-08 17:42:17,531 DEBUG    root            Running [gcloud.config.config-helper] with arguments: [--format: "json"]
2023-06-08 17:42:17,537 DEBUG    google.auth.transport.requests Making request: GET http://192.168.10.5/computeMetadata/v1/instance/service-accounts/tsingh54@ford.com/?recursive=true
2023-06-08 17:42:17,539 DEBUG    urllib3.connectionpool Starting new HTTP connection (1): 192.168.10.5:80
2023-06-08 17:42:17,541 DEBUG    urllib3.connectionpool http://192.168.10.5:80 "GET /computeMetadata/v1/instance/service-accounts/tsingh54@ford.com/?recursive=true HTTP/1.1" 200 212
2023-06-08 17:42:17,541 DEBUG    google.auth.transport.requests Making request: GET http://192.168.10.5/computeMetadata/v1/instance/service-accounts/tsingh54@ford.com/token
2023-06-08 17:42:17,544 DEBUG    urllib3.connectionpool http://192.168.10.5:80 "GET /computeMetadata/v1/instance/service-accounts/tsingh54@ford.com/token HTTP/1.1" 200 68
2023-06-08 17:42:17,574 DEBUG    root            Chosen display Format:default json
2023-06-08 17:42:17,574 INFO     root            Display format: "default json"
2023-06-08 17:42:17,575 INFO     ___FILE_ONLY___ {
  "configuration": {
    "active_configuration": "default",
    "properties": {
      "core": {
        "account": "tsingh54@ford.com",
        "disable_usage_reporting": "True",
        "project": "ford-edb67bd0ec6cd881dfcac61b"
      }
    }
  },
  "credential": {
    "access_token": "trash...",
    "id_token": null,
    "token_expiry": "2023-06-08T18:37:24Z"
  },
  "sentinels": {
    "config_sentinel": "/home/jupyter/.config/gcloud/config_sentinel"
  }
}
2023-06-08 17:42:17,575 INFO     ___FILE_ONLY___ 

2023-06-08 17:42:17,576 DEBUG    root            SDK update checks are disabled.
