2023-06-08 18:07:28,392 DEBUG    root            Loaded Command Group: ['gcloud', 'config']
2023-06-08 18:07:28,395 DEBUG    root            Loaded Command Group: ['gcloud', 'config', 'config_helper']
2023-06-08 18:07:28,398 DEBUG    root            Running [gcloud.config.config-helper] with arguments: [--format: "json"]
2023-06-08 18:07:28,407 DEBUG    google.auth.transport.requests Making request: GET http://metadata.google.internal/computeMetadata/v1/instance/service-accounts/notebooks-tp-sa@iaf194987454cb170-tp.iam.gserviceaccount.com/?recursive=true
2023-06-08 18:07:28,409 DEBUG    urllib3.connectionpool Starting new HTTP connection (1): metadata.google.internal:80
2023-06-08 18:07:28,412 DEBUG    urllib3.connectionpool http://metadata.google.internal:80 "GET /computeMetadata/v1/instance/service-accounts/notebooks-tp-sa@iaf194987454cb170-tp.iam.gserviceaccount.com/?recursive=true HTTP/1.1" 200 148
2023-06-08 18:07:28,413 DEBUG    google.auth.transport.requests Making request: GET http://metadata.google.internal/computeMetadata/v1/instance/service-accounts/notebooks-tp-sa@iaf194987454cb170-tp.iam.gserviceaccount.com/token
2023-06-08 18:07:28,416 DEBUG    urllib3.connectionpool http://metadata.google.internal:80 "GET /computeMetadata/v1/instance/service-accounts/notebooks-tp-sa@iaf194987454cb170-tp.iam.gserviceaccount.com/token HTTP/1.1" 200 870
2023-06-08 18:07:28,440 DEBUG    root            Chosen display Format:default json
2023-06-08 18:07:28,441 INFO     root            Display format: "default json"
2023-06-08 18:07:28,441 INFO     ___FILE_ONLY___ {
  "configuration": {
    "active_configuration": "default",
    "properties": {
      "billing": {
        "quota_project": "ford-edb67bd0ec6cd881dfcac61b"
      },
      "core": {
        "account": "notebooks-tp-sa@iaf194987454cb170-tp.iam.gserviceaccount.com",
        "disable_usage_reporting": "True",
        "project": "ford-edb67bd0ec6cd881dfcac61b"
      }
    }
  },
  "credential": {
    "access_token": "ya29.c.b0Aaekm1Ln8kRkeTGFNsuO2HcNbtoleoFJAFFw1SKqb3c_9iSSY42LIZDG8DENaGu9NOP4l9ZtiNoI8j1Xk6p-ki07V45YSXmlk4DZKGfVH2TLZfOtdS9qs7SP70NVxhyNUFbsodhpMbsYnpucBjXhQGD_Xs8nFCTd0-cEL7AUN4Dq3plc2U3ceWA6EXPddbPFglxvzYIpMbtzqxM88w1C2FT-zjih5wxYBSSMt9k8wIBxkW1p-echXLg2KWxPSdo6cbaDMBqgYuE0oEWZ2objbdDnvCuIEeyMbUD9i2rKPPRYPA8j6j6dDDqYLM9h_gi8nIzDJpRuiEwJIW5IyAH347DYtwYvxB8oaIxlwcmq3ewl_4sasf8i_MbharqSVtmJbOMZ97-pxh-jl1-VYWmnQOx-8Yx44BQb6V898_R3f0ozBxrrUQo5Wqlr8Y9gOjfcuhsy2y6W5pgmBW0SvFFIQjijvhoOcUfm9uYjcUrbw2kfzcOdBwRvn20g7Oc2lq6FwBJlmmk-WW-4lWOhQVXF0p0Xl3IMxp09p_vhVgSwhY8zpxFy4hnVv41zqoFhjw_3pkUV6703f7Y1iaxO5XXRnW_4gXbsuI_B9uOrUwgk2hyMgwhptQ1fW8QOakajB37-4UZii2ilbil4lVfO98-rBQRu2zhducObYj-Zb7swx2B5I-IRqVV-B7dvtkrr6k98O_5_e4VqUImvQVMQpJzwsgg-RnzzveOhoXYIe-pJd5ajwyX6RewslpoIt2dUmycYIjFaceJvrfXy0ShyM2Y1zuMbhqs5xIqQqvi-gvFBZlry45Y-B_Zkx-7hnscRW99d0eq25k5tRecZtBgrcXjXWgIW_FVbB6Stth9ly6MhRaIuy0q3vfc9cIJFtfefQz7q-mZ6RmzsUlMnScyjfJ71bSm9rnRVMaXQmsawuF9MhqJofxRIZxlft80Zv2J2xV5FMs7z6ubF8qnkQQjQhBzJBkq_4lgF6ii4jxV5onWM8Rp17gFsaWZ2Wcg",
    "id_token": "eyJhbGciOiJSUzI1NiIsImtpZCI6Ijg1YmE5MzEzZmQ3YTdkNGFmYTg0ODg0YWJjYzg0MDMwMDQzNjMxODAiLCJ0eXAiOiJKV1QifQ.eyJhdWQiOiIzMjU1NTk0MDU1OS5hcHBzLmdvb2dsZXVzZXJjb250ZW50LmNvbSIsImF6cCI6IjEwOTI2NjY0NjMzMjAxODA1MjEwMSIsImV4cCI6MTY4NjI1MTI0OCwiaWF0IjoxNjg2MjQ3NjQ4LCJpc3MiOiJodHRwczovL2FjY291bnRzLmdvb2dsZS5jb20iLCJzdWIiOiIxMDkyNjY2NDYzMzIwMTgwNTIxMDEifQ.Txdr0jcRDvPlEf4Gq8mJyPcDBjK46uR8oa0pRikuiK0uqjkTwx6Ic8UgNLiWDvrrFVB6gVq_a8SUlKOJgPuSKempaahU7V6SlGeBB05Ln9Hb2k6YjoloI0NIUTl9HPUORr9fxko4p0msSnb6tZ5ZS8GorQcPhIEjZuGtBhNDRC2_71ExreDRawtU7mT3oWqe_lZJvJNYkqx7gccTxlCDb73qaPMdlezf3-elUh3j8LgpnXXznByVsBfdG61NlFt_r19EiN0ntlQGGHdu91TMUZQg2X650xEXo4pRICDvm-G4YFi0d-j3K0fmrg_G3SFMk1s8LcJUiPrGkR2R4NHFCg",
    "token_expiry": "2023-06-08T19:06:14Z"
  },
  "sentinels": {
    "config_sentinel": "/home/jupyter/.config/gcloud/config_sentinel"
  }
}
2023-06-08 18:07:28,441 INFO     ___FILE_ONLY___ 

2023-06-08 18:07:28,442 DEBUG    root            SDK update checks are disabled.
