2023-06-08 18:40:37,949 DEBUG    root            Loaded Command Group: ['gcloud', 'config']
2023-06-08 18:40:37,952 DEBUG    root            Loaded Command Group: ['gcloud', 'config', 'config_helper']
2023-06-08 18:40:37,955 DEBUG    root            Running [gcloud.config.config-helper] with arguments: [--format: "json"]
2023-06-08 18:40:37,962 DEBUG    google.auth.transport.requests Making request: GET http://192.168.10.5/computeMetadata/v1/instance/service-accounts/tsingh54@ford.com/?recursive=true
2023-06-08 18:40:37,964 DEBUG    urllib3.connectionpool Starting new HTTP connection (1): 192.168.10.5:80
2023-06-08 18:40:37,966 DEBUG    urllib3.connectionpool http://192.168.10.5:80 "GET /computeMetadata/v1/instance/service-accounts/tsingh54@ford.com/?recursive=true HTTP/1.1" 200 212
2023-06-08 18:40:37,967 DEBUG    google.auth.transport.requests Making request: GET http://192.168.10.5/computeMetadata/v1/instance/service-accounts/tsingh54@ford.com/token
2023-06-08 18:40:37,969 DEBUG    urllib3.connectionpool http://192.168.10.5:80 "GET /computeMetadata/v1/instance/service-accounts/tsingh54@ford.com/token HTTP/1.1" 200 281
2023-06-08 18:40:37,998 DEBUG    urllib3.connectionpool Starting new HTTPS connection (1): www.gstatic.com:443
2023-06-08 18:40:38,015 DEBUG    urllib3.connectionpool https://www.gstatic.com:443 "GET /cloudsdk/feature_flag_config_file.yaml HTTP/1.1" 200 101
2023-06-08 18:40:38,025 DEBUG    root            Chosen display Format:default json
2023-06-08 18:40:38,025 INFO     root            Display format: "default json"
2023-06-08 18:40:38,026 INFO     ___FILE_ONLY___ {
  "configuration": {
    "active_configuration": "default",
    "properties": {
      "billing": {
        "quota_project": "ford-edb67bd0ec6cd881dfcac61b"
      },
      "core": {
        "account": "tsingh54@ford.com",
        "disable_usage_reporting": "True",
        "project": "ford-edb67bd0ec6cd881dfcac61b"
      }
    }
  },
  "credential": {
    "access_token": "ya29.a0AWY7Ckm66jazTxlzlCG_Cjv3WhqyGXUV8yY_clFxQU-v7yhbD5YoEhoRdmFwLFqfutePuk1NxkFjLZEjwr4ijw0cp_mIfqXZI4eCXXB_Npzc_-5da9tqKXERzbc5iY0x5iuYmXAsdb9qoiQy-MYZy3igznf5ZHTwwH2O620aCgYKAeYSARISFQG1tDrpyWbCaHsxwNUY3ZQ9y_4j7Q0174",
    "id_token": null,
    "token_expiry": "2023-06-08T19:37:39Z"
  },
  "sentinels": {
    "config_sentinel": "/home/jupyter/.config/gcloud/config_sentinel"
  }
}
2023-06-08 18:40:38,026 INFO     ___FILE_ONLY___ 

2023-06-08 18:40:38,026 DEBUG    root            SDK update checks are disabled.
