2023-06-08 19:10:39,679 DEBUG    root            Loaded Command Group: ['gcloud', 'config']
2023-06-08 19:10:39,682 DEBUG    root            Loaded Command Group: ['gcloud', 'config', 'config_helper']
2023-06-08 19:10:39,685 DEBUG    root            Running [gcloud.config.config-helper] with arguments: [--format: "json"]
2023-06-08 19:10:39,692 DEBUG    google.auth.transport.requests Making request: GET http://192.168.10.5/computeMetadata/v1/instance/service-accounts/tsingh54@ford.com/?recursive=true
2023-06-08 19:10:39,695 DEBUG    urllib3.connectionpool Starting new HTTP connection (1): 192.168.10.5:80
2023-06-08 19:10:39,696 DEBUG    urllib3.connectionpool http://192.168.10.5:80 "GET /computeMetadata/v1/instance/service-accounts/tsingh54@ford.com/?recursive=true HTTP/1.1" 200 212
2023-06-08 19:10:39,697 DEBUG    google.auth.transport.requests Making request: GET http://192.168.10.5/computeMetadata/v1/instance/service-accounts/tsingh54@ford.com/token
2023-06-08 19:10:39,700 DEBUG    urllib3.connectionpool http://192.168.10.5:80 "GET /computeMetadata/v1/instance/service-accounts/tsingh54@ford.com/token HTTP/1.1" 200 281
2023-06-08 19:10:39,730 DEBUG    urllib3.connectionpool Starting new HTTPS connection (1): www.gstatic.com:443
2023-06-08 19:10:39,749 DEBUG    urllib3.connectionpool https://www.gstatic.com:443 "GET /cloudsdk/feature_flag_config_file.yaml HTTP/1.1" 200 101
2023-06-08 19:10:39,758 DEBUG    root            Chosen display Format:default json
2023-06-08 19:10:39,758 INFO     root            Display format: "default json"
2023-06-08 19:10:39,759 INFO     ___FILE_ONLY___ {
  "configuration": {
    "active_configuration": "default",
    "properties": {
      "billing": {
        "quota_project": "ford-edb67bd0ec6cd881dfcac61b"
      },
      "core": {
        "account": "tsingh54@ford.com",
        "disable_usage_reporting": "True",
        "project": "ford-edb67bd0ec6cd881dfcac61b"
      }
    }
  },
  "credential": {
    "access_token": "ya29.a0AWY7CklNqo3hd4-SHTZWxbhG61hpxeOP29_86rQJMamZVtxz_9y8h2lHoWf-nAgnZaJM-VxMUXjguw7PGHtqPgnWGB-3aFePCU7ewV7IU0WyzOB9NuCUfqdl_vnYmif5uqHQmJd_1mhk4kgSYQlKxSRUUJ8tdo9okJ-DAacaCgYKAeASARISFQG1tDrpW21wgSGZQ7LOEhinrIhjjQ0174",
    "id_token": null,
    "token_expiry": "2023-06-08T20:07:46Z"
  },
  "sentinels": {
    "config_sentinel": "/home/jupyter/.config/gcloud/config_sentinel"
  }
}
2023-06-08 19:10:39,759 INFO     ___FILE_ONLY___ 

2023-06-08 19:10:39,760 DEBUG    root            SDK update checks are disabled.
