2023-06-08 19:37:50,768 DEBUG    root            Loaded Command Group: ['gcloud', 'config']
2023-06-08 19:37:50,771 DEBUG    root            Loaded Command Group: ['gcloud', 'config', 'config_helper']
2023-06-08 19:37:50,774 DEBUG    root            Running [gcloud.config.config-helper] with arguments: [--format: "json"]
2023-06-08 19:37:50,782 DEBUG    google.auth.transport.requests Making request: GET http://metadata.google.internal/computeMetadata/v1/instance/service-accounts/notebooks-tp-sa@iaf194987454cb170-tp.iam.gserviceaccount.com/?recursive=true
2023-06-08 19:37:50,784 DEBUG    urllib3.connectionpool Starting new HTTP connection (1): metadata.google.internal:80
2023-06-08 19:37:50,787 DEBUG    urllib3.connectionpool http://metadata.google.internal:80 "GET /computeMetadata/v1/instance/service-accounts/notebooks-tp-sa@iaf194987454cb170-tp.iam.gserviceaccount.com/?recursive=true HTTP/1.1" 200 148
2023-06-08 19:37:50,788 DEBUG    google.auth.transport.requests Making request: GET http://metadata.google.internal/computeMetadata/v1/instance/service-accounts/notebooks-tp-sa@iaf194987454cb170-tp.iam.gserviceaccount.com/token
2023-06-08 19:37:50,791 DEBUG    urllib3.connectionpool http://metadata.google.internal:80 "GET /computeMetadata/v1/instance/service-accounts/notebooks-tp-sa@iaf194987454cb170-tp.iam.gserviceaccount.com/token HTTP/1.1" 200 869
2023-06-08 19:37:50,814 DEBUG    root            Chosen display Format:default json
2023-06-08 19:37:50,815 INFO     root            Display format: "default json"
2023-06-08 19:37:50,816 INFO     ___FILE_ONLY___ {
  "configuration": {
    "active_configuration": "default",
    "properties": {
      "billing": {
        "quota_project": "ford-edb67bd0ec6cd881dfcac61b"
      },
      "core": {
        "account": "notebooks-tp-sa@iaf194987454cb170-tp.iam.gserviceaccount.com",
        "disable_usage_reporting": "True",
        "project": "ford-edb67bd0ec6cd881dfcac61b"
      }
    }
  },
  "credential": {
    "access_token": "ya29.c.b0Aaekm1JcTzbYCbHYTb66e7m1ExHk7ZDPjYntLADJZfEMIQKmLsCmmxPwQ8pc7uduzE-d8-fhVA9SMbwfTL8iDFbLLMglV_qI2_a-OnYYOSbfdpWBwkpz_SPLPaZZ8y0fb5RAHyNKAW5JEgURfRZ4-T59cXpw_xw5pffEycnDwsUFQBEiYtTDdwFJeBz3aPXc1JP9AzNFvFmiWllGzEwKGC0UdTPd9VYIXbGZOk4aAUTaZiQJpk3nphIu6nMd4AiEJGa_Rfv9xky9lT1euZzEvAMtBfRAT7b_E_7Uji3zyUPXf_4hgtIpYVgy58krveKUDumuog744_sMas9pG345Deffrkx-QVkxSlyl_RhjQrUhW8OeFJueSwr9nSoIzF_y3nRxdbsM33sO90qFVvflbqvuw7h0iw8OsBlXvRjJfXxnpl6BSuy_wopMZf08m3c1wM0oYpawbdqucnV-_97erZW64-ir_yvMR--9eX9nufruBaI18d904-ss6x9_deyf1iWcdUlSzXYnynIVX6Ynta8xd8ZOOo_U2MUo4fy_xocVI7fySpMottd0qlX0evelnu3fYgi888-3cWScQOWk_62Xp005nR2YYR4iu-k653r7VQ-F5agWSFofvdegrrM0h3-j8bvpMdY6qbMt7sjS787kJz3wteUap8o912i7XIO7nvsemi9fabR_8ahaOWfFOpfZO9d0ZVVcFOzbuupdziJ6QlgpnIjSgeZcFo6zV8dOFFpdzX_z4r2I2BVJt7tMSaoVMJ-JBvwYUV6jiQeekJjt0-4y9x4Fdoky4zate09UVavpbwjWBJfQQ0mUs93z_3pV6YiZ_ZgR04BnOXzRQQ32vtQcOerUvmOBBqSw2tvtYBw6U69_IJ60fZk1fVqtQkI83go6821neoRYQbMWSehlQoz0ep6Z7364zOuIbn16sqXf5anzdS8if1mM7ZOnnBkMk0yZgV_wU4W1smn20Yc4k-hf6Z7hY_XspVdXmax6yo3-usc8nZs",
    "id_token": "eyJhbGciOiJSUzI1NiIsImtpZCI6Ijg1YmE5MzEzZmQ3YTdkNGFmYTg0ODg0YWJjYzg0MDMwMDQzNjMxODAiLCJ0eXAiOiJKV1QifQ.eyJhdWQiOiIzMjU1NTk0MDU1OS5hcHBzLmdvb2dsZXVzZXJjb250ZW50LmNvbSIsImF6cCI6IjEwOTI2NjY0NjMzMjAxODA1MjEwMSIsImV4cCI6MTY4NjI1NjY3MCwiaWF0IjoxNjg2MjUzMDcwLCJpc3MiOiJodHRwczovL2FjY291bnRzLmdvb2dsZS5jb20iLCJzdWIiOiIxMDkyNjY2NDYzMzIwMTgwNTIxMDEifQ.mv33alyj3Dr-_VhZCYM3XV-1nALfRoIKHSZmHkZPpP4MHCD2aU7uFtFBdf34ysL4p7S-dAYOYFXdwnUta7eXlBw11pO7ERFF77grmBxXplqsX1X1Y1GN93jgVoXKcHGDJ1GgCFA6aHCO6DjX9mw7iWpfKyY7YywAja980K_P5Bip_cHEP5ysHY4rVW-WuryP1pGg8f6CLZWWkgFyDBKbf5tW1uYPakBwp6Oh_QrstOcsq1ya7SP5MUQeTIEkPOPUlAdWVovc6vGUYCMT2G_2Y1v27Rz-7gty2FAw5JHVfgIS0duEjRKstH4t4KpImk89Rj03NuJkE1btYGzIvehk-w",
    "token_expiry": "2023-06-08T20:35:49Z"
  },
  "sentinels": {
    "config_sentinel": "/home/jupyter/.config/gcloud/config_sentinel"
  }
}
2023-06-08 19:37:50,816 INFO     ___FILE_ONLY___ 

2023-06-08 19:37:50,816 DEBUG    root            SDK update checks are disabled.
