2023-06-08 19:35:31,260 DEBUG    root            Loaded Command Group: ['gcloud', 'config']
2023-06-08 19:35:31,263 DEBUG    root            Loaded Command Group: ['gcloud', 'config', 'config_helper']
2023-06-08 19:35:31,266 DEBUG    root            Running [gcloud.config.config-helper] with arguments: [--format: "json"]
2023-06-08 19:35:31,272 DEBUG    google.auth.transport.requests Making request: GET http://192.168.10.5/computeMetadata/v1/instance/service-accounts/tsingh54@ford.com/?recursive=true
2023-06-08 19:35:31,275 DEBUG    urllib3.connectionpool Starting new HTTP connection (1): 192.168.10.5:80
2023-06-08 19:35:31,276 DEBUG    urllib3.connectionpool http://192.168.10.5:80 "GET /computeMetadata/v1/instance/service-accounts/tsingh54@ford.com/?recursive=true HTTP/1.1" 200 212
2023-06-08 19:35:31,277 DEBUG    google.auth.transport.requests Making request: GET http://192.168.10.5/computeMetadata/v1/instance/service-accounts/tsingh54@ford.com/token
2023-06-08 19:35:31,279 DEBUG    urllib3.connectionpool http://192.168.10.5:80 "GET /computeMetadata/v1/instance/service-accounts/tsingh54@ford.com/token HTTP/1.1" 200 281
2023-06-08 19:35:31,316 DEBUG    root            Chosen display Format:default json
2023-06-08 19:35:31,316 INFO     root            Display format: "default json"
2023-06-08 19:35:31,317 INFO     ___FILE_ONLY___ {
  "configuration": {
    "active_configuration": "default",
    "properties": {
      "billing": {
        "quota_project": "ford-edb67bd0ec6cd881dfcac61b"
      },
      "core": {
        "account": "tsingh54@ford.com",
        "disable_usage_reporting": "True",
        "project": "ford-edb67bd0ec6cd881dfcac61b"
      }
    }
  },
  "credential": {
    "access_token": "ya29.a0AWY7CklNqo3hd4-SHTZWxbhG61hpxeOP29_86rQJMamZVtxz_9y8h2lHoWf-nAgnZaJM-VxMUXjguw7PGHtqPgnWGB-3aFePCU7ewV7IU0WyzOB9NuCUfqdl_vnYmif5uqHQmJd_1mhk4kgSYQlKxSRUUJ8tdo9okJ-DAacaCgYKAeASARISFQG1tDrpW21wgSGZQ7LOEhinrIhjjQ0174",
    "id_token": null,
    "token_expiry": "2023-06-08T20:07:46Z"
  },
  "sentinels": {
    "config_sentinel": "/home/jupyter/.config/gcloud/config_sentinel"
  }
}
2023-06-08 19:35:31,317 INFO     ___FILE_ONLY___ 

2023-06-08 19:35:31,318 DEBUG    root            SDK update checks are disabled.
