2023-06-08 20:38:03,362 DEBUG    root            Loaded Command Group: ['gcloud', 'config']
2023-06-08 20:38:03,367 DEBUG    root            Loaded Command Group: ['gcloud', 'config', 'config_helper']
2023-06-08 20:38:03,373 DEBUG    root            Running [gcloud.config.config-helper] with arguments: [--format: "json"]
2023-06-08 20:38:03,385 DEBUG    google.auth.transport.requests Making request: GET http://metadata.google.internal/computeMetadata/v1/instance/service-accounts/notebooks-tp-sa@iaf194987454cb170-tp.iam.gserviceaccount.com/?recursive=true
2023-06-08 20:38:03,390 DEBUG    urllib3.connectionpool Starting new HTTP connection (1): metadata.google.internal:80
2023-06-08 20:38:03,393 DEBUG    urllib3.connectionpool http://metadata.google.internal:80 "GET /computeMetadata/v1/instance/service-accounts/notebooks-tp-sa@iaf194987454cb170-tp.iam.gserviceaccount.com/?recursive=true HTTP/1.1" 200 148
2023-06-08 20:38:03,395 DEBUG    google.auth.transport.requests Making request: GET http://metadata.google.internal/computeMetadata/v1/instance/service-accounts/notebooks-tp-sa@iaf194987454cb170-tp.iam.gserviceaccount.com/token
2023-06-08 20:38:03,400 DEBUG    urllib3.connectionpool http://metadata.google.internal:80 "GET /computeMetadata/v1/instance/service-accounts/notebooks-tp-sa@iaf194987454cb170-tp.iam.gserviceaccount.com/token HTTP/1.1" 200 869
2023-06-08 20:38:03,439 DEBUG    root            Chosen display Format:default json
2023-06-08 20:38:03,440 INFO     root            Display format: "default json"
2023-06-08 20:38:03,441 INFO     ___FILE_ONLY___ {
  "configuration": {
    "active_configuration": "default",
    "properties": {
      "billing": {
        "quota_project": "ford-edb67bd0ec6cd881dfcac61b"
      },
      "core": {
        "account": "notebooks-tp-sa@iaf194987454cb170-tp.iam.gserviceaccount.com",
        "disable_usage_reporting": "True",
        "project": "ford-edb67bd0ec6cd881dfcac61b"
      }
    }
  },
  "credential": {
    "access_token": "ya29.c.b0Aaekm1JwcsZZDbpr98IDzY54nDACIirfOeIxFGdy7xsmzj729rImgF8QTQA8e0-JvpnEIaMG-_pFCyIAUmbS-_0XYh4fDht5zk6EAi6Jj3YeK2HxmnOlrIK-8cldXAhIZ8EkkWkaY706c8LumB4d7gFZH2y1ljdZP4dUy_gmLc7oGmW8CKgShHtEsKd9_SyEvvosTRGdWHZRhWA8W3HW6Z7qXaEgHT5WFi68Ja9nK65Og1Sw3-Fk4CVVO7oC5_LVbsfwnhkUMaYpyRD6botSElaRUXDwEzYMYelZcAfXSqz5d7DKB9SsJlrAbo43qP1jH3J9pKbkZkaY8NUTH345PXp4JhcQw7sUQQp-w3d3UjzQ7-7smB9mRkfgc7UFUzY-StO32VzZ112xfpauWIi0Vm7ssV89hsMobSmrF7xhUdWvobWjkbxboxnYayp-gcp27Y7b7uYW7VxXbgVJilrZFu8lkfj5nXBa_Z-hvWOgBmU3Iyd-l2w_md_30vauou9M11y90nM_e3cycg8ZmeI27X1xjxVglSsi-i0JnYwUROojtw2sRFQX9bxg12cqzVaZljy9wgq8Y3MXMZOu-vnmMtWeyY7BsYQ2X0yjQmhFR97p6i-lao1pUJz_b9-lrlngBf6YarQX-cjf_pxkyifJR05cyM69_7wkW6ehqUg2RdltYe7qaluhqsM-t8lzUi5O7IrB_2ix_8ewnyhudUz16kcn0zFds9FYt_Z-q-Ulv3rsoJsd0zO_1ezXi2vpFghXojySRiJcIfimJld-FQOwObrQ6m2iBQY9B0nnyvufJoJqq_vbxfZfln92cpicivqrVIqYbJ1s2O6XqMgWwk9XJlysX-w1wjc8reoYy-Yb406g7ejhYlRpvmlzoJhzkn4xsmqvBqf0ljBn0Ypgna6zYMd6gifr6hO5aMym2qO8gzo1UOrkf_By7xd78mYldXrJrpcbYXf-kpIttI3vY76qqYSYWnS33yySWJoQ0erjzmxmgoYM0ia71XF",
    "id_token": "eyJhbGciOiJSUzI1NiIsImtpZCI6Ijg1YmE5MzEzZmQ3YTdkNGFmYTg0ODg0YWJjYzg0MDMwMDQzNjMxODAiLCJ0eXAiOiJKV1QifQ.eyJhdWQiOiIzMjU1NTk0MDU1OS5hcHBzLmdvb2dsZXVzZXJjb250ZW50LmNvbSIsImF6cCI6IjEwOTI2NjY0NjMzMjAxODA1MjEwMSIsImV4cCI6MTY4NjI2MDI4MywiaWF0IjoxNjg2MjU2NjgzLCJpc3MiOiJodHRwczovL2FjY291bnRzLmdvb2dsZS5jb20iLCJzdWIiOiIxMDkyNjY2NDYzMzIwMTgwNTIxMDEifQ.mK_OLsh4Znvjy5TfefKasz2ajsi5cqqNG_Vsua1WgIfUHG-iBYXcx9P6aeD9zIO_gvw-m4PAMF8KzveM4Fd-PFUQHrYMW49X5A2em2HjeknUkbijHcIIPFj1eOihx0psq0fNxe43Ah3DbgIj0K_lN7SKqLmX0lvCztPzDMXKXXOLLsZIDKW8C_aQZWvCPRDOJwW-EjwEM6T1-bMEm4Lpc4zvLZzxvYcFHgSXBACLX1hZgmLw0UZC6p6iev_3fcJnRiAoOwXroZnOjG0BH5KOdVhZrn3nrbgcHpo_QySrz8lUiO7MGNlrQO_gHFOaYIL8-YtO-kX3lYomAqvHB_pUZQ",
    "token_expiry": "2023-06-08T21:38:02Z"
  },
  "sentinels": {
    "config_sentinel": "/home/jupyter/.config/gcloud/config_sentinel"
  }
}
2023-06-08 20:38:03,442 INFO     ___FILE_ONLY___ 

2023-06-08 20:38:03,442 DEBUG    root            SDK update checks are disabled.
