2023-06-08 20:39:42,433 DEBUG    root            Loaded Command Group: ['gcloud', 'config']
2023-06-08 20:39:42,436 DEBUG    root            Loaded Command Group: ['gcloud', 'config', 'config_helper']
2023-06-08 20:39:42,439 DEBUG    root            Running [gcloud.config.config-helper] with arguments: [--format: "json"]
2023-06-08 20:39:42,445 DEBUG    google.auth.transport.requests Making request: GET http://192.168.10.5/computeMetadata/v1/instance/service-accounts/tsingh54@ford.com/?recursive=true
2023-06-08 20:39:42,448 DEBUG    urllib3.connectionpool Starting new HTTP connection (1): 192.168.10.5:80
2023-06-08 20:39:42,449 DEBUG    urllib3.connectionpool http://192.168.10.5:80 "GET /computeMetadata/v1/instance/service-accounts/tsingh54@ford.com/?recursive=true HTTP/1.1" 200 212
2023-06-08 20:39:42,450 DEBUG    google.auth.transport.requests Making request: GET http://192.168.10.5/computeMetadata/v1/instance/service-accounts/tsingh54@ford.com/token
2023-06-08 20:39:42,453 DEBUG    urllib3.connectionpool http://192.168.10.5:80 "GET /computeMetadata/v1/instance/service-accounts/tsingh54@ford.com/token HTTP/1.1" 200 281
2023-06-08 20:39:42,482 DEBUG    root            Chosen display Format:default json
2023-06-08 20:39:42,482 INFO     root            Display format: "default json"
2023-06-08 20:39:42,483 INFO     ___FILE_ONLY___ {
  "configuration": {
    "active_configuration": "default",
    "properties": {
      "billing": {
        "quota_project": "ford-edb67bd0ec6cd881dfcac61b"
      },
      "core": {
        "account": "tsingh54@ford.com",
        "disable_usage_reporting": "True",
        "project": "ford-edb67bd0ec6cd881dfcac61b"
      }
    }
  },
  "credential": {
    "access_token": "ya29.a0AWY7CkmdCqXkrm2pg0n0KjRFrDACCAN2WxNGm7gf-rt0ETshwNLxasmU2XH2DG10uunFJKOoMyB9yzymPs6_1Wp_R8eMzF_9kuGP7UWdJwMw-65LnBA6yuxZ3HqR51SaENahjWrj6HRSbgflsenmi7dzJ-1elMo7PiOO_I4aCgYKAUoSARISFQG1tDrph5WTBAb9ISN1-RLe7cg0rQ0174",
    "id_token": null,
    "token_expiry": "2023-06-08T21:38:01Z"
  },
  "sentinels": {
    "config_sentinel": "/home/jupyter/.config/gcloud/config_sentinel"
  }
}
2023-06-08 20:39:42,483 INFO     ___FILE_ONLY___ 

2023-06-08 20:39:42,484 DEBUG    root            SDK update checks are disabled.
