2023-06-23 00:01:00,184 DEBUG    root            Loaded Command Group: ['gcloud', 'config']
2023-06-23 00:01:00,187 DEBUG    root            Loaded Command Group: ['gcloud', 'config', 'config_helper']
2023-06-23 00:01:00,190 DEBUG    root            Running [gcloud.config.config-helper] with arguments: [--format: "json"]
2023-06-23 00:01:00,200 DEBUG    google.auth.transport.requests Making request: GET http://metadata.google.internal/computeMetadata/v1/instance/service-accounts/notebooks-tp-sa@iaf194987454cb170-tp.iam.gserviceaccount.com/?recursive=true
2023-06-23 00:01:00,203 DEBUG    urllib3.connectionpool Starting new HTTP connection (1): metadata.google.internal:80
2023-06-23 00:01:00,205 DEBUG    urllib3.connectionpool http://metadata.google.internal:80 "GET /computeMetadata/v1/instance/service-accounts/notebooks-tp-sa@iaf194987454cb170-tp.iam.gserviceaccount.com/?recursive=true HTTP/1.1" 200 148
2023-06-23 00:01:00,206 DEBUG    google.auth.transport.requests Making request: GET http://metadata.google.internal/computeMetadata/v1/instance/service-accounts/notebooks-tp-sa@iaf194987454cb170-tp.iam.gserviceaccount.com/token
2023-06-23 00:01:00,209 DEBUG    urllib3.connectionpool http://metadata.google.internal:80 "GET /computeMetadata/v1/instance/service-accounts/notebooks-tp-sa@iaf194987454cb170-tp.iam.gserviceaccount.com/token HTTP/1.1" 200 868
2023-06-23 00:01:00,236 DEBUG    root            Chosen display Format:default json
2023-06-23 00:01:00,237 INFO     root            Display format: "default json"
2023-06-23 00:01:00,238 INFO     ___FILE_ONLY___ {
  "configuration": {
    "active_configuration": "default",
    "properties": {
      "billing": {
        "quota_project": "ford-edb67bd0ec6cd881dfcac61b"
      },
      "core": {
        "account": "notebooks-tp-sa@iaf194987454cb170-tp.iam.gserviceaccount.com",
        "disable_usage_reporting": "True",
        "project": "ford-edb67bd0ec6cd881dfcac61b"
      }
    }
  },
  "credential": {
    "access_token": "ya29.c.b0Aaekm1KylSZN11wJyYmp0dppTzSZAIorvjIdetjK6bTodbjZ9cZJ4W212Brz6K5XzovvrkNPGTpc2kAL9GSbI9MCbORcZ2uIkFXLOuBw6kyCeEaMUMAM693Ju5oc2xsR61SCjlhw22dYFLTXvQGJrVeh0CpYUBuz4zRhSnEWaJdL9WhZiPoYQkunZ008n56I74t85PMl8UWZcoZN5FdQF-1uZMf6HMEP4Fv5a8Cn3asUnPIN2zTUPlSzX8cNCs8fDuPVLFZvTVGWnVSOlOZUeQjbO42RZP75zFOzbWFW_7ovVsQ6XXTlQKtBd1iVg1tOoFtZX3dp8QXhMdWWN345ARZaU0g0154kp5OWVsxk05Ooi9o1IxMrh2c1MXu_QUohnrWWXvgdg5gZgmU52_i7F9x5BF9Mpelje3xnguYZVr86-WrFp2xrRu3k6bhMlV0yOl9Fm3JjzgUWzX__p37lgxXQZBd1ftkb-gVfRkxxzvVti8UYsfdOpbyZbFIF9fJMJbB7l0pnaXOUo7ckvsbn9tb3UuqXoWhijYg2a7JBrkt7cS_duuW2kt_dXlUw1rQJjB3FJFRIMQnRiIZy_yBk4Vfmuws7lvV3q7FiX05xeglRfhqXbrz9iWwh_qzF0ovv8ctho16V9Msl9XvJRUVa0dM3ucnsywlScq8Fgm5R4YWmeY9VetR2XUS6nt5FBc9b29SkgRSVflIq6s2YlhUoYJ5128vkUydOJcvtdspVpQRsOsYfbdm2qr2_Otrmmp8k3dBOti7YtWnS9OrZeUzetUwbgViS_0yW3wkhkIpwB3bySithZo7xmeh4R7nfUwjSY5XudhS6VyS8iXQ8iIiViS-q6XIoxdokIxrzcjsayjMeYcdzBloO1QqYwW4Vdsqn0utupF5r0nQVuVsR19wjOd4Y7oldSefgYrcYdwWWWu9bVbF1mx0WUvYSsyzSteaqiwd1jw9883x6ox2osn90pSag8WV5tFMu7bZ-FoOWxuz3bB5FQ_bu0YW",
    "id_token": "eyJhbGciOiJSUzI1NiIsImtpZCI6IjA1MTUwYTEzMjBiOTM5NWIwNTcxNjg3NzM3NjkyODUwOWJhYjQ0YWMiLCJ0eXAiOiJKV1QifQ.eyJhdWQiOiIzMjU1NTk0MDU1OS5hcHBzLmdvb2dsZXVzZXJjb250ZW50LmNvbSIsImF6cCI6IjEwOTI2NjY0NjMzMjAxODA1MjEwMSIsImV4cCI6MTY4NzQ4MjA2MCwiaWF0IjoxNjg3NDc4NDYwLCJpc3MiOiJodHRwczovL2FjY291bnRzLmdvb2dsZS5jb20iLCJzdWIiOiIxMDkyNjY2NDYzMzIwMTgwNTIxMDEifQ.obLCA4MWHhKVIXpiY0n8wpTmK8uLl25z4Mk1ZaPDbSiMGDOMMBw0Zfp-UMqSRCtfMo6RaeSTfpnEpBRE88rMPaQ5JpRHVNzTdYVT8WRdxOH7inc6YUJJt2AIHQLjtkac-4ofXx53jxnr6p0YOScja0O-4LghSXQapKIebxyAcczqsZUUPtqVw9TUE2q9S_FgBjgU65Wr5kZ9iU5Y3R43W1P4bfd4sVO1oa0vODGC4fYLa2bXGpLMPw7oWxo-p2AqJFlaOC6hCRJdYT82Sq1js0Dad9XJ6D5v_krWKyxU6xlsolWQCuQA12Om_prJNcxcOCe5bQ827ddu0vqHFGZGxA",
    "token_expiry": "2023-06-23T00:38:49Z"
  },
  "sentinels": {
    "config_sentinel": "/home/jupyter/.config/gcloud/config_sentinel"
  }
}
2023-06-23 00:01:00,238 INFO     ___FILE_ONLY___ 

2023-06-23 00:01:00,238 DEBUG    root            SDK update checks are disabled.
