2023-06-23 00:31:23,709 DEBUG    root            Loaded Command Group: ['gcloud', 'auth']
2023-06-23 00:31:23,713 DEBUG    root            Loaded Command Group: ['gcloud', 'auth', 'configure_docker']
2023-06-23 00:31:23,715 DEBUG    root            Running [gcloud.auth.configure-docker] with arguments: [--quiet: "True"]
2023-06-23 00:31:23,762 WARNING  root            Your config file at [/home/jupyter/.docker/config.json] contains these credential helper entries:

{
  "credHelpers": {
    "gcr.io": "gcloud",
    "us.gcr.io": "gcloud",
    "eu.gcr.io": "gcloud",
    "asia.gcr.io": "gcloud",
    "staging-k8s.gcr.io": "gcloud",
    "marketplace.gcr.io": "gcloud"
  }
}
2023-06-23 00:31:23,762 INFO     ___FILE_ONLY___ Adding credentials for all GCR repositories.

2023-06-23 00:31:23,762 WARNING  root            A long list of credential helpers may cause delays running 'docker build'. We recommend passing the registry name to configure only the registry you are using.
2023-06-23 00:31:23,763 INFO     ___FILE_ONLY___ gcloud credential helpers already registered correctly.

2023-06-23 00:31:23,763 DEBUG    root            Chosen display Format:default
2023-06-23 00:31:23,764 INFO     root            Display format: "default"
2023-06-23 00:31:23,765 DEBUG    root            SDK update checks are disabled.
