2023-06-23 00:41:22,602 DEBUG    root            Loaded Command Group: ['gcloud', 'config']
2023-06-23 00:41:22,604 DEBUG    root            Loaded Command Group: ['gcloud', 'config', 'config_helper']
2023-06-23 00:41:22,607 DEBUG    root            Running [gcloud.config.config-helper] with arguments: [--format: "json"]
2023-06-23 00:41:22,613 DEBUG    google.auth.transport.requests Making request: GET http://192.168.10.5/computeMetadata/v1/instance/service-accounts/tsingh54@ford.com/?recursive=true
2023-06-23 00:41:22,616 DEBUG    urllib3.connectionpool Starting new HTTP connection (1): 192.168.10.5:80
2023-06-23 00:41:22,617 DEBUG    urllib3.connectionpool http://192.168.10.5:80 "GET /computeMetadata/v1/instance/service-accounts/tsingh54@ford.com/?recursive=true HTTP/1.1" 200 212
2023-06-23 00:41:22,618 DEBUG    google.auth.transport.requests Making request: GET http://192.168.10.5/computeMetadata/v1/instance/service-accounts/tsingh54@ford.com/token
2023-06-23 00:41:22,620 DEBUG    urllib3.connectionpool http://192.168.10.5:80 "GET /computeMetadata/v1/instance/service-accounts/tsingh54@ford.com/token HTTP/1.1" 200 282
2023-06-23 00:41:22,654 DEBUG    root            Chosen display Format:default json
2023-06-23 00:41:22,654 INFO     root            Display format: "default json"
2023-06-23 00:41:22,655 INFO     ___FILE_ONLY___ {
  "configuration": {
    "active_configuration": "default",
    "properties": {
      "billing": {
        "quota_project": "ford-edb67bd0ec6cd881dfcac61b"
      },
      "core": {
        "account": "tsingh54@ford.com",
        "disable_usage_reporting": "True",
        "project": "ford-edb67bd0ec6cd881dfcac61b"
      }
    }
  },
  "credential": {
    "access_token": "ya29.a0AWY7Cknta_qWxa_CX09QY3spDmmKTtPoL9AUa3CW_A7jrZecXPI8qrSiesx76Qir7psANwFEBs_oGoQAFvY-K5hSr-KdxPjdfob-kqxlooDtAVAcz0X085Yk8rysSPbMw-x99Lk6Qid8XPKy_O8CTWBuLvpMJQS7rxF7oc7uaCgYKAZESARISFQG1tDrpPcv-hsZfjFLCgCyDn8LnjA0175",
    "id_token": null,
    "token_expiry": "2023-06-23T01:31:23Z"
  },
  "sentinels": {
    "config_sentinel": "/home/jupyter/.config/gcloud/config_sentinel"
  }
}
2023-06-23 00:41:22,655 INFO     ___FILE_ONLY___ 

2023-06-23 00:41:22,655 DEBUG    root            SDK update checks are disabled.
