2023-06-23 01:02:44,481 DEBUG    root            Loaded Command Group: ['gcloud', 'config']
2023-06-23 01:02:44,483 DEBUG    root            Loaded Command Group: ['gcloud', 'config', 'config_helper']
2023-06-23 01:02:44,486 DEBUG    root            Running [gcloud.config.config-helper] with arguments: [--format: "json"]
2023-06-23 01:02:44,492 DEBUG    google.auth.transport.requests Making request: GET http://192.168.10.5/computeMetadata/v1/instance/service-accounts/tsingh54@ford.com/?recursive=true
2023-06-23 01:02:44,495 DEBUG    urllib3.connectionpool Starting new HTTP connection (1): 192.168.10.5:80
2023-06-23 01:02:44,496 DEBUG    urllib3.connectionpool http://192.168.10.5:80 "GET /computeMetadata/v1/instance/service-accounts/tsingh54@ford.com/?recursive=true HTTP/1.1" 200 212
2023-06-23 01:02:44,497 DEBUG    google.auth.transport.requests Making request: GET http://192.168.10.5/computeMetadata/v1/instance/service-accounts/tsingh54@ford.com/token
2023-06-23 01:02:44,499 DEBUG    urllib3.connectionpool http://192.168.10.5:80 "GET /computeMetadata/v1/instance/service-accounts/tsingh54@ford.com/token HTTP/1.1" 200 282
2023-06-23 01:02:44,527 DEBUG    root            Chosen display Format:default json
2023-06-23 01:02:44,527 INFO     root            Display format: "default json"
2023-06-23 01:02:44,528 INFO     ___FILE_ONLY___ {
  "configuration": {
    "active_configuration": "default",
    "properties": {
      "billing": {
        "quota_project": "ford-edb67bd0ec6cd881dfcac61b"
      },
      "core": {
        "account": "tsingh54@ford.com",
        "disable_usage_reporting": "True",
        "project": "ford-edb67bd0ec6cd881dfcac61b"
      }
    }
  },
  "credential": {
    "access_token": "ya29.a0AWY7CknI-YIbwCgMhJoe78Q6hxcwE4-xRKamsQGawhzSGt4YlPw3D_4ErMIdjeGrkRVDFLlbD7LRqLokCNYkIsJjY83Ocx79X4nQmQmedmDBsCsJZafp9mujAQXhI5miJoOod_9DeoAmMSuNqxzHsAa5-KQyNlsjioYHT5rUaCgYKAfkSARISFQG1tDrpZfpeA27q8y3ZfkbURxKqTg0175",
    "id_token": null,
    "token_expiry": "2023-06-23T02:01:34Z"
  },
  "sentinels": {
    "config_sentinel": "/home/jupyter/.config/gcloud/config_sentinel"
  }
}
2023-06-23 01:02:44,528 INFO     ___FILE_ONLY___ 

2023-06-23 01:02:44,528 DEBUG    root            SDK update checks are disabled.
