2023-06-23 01:01:34,200 DEBUG    root            Loaded Command Group: ['gcloud', 'auth']
2023-06-23 01:01:34,205 DEBUG    root            Loaded Command Group: ['gcloud', 'auth', 'configure_docker']
2023-06-23 01:01:34,208 DEBUG    root            Running [gcloud.auth.configure-docker] with arguments: [--quiet: "True"]
2023-06-23 01:01:34,257 WARNING  root            Your config file at [/home/jupyter/.docker/config.json] contains these credential helper entries:

{
  "credHelpers": {
    "gcr.io": "gcloud",
    "us.gcr.io": "gcloud",
    "eu.gcr.io": "gcloud",
    "asia.gcr.io": "gcloud",
    "staging-k8s.gcr.io": "gcloud",
    "marketplace.gcr.io": "gcloud"
  }
}
2023-06-23 01:01:34,258 INFO     ___FILE_ONLY___ Adding credentials for all GCR repositories.

2023-06-23 01:01:34,259 WARNING  root            A long list of credential helpers may cause delays running 'docker build'. We recommend passing the registry name to configure only the registry you are using.
2023-06-23 01:01:34,259 INFO     ___FILE_ONLY___ gcloud credential helpers already registered correctly.

2023-06-23 01:01:34,259 DEBUG    root            Chosen display Format:default
2023-06-23 01:01:34,262 INFO     root            Display format: "default"
2023-06-23 01:01:34,263 DEBUG    root            SDK update checks are disabled.
