2023-06-23 01:21:51,126 DEBUG    root            Loaded Command Group: ['gcloud', 'config']
2023-06-23 01:21:51,129 DEBUG    root            Loaded Command Group: ['gcloud', 'config', 'config_helper']
2023-06-23 01:21:51,132 DEBUG    root            Running [gcloud.config.config-helper] with arguments: [--format: "json"]
2023-06-23 01:21:51,138 DEBUG    google.auth.transport.requests Making request: GET http://192.168.10.5/computeMetadata/v1/instance/service-accounts/tsingh54@ford.com/?recursive=true
2023-06-23 01:21:51,140 DEBUG    urllib3.connectionpool Starting new HTTP connection (1): 192.168.10.5:80
2023-06-23 01:21:51,142 DEBUG    urllib3.connectionpool http://192.168.10.5:80 "GET /computeMetadata/v1/instance/service-accounts/tsingh54@ford.com/?recursive=true HTTP/1.1" 200 212
2023-06-23 01:21:51,143 DEBUG    google.auth.transport.requests Making request: GET http://192.168.10.5/computeMetadata/v1/instance/service-accounts/tsingh54@ford.com/token
2023-06-23 01:21:51,145 DEBUG    urllib3.connectionpool http://192.168.10.5:80 "GET /computeMetadata/v1/instance/service-accounts/tsingh54@ford.com/token HTTP/1.1" 200 282
2023-06-23 01:21:51,180 DEBUG    root            Chosen display Format:default json
2023-06-23 01:21:51,180 INFO     root            Display format: "default json"
2023-06-23 01:21:51,181 INFO     ___FILE_ONLY___ {
  "configuration": {
    "active_configuration": "default",
    "properties": {
      "billing": {
        "quota_project": "ford-edb67bd0ec6cd881dfcac61b"
      },
      "core": {
        "account": "tsingh54@ford.com",
        "disable_usage_reporting": "True",
        "project": "ford-edb67bd0ec6cd881dfcac61b"
      }
    }
  },
  "credential": {
    "access_token": "ya29.a0AWY7CknI-YIbwCgMhJoe78Q6hxcwE4-xRKamsQGawhzSGt4YlPw3D_4ErMIdjeGrkRVDFLlbD7LRqLokCNYkIsJjY83Ocx79X4nQmQmedmDBsCsJZafp9mujAQXhI5miJoOod_9DeoAmMSuNqxzHsAa5-KQyNlsjioYHT5rUaCgYKAfkSARISFQG1tDrpZfpeA27q8y3ZfkbURxKqTg0175",
    "id_token": null,
    "token_expiry": "2023-06-23T02:01:34Z"
  },
  "sentinels": {
    "config_sentinel": "/home/jupyter/.config/gcloud/config_sentinel"
  }
}
2023-06-23 01:21:51,181 INFO     ___FILE_ONLY___ 

2023-06-23 01:21:51,182 DEBUG    root            SDK update checks are disabled.
