2023-06-23 01:38:52,647 DEBUG    root            Loaded Command Group: ['gcloud', 'config']
2023-06-23 01:38:52,650 DEBUG    root            Loaded Command Group: ['gcloud', 'config', 'config_helper']
2023-06-23 01:38:52,653 DEBUG    root            Running [gcloud.config.config-helper] with arguments: [--format: "json"]
2023-06-23 01:38:52,659 DEBUG    google.auth.transport.requests Making request: GET http://192.168.10.5/computeMetadata/v1/instance/service-accounts/tsingh54@ford.com/?recursive=true
2023-06-23 01:38:52,662 DEBUG    urllib3.connectionpool Starting new HTTP connection (1): 192.168.10.5:80
2023-06-23 01:38:52,663 DEBUG    urllib3.connectionpool http://192.168.10.5:80 "GET /computeMetadata/v1/instance/service-accounts/tsingh54@ford.com/?recursive=true HTTP/1.1" 200 212
2023-06-23 01:38:52,664 DEBUG    google.auth.transport.requests Making request: GET http://192.168.10.5/computeMetadata/v1/instance/service-accounts/tsingh54@ford.com/token
2023-06-23 01:38:52,666 DEBUG    urllib3.connectionpool http://192.168.10.5:80 "GET /computeMetadata/v1/instance/service-accounts/tsingh54@ford.com/token HTTP/1.1" 200 282
2023-06-23 01:38:52,693 DEBUG    urllib3.connectionpool Starting new HTTPS connection (1): www.gstatic.com:443
2023-06-23 01:38:52,712 DEBUG    urllib3.connectionpool https://www.gstatic.com:443 "GET /cloudsdk/feature_flag_config_file.yaml HTTP/1.1" 200 101
2023-06-23 01:38:52,721 DEBUG    root            Chosen display Format:default json
2023-06-23 01:38:52,721 INFO     root            Display format: "default json"
2023-06-23 01:38:52,722 INFO     ___FILE_ONLY___ {
  "configuration": {
    "active_configuration": "default",
    "properties": {
      "billing": {
        "quota_project": "ford-edb67bd0ec6cd881dfcac61b"
      },
      "core": {
        "account": "tsingh54@ford.com",
        "disable_usage_reporting": "True",
        "project": "ford-edb67bd0ec6cd881dfcac61b"
      }
    }
  },
  "credential": {
    "access_token": "ya29.a0AWY7CkkHOO_SVbgVPk24TBLPbOdAKQ7ZEg11s23bSswcFp55a8JbJTnLFHa9RcWeYHq0HRANKQs4TYBJCem0qbQlitdGZ6ACMMkH0wzzSoKD6o4H0b3O4C9R8mcyQ-GbWSZXSxlkQl5j2P7CJcQBioZrTnSygtg8WhO1pAJZaCgYKASkSARISFQG1tDrpPKAwyygpjBhpehjTAcwQTA0175",
    "id_token": null,
    "token_expiry": "2023-06-23T02:31:49Z"
  },
  "sentinels": {
    "config_sentinel": "/home/jupyter/.config/gcloud/config_sentinel"
  }
}
2023-06-23 01:38:52,722 INFO     ___FILE_ONLY___ 

2023-06-23 01:38:52,723 DEBUG    root            SDK update checks are disabled.
