2023-06-23 01:31:50,933 DEBUG    root            Loaded Command Group: ['gcloud', 'config']
2023-06-23 01:31:50,935 DEBUG    root            Loaded Command Group: ['gcloud', 'config', 'config_helper']
2023-06-23 01:31:50,938 DEBUG    root            Running [gcloud.config.config-helper] with arguments: [--format: "json"]
2023-06-23 01:31:50,946 DEBUG    google.auth.transport.requests Making request: GET http://metadata.google.internal/computeMetadata/v1/instance/service-accounts/notebooks-tp-sa@iaf194987454cb170-tp.iam.gserviceaccount.com/?recursive=true
2023-06-23 01:31:50,949 DEBUG    urllib3.connectionpool Starting new HTTP connection (1): metadata.google.internal:80
2023-06-23 01:31:50,951 DEBUG    urllib3.connectionpool http://metadata.google.internal:80 "GET /computeMetadata/v1/instance/service-accounts/notebooks-tp-sa@iaf194987454cb170-tp.iam.gserviceaccount.com/?recursive=true HTTP/1.1" 200 148
2023-06-23 01:31:50,952 DEBUG    google.auth.transport.requests Making request: GET http://metadata.google.internal/computeMetadata/v1/instance/service-accounts/notebooks-tp-sa@iaf194987454cb170-tp.iam.gserviceaccount.com/token
2023-06-23 01:31:50,955 DEBUG    urllib3.connectionpool http://metadata.google.internal:80 "GET /computeMetadata/v1/instance/service-accounts/notebooks-tp-sa@iaf194987454cb170-tp.iam.gserviceaccount.com/token HTTP/1.1" 200 867
2023-06-23 01:31:50,979 DEBUG    root            Chosen display Format:default json
2023-06-23 01:31:50,979 INFO     root            Display format: "default json"
2023-06-23 01:31:50,980 INFO     ___FILE_ONLY___ {
  "configuration": {
    "active_configuration": "default",
    "properties": {
      "billing": {
        "quota_project": "ford-edb67bd0ec6cd881dfcac61b"
      },
      "core": {
        "account": "notebooks-tp-sa@iaf194987454cb170-tp.iam.gserviceaccount.com",
        "disable_usage_reporting": "True",
        "project": "ford-edb67bd0ec6cd881dfcac61b"
      }
    }
  },
  "credential": {
    "access_token": "ya29.c.b0Aaekm1J1DbS6-07xtOzCSb5N1uGS1nx6irgwJ1nMRTKp7nU2RREpDnShl_Saac-xC8LVYbFKT4pT8dotqO8OBKzTM4vn_lIIYPaQSDKYaKiMWIHjHEZowBdnIy-uirDLw1_Q93EGR81UfSlswOBQYW0_O_-GFCs5xyYVM186siEGZwFfCEZDrQFuzSS2d5AdUOMNLR7ViX9_Q8hxvcoyGdZCucaYsOlVwnfGC3tCPu-d1OvnQoR1VuFKh0FoWGhPHo4K3bJLm0qhinPc8s8PiUyFInwfMOt_cyPhTVR3K98mTktFFkjzjR04w5xYzUQJD_VE3w95TySrpZHwN345ArYvxgJ3nbdYugUcWem8t_5OhVfb6jReJX6zxsQ-t-F7sfVVBmpdxUUz-B8yzcpnS7hsdd6rakxlJywx-fb2X8Iw0f2Wsf_ytIOix2ne84_a--gqcSsrnVijBQ7a6Vzrag0nyyOujvlRMdV0i1ViScSWzmRkYq_07toZQS2j1nFxIiBY7lehiOykmBv4e4X6RshpkO1WoWk5ZOd59pYpSmuFycWJ3Y6wi9x5vFbXMkhpdbwblQaRhxX2jvymZ7Q6d9RVZi5z5h0norgsVdf8_fak-3vcp3wIS9xai8pWQ6VR0at7v0l3a-8VsWt1fx6xVJlsunQq3hp4Sx5-cdRraVfOthJpJW5Uc8xZg0_01blg9trh23djeaZy-nah8rIyFnm9w5R0gnJhbfpMJka1bd2xdnlZY0bhQU0dko9YBrSih64mVY1plsIpoVOptl5h0B-SBIdscVsxfgd2OJdm9l9qykc08YWjwl0FevizksnOra2QamgVJluRkdrMgSuv46OJptdsJwqifX-o2x-Ifhvmh5Xo6proemWOmIbbujm4n4n2Y5q7M2y3gJ9iryqZg1WWkZ879Xu2uyk85WzcnihYteBckRpfnff54m-7nhtIJm6wVn58Qw5QjMZenftsJVoJBJaux00SbzoFJMbXRuJRoxI42XIoi2e",
    "id_token": "eyJhbGciOiJSUzI1NiIsImtpZCI6IjA1MTUwYTEzMjBiOTM5NWIwNTcxNjg3NzM3NjkyODUwOWJhYjQ0YWMiLCJ0eXAiOiJKV1QifQ.eyJhdWQiOiIzMjU1NTk0MDU1OS5hcHBzLmdvb2dsZXVzZXJjb250ZW50LmNvbSIsImF6cCI6IjEwOTI2NjY0NjMzMjAxODA1MjEwMSIsImV4cCI6MTY4NzQ4NzUxMCwiaWF0IjoxNjg3NDgzOTEwLCJpc3MiOiJodHRwczovL2FjY291bnRzLmdvb2dsZS5jb20iLCJzdWIiOiIxMDkyNjY2NDYzMzIwMTgwNTIxMDEifQ.i1Jz566h8ot4VpbXyKO_R566gQC655g9Zr8wUxT5bdRuGy7_rkxRonkf-s2H5fXPTiFIJjtiY8cDFSTEYjJrdGnBNzrczICZs17bRo31_Zy_LOv3zo15Kx7BhAGadPMufl6WGOfn-l0bi7GezKqUrPn7U-24BuoJ7iJdmM3hb_GSYN9RPHGgZYdBNTNui2qPkn863_tsKPdZzkslmf8HMJrsUVoBaGQyo9kBxcf-EwyXuNagRDTYxn9dbAWeNOv5Cb8uCPLlzRU14q7qUIIyTNJ1h4WPFZiCIZzkfWFmMrDhoJ59PrMZRvAQ4wil-qu5JZ75coh6u23JDS2Pdn55JQ",
    "token_expiry": "2023-06-23T02:06:00Z"
  },
  "sentinels": {
    "config_sentinel": "/home/jupyter/.config/gcloud/config_sentinel"
  }
}
2023-06-23 01:31:50,980 INFO     ___FILE_ONLY___ 

2023-06-23 01:31:50,981 DEBUG    root            SDK update checks are disabled.
