2023-06-23 01:39:56,532 DEBUG    root            Loaded Command Group: ['gcloud', 'config']
2023-06-23 01:39:56,534 DEBUG    root            Loaded Command Group: ['gcloud', 'config', 'config_helper']
2023-06-23 01:39:56,537 DEBUG    root            Running [gcloud.config.config-helper] with arguments: [--format: "json"]
2023-06-23 01:39:56,543 DEBUG    google.auth.transport.requests Making request: GET http://192.168.10.5/computeMetadata/v1/instance/service-accounts/tsingh54@ford.com/?recursive=true
2023-06-23 01:39:56,546 DEBUG    urllib3.connectionpool Starting new HTTP connection (1): 192.168.10.5:80
2023-06-23 01:39:56,547 DEBUG    urllib3.connectionpool http://192.168.10.5:80 "GET /computeMetadata/v1/instance/service-accounts/tsingh54@ford.com/?recursive=true HTTP/1.1" 200 212
2023-06-23 01:39:56,548 DEBUG    google.auth.transport.requests Making request: GET http://192.168.10.5/computeMetadata/v1/instance/service-accounts/tsingh54@ford.com/token
2023-06-23 01:39:56,550 DEBUG    urllib3.connectionpool http://192.168.10.5:80 "GET /computeMetadata/v1/instance/service-accounts/tsingh54@ford.com/token HTTP/1.1" 200 282
2023-06-23 01:39:56,581 DEBUG    root            Chosen display Format:default json
2023-06-23 01:39:56,581 INFO     root            Display format: "default json"
2023-06-23 01:39:56,582 INFO     ___FILE_ONLY___ {
  "configuration": {
    "active_configuration": "default",
    "properties": {
      "billing": {
        "quota_project": "ford-edb67bd0ec6cd881dfcac61b"
      },
      "core": {
        "account": "tsingh54@ford.com",
        "disable_usage_reporting": "True",
        "project": "ford-edb67bd0ec6cd881dfcac61b"
      }
    }
  },
  "credential": {
    "access_token": "ya29.a0AWY7CkkHOO_SVbgVPk24TBLPbOdAKQ7ZEg11s23bSswcFp55a8JbJTnLFHa9RcWeYHq0HRANKQs4TYBJCem0qbQlitdGZ6ACMMkH0wzzSoKD6o4H0b3O4C9R8mcyQ-GbWSZXSxlkQl5j2P7CJcQBioZrTnSygtg8WhO1pAJZaCgYKASkSARISFQG1tDrpPKAwyygpjBhpehjTAcwQTA0175",
    "id_token": null,
    "token_expiry": "2023-06-23T02:31:49Z"
  },
  "sentinels": {
    "config_sentinel": "/home/jupyter/.config/gcloud/config_sentinel"
  }
}
2023-06-23 01:39:56,582 INFO     ___FILE_ONLY___ 

2023-06-23 01:39:56,583 DEBUG    root            SDK update checks are disabled.
