2023-06-23 02:01:59,075 DEBUG    root            Loaded Command Group: ['gcloud', 'config']
2023-06-23 02:01:59,078 DEBUG    root            Loaded Command Group: ['gcloud', 'config', 'config_helper']
2023-06-23 02:01:59,081 DEBUG    root            Running [gcloud.config.config-helper] with arguments: [--format: "json"]
2023-06-23 02:01:59,089 DEBUG    google.auth.transport.requests Making request: GET http://metadata.google.internal/computeMetadata/v1/instance/service-accounts/notebooks-tp-sa@iaf194987454cb170-tp.iam.gserviceaccount.com/?recursive=true
2023-06-23 02:01:59,091 DEBUG    urllib3.connectionpool Starting new HTTP connection (1): metadata.google.internal:80
2023-06-23 02:01:59,094 DEBUG    urllib3.connectionpool http://metadata.google.internal:80 "GET /computeMetadata/v1/instance/service-accounts/notebooks-tp-sa@iaf194987454cb170-tp.iam.gserviceaccount.com/?recursive=true HTTP/1.1" 200 148
2023-06-23 02:01:59,095 DEBUG    google.auth.transport.requests Making request: GET http://metadata.google.internal/computeMetadata/v1/instance/service-accounts/notebooks-tp-sa@iaf194987454cb170-tp.iam.gserviceaccount.com/token
2023-06-23 02:01:59,098 DEBUG    urllib3.connectionpool http://metadata.google.internal:80 "GET /computeMetadata/v1/instance/service-accounts/notebooks-tp-sa@iaf194987454cb170-tp.iam.gserviceaccount.com/token HTTP/1.1" 200 864
2023-06-23 02:01:59,122 DEBUG    root            Chosen display Format:default json
2023-06-23 02:01:59,123 INFO     root            Display format: "default json"
2023-06-23 02:01:59,124 INFO     ___FILE_ONLY___ {
  "configuration": {
    "active_configuration": "default",
    "properties": {
      "billing": {
        "quota_project": "ford-edb67bd0ec6cd881dfcac61b"
      },
      "core": {
        "account": "notebooks-tp-sa@iaf194987454cb170-tp.iam.gserviceaccount.com",
        "disable_usage_reporting": "True",
        "project": "ford-edb67bd0ec6cd881dfcac61b"
      }
    }
  },
  "credential": {
    "access_token": "ya29.c.b0Aaekm1JBcbEn3ukbqDmGGRRlUw-laqDHB7VTJAmMvyI9ZgBj1GFfdf5_Ttqn98QXJWGToWH5QQWL21vshcnAOUF8OaXoOHcAGdu04Sgli0iTjKQmk5j2OpSPvh-_U3GsPR92FlFcHhTBOuL9LtgIA_udg21oxn-2CoL4d9jr58guy4GetOaBzBtQt2DOzEOCLFZoczoa57AngVoMNoyKP9Qwc45sXcBhqsHYzjt9lrlvq5rJ-8v4Bt2Rv8KLmWYfJe5ju-d7dVcgygetXVykP4J_7wqUE2N1X9XJ6J46D7OrOXOtdszBnjtjiSpbAclK409wyxHzortjUoUT344Ki6uzrVztt0oJ_Wm5JgMIy9UetcUnV-Y2Oj9Xthj9pXjr34VzVph4k2nodxdpqSQ-ilXocM8X64ek0ootfZ1V2ww348IkjbtskqWxUhm_WbfgtOceaueMhXceY__h0rgpvsFRB12n-XlmmiS3tVjhrFeRXbMSlnIo3Z6psS1BJ1p1O7zh_Zmk3xJaOeprvgb-Vjdpx4Ims7S9-dyzWtktuWmUIoc2vSVw-Fi7-FVkSjyxOtw9sBF2kSo0nffq78wUB_lld-fhyiJtkkQ25www14-xbgrYtVmB8-XWcssUgBeU_r6X40XR-JcwtQR3V4RogtBUmxaO_BwmfwWbkujSqglzxr4_sUfy-p6e9hldY8pmo_j4SZ2zQRixU3UelXZ5hapc3hzsl8Vn6ok03QurqMlrv3v9ZyQFwvaVWYpuJpzV27MRyM-qwY8isfxgzk_9p-9--y3B372japcUZg-BFxmQJ5wY7SWwq94Mzduq9Im5XWJroppjym92b8SYI9tzultyrVuWMoI7a-nk0O6seVZzeYZbY1kOMQ462ihxwgBZpWhvF7F2eMdns-86otvmp2-g795_Ja0mYfy__2mn434mIR8j7878l_3kikWzgo2nbJZJBW1qcU7965cct99ZWVmr8tcf1URjSfxMWy2Y4dmrQ_wo3Wvr-ne",
    "id_token": "eyJhbGciOiJSUzI1NiIsImtpZCI6IjA1MTUwYTEzMjBiOTM5NWIwNTcxNjg3NzM3NjkyODUwOWJhYjQ0YWMiLCJ0eXAiOiJKV1QifQ.eyJhdWQiOiIzMjU1NTk0MDU1OS5hcHBzLmdvb2dsZXVzZXJjb250ZW50LmNvbSIsImF6cCI6IjEwOTI2NjY0NjMzMjAxODA1MjEwMSIsImV4cCI6MTY4NzQ4OTMxOSwiaWF0IjoxNjg3NDg1NzE5LCJpc3MiOiJodHRwczovL2FjY291bnRzLmdvb2dsZS5jb20iLCJzdWIiOiIxMDkyNjY2NDYzMzIwMTgwNTIxMDEifQ.p4Gjhrl3pcIthZr8hkYlKWNSP8U10jC8Nh5gxwAwopvjAwKvSc9QmzGW_RdebR3o8ZltjpHKztEz0GEYMyq88rWJhGRckIIeelECJlcopSf5BXVMS_Ifq6OKH6BPoXN8Q3EvzruWuVXxRq8RCNYScbsXmkLI3vh1NT73952FjO7TNVrbVqeMMn7_zwTHIvEugvkGNt_K8ceKm-b3YXf22uxkKAExxp4Ff3wb2MVKqzGuU1BzmJlJt7u8XPxbgwmNEXCTHeQrs9LcyQTYwjIVKtIt6G1LEiVsiseL54OVbhyoY47bs-93onz6DeA2phHv4j3VpxstUdlO7jJINRlWyw",
    "token_expiry": "2023-06-23T02:36:51Z"
  },
  "sentinels": {
    "config_sentinel": "/home/jupyter/.config/gcloud/config_sentinel"
  }
}
2023-06-23 02:01:59,124 INFO     ___FILE_ONLY___ 

2023-06-23 02:01:59,124 DEBUG    root            SDK update checks are disabled.
