2023-06-23 02:12:00,302 DEBUG    root            Loaded Command Group: ['gcloud', 'config']
2023-06-23 02:12:00,305 DEBUG    root            Loaded Command Group: ['gcloud', 'config', 'config_helper']
2023-06-23 02:12:00,308 DEBUG    root            Running [gcloud.config.config-helper] with arguments: [--format: "json"]
2023-06-23 02:12:00,315 DEBUG    google.auth.transport.requests Making request: GET http://192.168.10.5/computeMetadata/v1/instance/service-accounts/tsingh54@ford.com/?recursive=true
2023-06-23 02:12:00,317 DEBUG    urllib3.connectionpool Starting new HTTP connection (1): 192.168.10.5:80
2023-06-23 02:12:00,319 DEBUG    urllib3.connectionpool http://192.168.10.5:80 "GET /computeMetadata/v1/instance/service-accounts/tsingh54@ford.com/?recursive=true HTTP/1.1" 200 212
2023-06-23 02:12:00,319 DEBUG    google.auth.transport.requests Making request: GET http://192.168.10.5/computeMetadata/v1/instance/service-accounts/tsingh54@ford.com/token
2023-06-23 02:12:00,322 DEBUG    urllib3.connectionpool http://192.168.10.5:80 "GET /computeMetadata/v1/instance/service-accounts/tsingh54@ford.com/token HTTP/1.1" 200 282
2023-06-23 02:12:00,354 DEBUG    root            Chosen display Format:default json
2023-06-23 02:12:00,354 INFO     root            Display format: "default json"
2023-06-23 02:12:00,355 INFO     ___FILE_ONLY___ {
  "configuration": {
    "active_configuration": "default",
    "properties": {
      "billing": {
        "quota_project": "ford-edb67bd0ec6cd881dfcac61b"
      },
      "core": {
        "account": "tsingh54@ford.com",
        "disable_usage_reporting": "True",
        "project": "ford-edb67bd0ec6cd881dfcac61b"
      }
    }
  },
  "credential": {
    "access_token": "ya29.a0AWY7CklCOsSnWlapHLZlblwva1ChVzeouUTt79_4vC3Why8w4jJG6E9b99a9VqjBmTVOsAhSkbHmWMCyvdIKyAGOglpl8YyjNQIg0b0yeOCGYOWSYPPl5mpI5Ej2UzYEVGHHPwUtxhhxzIqfk8DlBprpa1KU8JpOkG-saczGaCgYKATgSARISFQG1tDrpoaol_ene7GBrMPP3FaG2uA0175",
    "id_token": null,
    "token_expiry": "2023-06-23T03:01:57Z"
  },
  "sentinels": {
    "config_sentinel": "/home/jupyter/.config/gcloud/config_sentinel"
  }
}
2023-06-23 02:12:00,355 INFO     ___FILE_ONLY___ 

2023-06-23 02:12:00,356 DEBUG    root            SDK update checks are disabled.
