2023-06-23 02:36:52,610 DEBUG    root            Loaded Command Group: ['gcloud', 'config']
2023-06-23 02:36:52,613 DEBUG    root            Loaded Command Group: ['gcloud', 'config', 'config_helper']
2023-06-23 02:36:52,616 DEBUG    root            Running [gcloud.config.config-helper] with arguments: [--format: "json"]
2023-06-23 02:36:52,622 DEBUG    google.auth.transport.requests Making request: GET http://192.168.10.5/computeMetadata/v1/instance/service-accounts/tsingh54@ford.com/?recursive=true
2023-06-23 02:36:52,625 DEBUG    urllib3.connectionpool Starting new HTTP connection (1): 192.168.10.5:80
2023-06-23 02:36:52,626 DEBUG    urllib3.connectionpool http://192.168.10.5:80 "GET /computeMetadata/v1/instance/service-accounts/tsingh54@ford.com/?recursive=true HTTP/1.1" 200 212
2023-06-23 02:36:52,627 DEBUG    google.auth.transport.requests Making request: GET http://192.168.10.5/computeMetadata/v1/instance/service-accounts/tsingh54@ford.com/token
2023-06-23 02:36:52,630 DEBUG    urllib3.connectionpool http://192.168.10.5:80 "GET /computeMetadata/v1/instance/service-accounts/tsingh54@ford.com/token HTTP/1.1" 200 282
2023-06-23 02:36:52,663 DEBUG    root            Chosen display Format:default json
2023-06-23 02:36:52,663 INFO     root            Display format: "default json"
2023-06-23 02:36:52,664 INFO     ___FILE_ONLY___ {
  "configuration": {
    "active_configuration": "default",
    "properties": {
      "billing": {
        "quota_project": "ford-edb67bd0ec6cd881dfcac61b"
      },
      "core": {
        "account": "tsingh54@ford.com",
        "disable_usage_reporting": "True",
        "project": "ford-edb67bd0ec6cd881dfcac61b"
      }
    }
  },
  "credential": {
    "access_token": "ya29.a0AWY7CkkyWbKsnezD-YzswZysbi6pdqEXr6hSQsso_fek6exQh5_4e-lUJ8RwahAG1OwwAiUwWilgdoyKYdaeDjSfvg4tJV3N8soVJJfda9OUJHqEjY4t382mf77c9GGZC4yI2pGrtgW3PIWHoM7KHVZ7RUqW3Pg7LvPmgaunaCgYKAf4SARISFQG1tDrpDFKg4krE6Q6hY93oxekdqg0175",
    "id_token": null,
    "token_expiry": "2023-06-23T03:32:15Z"
  },
  "sentinels": {
    "config_sentinel": "/home/jupyter/.config/gcloud/config_sentinel"
  }
}
2023-06-23 02:36:52,664 INFO     ___FILE_ONLY___ 

2023-06-23 02:36:52,665 DEBUG    root            SDK update checks are disabled.
