2023-06-23 02:32:17,021 DEBUG    root            Loaded Command Group: ['gcloud', 'config']
2023-06-23 02:32:17,024 DEBUG    root            Loaded Command Group: ['gcloud', 'config', 'config_helper']
2023-06-23 02:32:17,027 DEBUG    root            Running [gcloud.config.config-helper] with arguments: [--format: "json"]
2023-06-23 02:32:17,035 DEBUG    google.auth.transport.requests Making request: GET http://metadata.google.internal/computeMetadata/v1/instance/service-accounts/notebooks-tp-sa@iaf194987454cb170-tp.iam.gserviceaccount.com/?recursive=true
2023-06-23 02:32:17,037 DEBUG    urllib3.connectionpool Starting new HTTP connection (1): metadata.google.internal:80
2023-06-23 02:32:17,040 DEBUG    urllib3.connectionpool http://metadata.google.internal:80 "GET /computeMetadata/v1/instance/service-accounts/notebooks-tp-sa@iaf194987454cb170-tp.iam.gserviceaccount.com/?recursive=true HTTP/1.1" 200 148
2023-06-23 02:32:17,041 DEBUG    google.auth.transport.requests Making request: GET http://metadata.google.internal/computeMetadata/v1/instance/service-accounts/notebooks-tp-sa@iaf194987454cb170-tp.iam.gserviceaccount.com/token
2023-06-23 02:32:17,044 DEBUG    urllib3.connectionpool http://metadata.google.internal:80 "GET /computeMetadata/v1/instance/service-accounts/notebooks-tp-sa@iaf194987454cb170-tp.iam.gserviceaccount.com/token HTTP/1.1" 200 866
2023-06-23 02:32:17,068 DEBUG    root            Chosen display Format:default json
2023-06-23 02:32:17,069 INFO     root            Display format: "default json"
2023-06-23 02:32:17,070 INFO     ___FILE_ONLY___ {
  "configuration": {
    "active_configuration": "default",
    "properties": {
      "billing": {
        "quota_project": "ford-edb67bd0ec6cd881dfcac61b"
      },
      "core": {
        "account": "notebooks-tp-sa@iaf194987454cb170-tp.iam.gserviceaccount.com",
        "disable_usage_reporting": "True",
        "project": "ford-edb67bd0ec6cd881dfcac61b"
      }
    }
  },
  "credential": {
    "access_token": "ya29.c.b0Aaekm1JTbZ9SuOvKAsfbgOTUOuJ8SwwagRwGk7faFVmaFd4yBrDsxIRw-XrlZMk2Ttlim9yR44KA5jCs6_ro1TX70p-gypSI2AWFPQ0Gv02-ny2bdjJreiJMZz2XpXDfGyKYlTytXKN_HWQ-CCGA6LwJAwwv4eNZEzEBXMKCmGZ0Qm0CjjJRK_urA4fBg2veQekYuhV9yliHPPz0iJXsvXB7Xo3x-zz66fwHbUCFwsGvYeeU_qlvZ6mEz68xlxGS1pIBby494hGXxc5OaW65rFMl8NfV9Qp29ABEbxnh9XRDpbVD9Xr4uySeAIrSp6tKKrqhSmB1c0BFVIN1L345CzldFoS8u8fQxpUsU2v9kop3US2S-bxzrcujhwpaalZR4Rtta4Vaxr0pcaboij4bz03Vta2FaRfooQXrfVOiMB1Om74chfsxhy8ZZg1bzUoQxu1QsZriqR6-uepp-o5QYhd1wBZobcgjJJWelxZMS444ZM9Uh3moRv6o_9sFk2iSYMQszVF9m6rYtOO4Roafr0rQ7fzfVSelUkYq6Qai0-euY_ks3wtIO7Rn8yze-vczVx3_os34nFg2U7giaanho7k6R0JbxXxc314850QzvOr8eOqa1XasYvw5xqg_hBhjwt2WM2V2Rf_cB4sr3M2M3ieMfvQtS-B3l0fB3y1mikFnynUhsplsmOgz-0YxM-vRUznWesnf5IRVgp5OnsoYeuphJqSO44m4bWfymnkbglSJ3UszR18Shnsjv26Ohxrp6zab9uB1XtbBsb18B1lkMO7ObRWoahnuQ9X9FW3aVxiBMFsZx06O-QMFX_nyYr5Y03jmmQ8wkXnJQXt9iqighbd0UdmWv7Ipw9Ii1iegcWRmzVwxR5Fm-boxJw884V0n98ceoBuM9I-fRt955Qmm2u-ZUkOrkIgQxBSRnJtMhiJx1aw8UaZmhOyRpoOeendlrJVsbVkaiqqS9ZlO1_B2_c3lp2R_fw07j4pvZwwMRSJ7ZQM0ikwV1nF",
    "id_token": "eyJhbGciOiJSUzI1NiIsImtpZCI6IjA1MTUwYTEzMjBiOTM5NWIwNTcxNjg3NzM3NjkyODUwOWJhYjQ0YWMiLCJ0eXAiOiJKV1QifQ.eyJhdWQiOiIzMjU1NTk0MDU1OS5hcHBzLmdvb2dsZXVzZXJjb250ZW50LmNvbSIsImF6cCI6IjEwOTI2NjY0NjMzMjAxODA1MjEwMSIsImV4cCI6MTY4NzQ5MTEzNywiaWF0IjoxNjg3NDg3NTM3LCJpc3MiOiJodHRwczovL2FjY291bnRzLmdvb2dsZS5jb20iLCJzdWIiOiIxMDkyNjY2NDYzMzIwMTgwNTIxMDEifQ.767gUsnnEYRiS9zWa8FnZUqhaI4h0Bv81cFxn5EaSAgSNTeuHn5Cp5fq31sVmYdpPnXUGlfCjQckRRqx_acZR2uMKC4kER9RobLjkemqvI86Y7-SMEUkT1-FW7sCjcjKzMHtaXIs4ssIHhADB37PxivhgHAFLqUhiIjb4hM8vdCDrcorFLb1DYnW-voneCqj3fC1cYfBZ-Bg8TsGZm-wHipW2X2pmTGsHFDltdeJ6zAcB9w_bt8ABXF7wHw8gAhRItTRbQztP2cr3m4Rve33oiRGz7lxAZXMncF3SIUTz1oWDLJqBccQtHy2svCm3XoNkCP6B1Zzd2hTKvn0Pu8peA",
    "token_expiry": "2023-06-23T03:05:47Z"
  },
  "sentinels": {
    "config_sentinel": "/home/jupyter/.config/gcloud/config_sentinel"
  }
}
2023-06-23 02:32:17,070 INFO     ___FILE_ONLY___ 

2023-06-23 02:32:17,070 DEBUG    root            SDK update checks are disabled.
