2023-06-23 03:28:29,175 DEBUG    root            Loaded Command Group: ['gcloud', 'config']
2023-06-23 03:28:29,178 DEBUG    root            Loaded Command Group: ['gcloud', 'config', 'config_helper']
2023-06-23 03:28:29,181 DEBUG    root            Running [gcloud.config.config-helper] with arguments: [--format: "json"]
2023-06-23 03:28:29,186 DEBUG    google.auth.transport.requests Making request: GET http://192.168.10.5/computeMetadata/v1/instance/service-accounts/tsingh54@ford.com/?recursive=true
2023-06-23 03:28:29,189 DEBUG    urllib3.connectionpool Starting new HTTP connection (1): 192.168.10.5:80
2023-06-23 03:28:29,190 DEBUG    urllib3.connectionpool http://192.168.10.5:80 "GET /computeMetadata/v1/instance/service-accounts/tsingh54@ford.com/?recursive=true HTTP/1.1" 200 212
2023-06-23 03:28:29,191 DEBUG    google.auth.transport.requests Making request: GET http://192.168.10.5/computeMetadata/v1/instance/service-accounts/tsingh54@ford.com/token
2023-06-23 03:28:29,193 DEBUG    urllib3.connectionpool http://192.168.10.5:80 "GET /computeMetadata/v1/instance/service-accounts/tsingh54@ford.com/token HTTP/1.1" 200 282
2023-06-23 03:28:29,224 DEBUG    root            Chosen display Format:default json
2023-06-23 03:28:29,225 INFO     root            Display format: "default json"
2023-06-23 03:28:29,226 INFO     ___FILE_ONLY___ {
  "configuration": {
    "active_configuration": "default",
    "properties": {
      "billing": {
        "quota_project": "ford-edb67bd0ec6cd881dfcac61b"
      },
      "core": {
        "account": "tsingh54@ford.com",
        "disable_usage_reporting": "True",
        "project": "ford-edb67bd0ec6cd881dfcac61b"
      }
    }
  },
  "credential": {
    "access_token": "ya29.a0AWY7CklyOGgS_0BWTSM3LlX8JTRM2R3_pxB_43s-Dv324AU2NmUAi0wNQCRRnf9k0k8sAi70lp-jURlC2euWDm-bBdyNFTT8Ayai8Tzkp3jlVgf6-a9dpokkDIvCvNRY2x9syGbP6tESGjwvIRPmPZrerMbQgSxngFyhSmZHaCgYKAcISARISFQG1tDrpFssBAd8xSo96YZbFX23r8w0175",
    "id_token": null,
    "token_expiry": "2023-06-23T04:02:19Z"
  },
  "sentinels": {
    "config_sentinel": "/home/jupyter/.config/gcloud/config_sentinel"
  }
}
2023-06-23 03:28:29,226 INFO     ___FILE_ONLY___ 

2023-06-23 03:28:29,226 DEBUG    root            SDK update checks are disabled.
