2023-06-23 03:32:28,097 DEBUG    root            Loaded Command Group: ['gcloud', 'config']
2023-06-23 03:32:28,113 DEBUG    root            Loaded Command Group: ['gcloud', 'config', 'config_helper']
2023-06-23 03:32:28,116 DEBUG    root            Running [gcloud.config.config-helper] with arguments: [--format: "json"]
2023-06-23 03:32:28,124 DEBUG    google.auth.transport.requests Making request: GET http://metadata.google.internal/computeMetadata/v1/instance/service-accounts/notebooks-tp-sa@iaf194987454cb170-tp.iam.gserviceaccount.com/?recursive=true
2023-06-23 03:32:28,126 DEBUG    urllib3.connectionpool Starting new HTTP connection (1): metadata.google.internal:80
2023-06-23 03:32:28,128 DEBUG    urllib3.connectionpool http://metadata.google.internal:80 "GET /computeMetadata/v1/instance/service-accounts/notebooks-tp-sa@iaf194987454cb170-tp.iam.gserviceaccount.com/?recursive=true HTTP/1.1" 200 148
2023-06-23 03:32:28,129 DEBUG    google.auth.transport.requests Making request: GET http://metadata.google.internal/computeMetadata/v1/instance/service-accounts/notebooks-tp-sa@iaf194987454cb170-tp.iam.gserviceaccount.com/token
2023-06-23 03:32:28,132 DEBUG    urllib3.connectionpool http://metadata.google.internal:80 "GET /computeMetadata/v1/instance/service-accounts/notebooks-tp-sa@iaf194987454cb170-tp.iam.gserviceaccount.com/token HTTP/1.1" 200 865
2023-06-23 03:32:28,156 DEBUG    root            Chosen display Format:default json
2023-06-23 03:32:28,156 INFO     root            Display format: "default json"
2023-06-23 03:32:28,157 INFO     ___FILE_ONLY___ {
  "configuration": {
    "active_configuration": "default",
    "properties": {
      "billing": {
        "quota_project": "ford-edb67bd0ec6cd881dfcac61b"
      },
      "core": {
        "account": "notebooks-tp-sa@iaf194987454cb170-tp.iam.gserviceaccount.com",
        "disable_usage_reporting": "True",
        "project": "ford-edb67bd0ec6cd881dfcac61b"
      }
    }
  },
  "credential": {
    "access_token": "ya29.c.b0Aaekm1KnFxwAlJ-uNxofn0gZfT1eiBGaNfvUoZv1sJYsJIrJkRo0rQiS5Wy5ej8NutcOB1WEY_nARVp8--pKPgtO8SSjzhhL-I5Qs43LgrlRP5WcJSKAMArniFMgVYE34Opzlmnv21Xmo6bPIhse2zmTe7_3JbwyVK9XPXa4JYkuPoDeptSk2MBbkmYr_c-74ZzY7WT5-_JrwoDDek_Ei6Lk_9LvBNJOYkyhol7me-k79wvtYf5dJv6MmjPrygBWCk1l2qgaqelGsdIyXz1qDJrKPg0U5YPZoy7YORdBZ24AC-SKgfF_3FLRi73YPQFcCTCNbedhyXvTd750N345D4owOi2RsijteOfzroYBSv9wc_1R0X9WxQ94tse-t7ZxIu4_2izS36nlZQZXoXuXJ7U08YyV05x5yBMzwywht0226o9awSxxghFwfgwpcW4sRqVpt-l5ydque2giB8J9g61MUgJp0bSJ8X4Yczim-l31IxWqYmIwR2U4wUebUFU6XYnwbrjoxIglrvBmaZ5YXaksxbgrh-iU7gU2OIs9S4cRd2U6MJeplmoc8-k_vXx5Ux_RXu1alz1vxb8MxtuVi51iSjt1V4OUXdZmf0ipe6ndMgFF9Fn2wSvamSdm9FaJjvZeOhr4zYvrr8XbqF3XtmBOaW3oX3uaew1umm1VWriBYxSJOluFv8162ISmOwhjxQZwYg0qzhqo0hx5qgtwIpXiRYh2RY1-sx45B02cuxRgFh749ow-8fJ1kYIo9kxFv5WoVkB-BjcoUJq7743UY72mbVWvhb9R443V5ogj6fOexXUV4-n7Mym3immyzhnZ2y5apI-1b6h-V7-xsjSyqhnxr_V7_npw6F2rt05mwOM8FX7nragUdg08xJaegIUaXBX7a5ohfsZplFSneUWy06Y5Szsli5YsfmitpU3RrIMO74yr47pj1QwtsbmWhscU_8R-hM5mphrXuWYIfXQWk0pvmxxS-he_hUOfizU4x5ly-yb3n6JqVWQ",
    "id_token": "eyJhbGciOiJSUzI1NiIsImtpZCI6IjA1MTUwYTEzMjBiOTM5NWIwNTcxNjg3NzM3NjkyODUwOWJhYjQ0YWMiLCJ0eXAiOiJKV1QifQ.eyJhdWQiOiIzMjU1NTk0MDU1OS5hcHBzLmdvb2dsZXVzZXJjb250ZW50LmNvbSIsImF6cCI6IjEwOTI2NjY0NjMzMjAxODA1MjEwMSIsImV4cCI6MTY4NzQ5NDc0OCwiaWF0IjoxNjg3NDkxMTQ4LCJpc3MiOiJodHRwczovL2FjY291bnRzLmdvb2dsZS5jb20iLCJzdWIiOiIxMDkyNjY2NDYzMzIwMTgwNTIxMDEifQ.sshA33SNLb7fvX_YLG-ZtSw--94ZaArBwmrOAHjyIeM8edgzcoeqMfNext5DTxcVk974uOkI6XjN-T6ZRcjL4DEn2zKQ1Uz9paeCanuhJVKh45B_TW86vLGRs0jvHu2waP85nIK6IFBDPJ_noCgQziLnZO1ubJzvvlpnUQQteO5TxQj7CvnrvzDi_dNDuxsEQlLxo4N1zJ7Ti5Up4mdPJ2y7BoM9zrw5ffhxc6PmkQsfJchgVnIIlxOGEa6L8k57GMKbejudFT-MFBQkgsCYWF1v95ehOk-tuS1Y_SQLoY9ElLoPOU_cbdkFJ_jFoWSZ3387kd5O9ZQ2LxYTjEK1YQ",
    "token_expiry": "2023-06-23T04:08:02Z"
  },
  "sentinels": {
    "config_sentinel": "/home/jupyter/.config/gcloud/config_sentinel"
  }
}
2023-06-23 03:32:28,157 INFO     ___FILE_ONLY___ 

2023-06-23 03:32:28,158 DEBUG    root            SDK update checks are disabled.
