2023-06-23 03:50:42,357 DEBUG    root            Loaded Command Group: ['gcloud', 'config']
2023-06-23 03:50:42,360 DEBUG    root            Loaded Command Group: ['gcloud', 'config', 'config_helper']
2023-06-23 03:50:42,363 DEBUG    root            Running [gcloud.config.config-helper] with arguments: [--format: "json"]
2023-06-23 03:50:42,369 DEBUG    google.auth.transport.requests Making request: GET http://192.168.10.5/computeMetadata/v1/instance/service-accounts/tsingh54@ford.com/?recursive=true
2023-06-23 03:50:42,371 DEBUG    urllib3.connectionpool Starting new HTTP connection (1): 192.168.10.5:80
2023-06-23 03:50:42,373 DEBUG    urllib3.connectionpool http://192.168.10.5:80 "GET /computeMetadata/v1/instance/service-accounts/tsingh54@ford.com/?recursive=true HTTP/1.1" 200 212
2023-06-23 03:50:42,373 DEBUG    google.auth.transport.requests Making request: GET http://192.168.10.5/computeMetadata/v1/instance/service-accounts/tsingh54@ford.com/token
2023-06-23 03:50:42,376 DEBUG    urllib3.connectionpool http://192.168.10.5:80 "GET /computeMetadata/v1/instance/service-accounts/tsingh54@ford.com/token HTTP/1.1" 200 282
2023-06-23 03:50:42,408 DEBUG    root            Chosen display Format:default json
2023-06-23 03:50:42,408 INFO     root            Display format: "default json"
2023-06-23 03:50:42,409 INFO     ___FILE_ONLY___ {
  "configuration": {
    "active_configuration": "default",
    "properties": {
      "billing": {
        "quota_project": "ford-edb67bd0ec6cd881dfcac61b"
      },
      "core": {
        "account": "tsingh54@ford.com",
        "disable_usage_reporting": "True",
        "project": "ford-edb67bd0ec6cd881dfcac61b"
      }
    }
  },
  "credential": {
    "access_token": "ya29.a0AWY7CkkT3r3OIHhCyXc7lfr_J3PRLN8j8jZ2LnB6Omige0Lgp1C8nrpjY5b6Csgv6wkqY2jC89P7uG1j0URSSeZ1gQWjcpoI77T9ypT9WvnWBxJE1VAwKgfcWeMOeCWLQPauORV6KISSg5mYW_fLA3ibboZnHvEPoovwTmZBaCgYKAagSARISFQG1tDrp1o8tnd9sE3WJw_xFms2wRw0175",
    "id_token": null,
    "token_expiry": "2023-06-23T04:32:26Z"
  },
  "sentinels": {
    "config_sentinel": "/home/jupyter/.config/gcloud/config_sentinel"
  }
}
2023-06-23 03:50:42,409 INFO     ___FILE_ONLY___ 

2023-06-23 03:50:42,409 DEBUG    root            SDK update checks are disabled.
