2023-06-23 04:01:22,616 DEBUG    root            Loaded Command Group: ['gcloud', 'config']
2023-06-23 04:01:22,618 DEBUG    root            Loaded Command Group: ['gcloud', 'config', 'config_helper']
2023-06-23 04:01:22,621 DEBUG    root            Running [gcloud.config.config-helper] with arguments: [--format: "json"]
2023-06-23 04:01:22,627 DEBUG    google.auth.transport.requests Making request: GET http://192.168.10.5/computeMetadata/v1/instance/service-accounts/tsingh54@ford.com/?recursive=true
2023-06-23 04:01:22,630 DEBUG    urllib3.connectionpool Starting new HTTP connection (1): 192.168.10.5:80
2023-06-23 04:01:22,631 DEBUG    urllib3.connectionpool http://192.168.10.5:80 "GET /computeMetadata/v1/instance/service-accounts/tsingh54@ford.com/?recursive=true HTTP/1.1" 200 212
2023-06-23 04:01:22,632 DEBUG    google.auth.transport.requests Making request: GET http://192.168.10.5/computeMetadata/v1/instance/service-accounts/tsingh54@ford.com/token
2023-06-23 04:01:22,635 DEBUG    urllib3.connectionpool http://192.168.10.5:80 "GET /computeMetadata/v1/instance/service-accounts/tsingh54@ford.com/token HTTP/1.1" 200 282
2023-06-23 04:01:22,665 DEBUG    root            Chosen display Format:default json
2023-06-23 04:01:22,666 INFO     root            Display format: "default json"
2023-06-23 04:01:22,667 INFO     ___FILE_ONLY___ {
  "configuration": {
    "active_configuration": "default",
    "properties": {
      "billing": {
        "quota_project": "ford-edb67bd0ec6cd881dfcac61b"
      },
      "core": {
        "account": "tsingh54@ford.com",
        "disable_usage_reporting": "True",
        "project": "ford-edb67bd0ec6cd881dfcac61b"
      }
    }
  },
  "credential": {
    "access_token": "ya29.a0AWY7CkkT3r3OIHhCyXc7lfr_J3PRLN8j8jZ2LnB6Omige0Lgp1C8nrpjY5b6Csgv6wkqY2jC89P7uG1j0URSSeZ1gQWjcpoI77T9ypT9WvnWBxJE1VAwKgfcWeMOeCWLQPauORV6KISSg5mYW_fLA3ibboZnHvEPoovwTmZBaCgYKAagSARISFQG1tDrp1o8tnd9sE3WJw_xFms2wRw0175",
    "id_token": null,
    "token_expiry": "2023-06-23T04:32:26Z"
  },
  "sentinels": {
    "config_sentinel": "/home/jupyter/.config/gcloud/config_sentinel"
  }
}
2023-06-23 04:01:22,667 INFO     ___FILE_ONLY___ 

2023-06-23 04:01:22,667 DEBUG    root            SDK update checks are disabled.
