2023-06-23 04:32:35,779 DEBUG    root            Loaded Command Group: ['gcloud', 'config']
2023-06-23 04:32:35,782 DEBUG    root            Loaded Command Group: ['gcloud', 'config', 'config_helper']
2023-06-23 04:32:35,785 DEBUG    root            Running [gcloud.config.config-helper] with arguments: [--format: "json"]
2023-06-23 04:32:35,792 DEBUG    google.auth.transport.requests Making request: GET http://metadata.google.internal/computeMetadata/v1/instance/service-accounts/notebooks-tp-sa@iaf194987454cb170-tp.iam.gserviceaccount.com/?recursive=true
2023-06-23 04:32:35,794 DEBUG    urllib3.connectionpool Starting new HTTP connection (1): metadata.google.internal:80
2023-06-23 04:32:35,796 DEBUG    urllib3.connectionpool http://metadata.google.internal:80 "GET /computeMetadata/v1/instance/service-accounts/notebooks-tp-sa@iaf194987454cb170-tp.iam.gserviceaccount.com/?recursive=true HTTP/1.1" 200 148
2023-06-23 04:32:35,797 DEBUG    google.auth.transport.requests Making request: GET http://metadata.google.internal/computeMetadata/v1/instance/service-accounts/notebooks-tp-sa@iaf194987454cb170-tp.iam.gserviceaccount.com/token
2023-06-23 04:32:35,800 DEBUG    urllib3.connectionpool http://metadata.google.internal:80 "GET /computeMetadata/v1/instance/service-accounts/notebooks-tp-sa@iaf194987454cb170-tp.iam.gserviceaccount.com/token HTTP/1.1" 200 868
2023-06-23 04:32:35,824 DEBUG    root            Chosen display Format:default json
2023-06-23 04:32:35,825 INFO     root            Display format: "default json"
2023-06-23 04:32:35,825 INFO     ___FILE_ONLY___ {
  "configuration": {
    "active_configuration": "default",
    "properties": {
      "billing": {
        "quota_project": "ford-edb67bd0ec6cd881dfcac61b"
      },
      "core": {
        "account": "notebooks-tp-sa@iaf194987454cb170-tp.iam.gserviceaccount.com",
        "disable_usage_reporting": "True",
        "project": "ford-edb67bd0ec6cd881dfcac61b"
      }
    }
  },
  "credential": {
    "access_token": "ya29.c.b0Aaekm1LxTkyRr0fLfhlqydX_eT3V1ZC5o3GoxcjAtyEnYabB6w4V-wwdWL-zYsfRt2h5D2yyVeGJOJQz3evtDLhD6IMal2oYAnIDNJ2DBK6VMfYzjVPk8LCmP9GBJP9Yfiown11up8Vy-sh84S9xHCn7F5qXmhZxuHqkfzFWASRf9VW10am3PGtUA7USYd_PKnk8AecawT_4Xz1XxxaU49OrhaqkPN8uDBYfYogzlo9FU4vhd2_QsNo1NLoMui2FOcAGgMZFFwoOwCzVAyiiTkvNjv-7hPmMV7CSK1EodICZDUhoED2QE-huFBoR3zZiADdt0SwwQ4qQEaY3XwL347KwZsvwsfcu1b69SmFz0yJiBvxjIgo5Uyld52vug6xRRyFtFXdBV9g8BXfoBrcg31qn1XWJJ_YxXhpJWnXnWvXdb2R5vcc4_IlpiSV1tI5SOq54I86l7rBrU9QFUFzvW64c0RchOnkmppxvU9Jzqcr3uYXFhtmodO4Vsmrkiy63Qsdlkq2eu7bwiIsR81nuFQ6bQg8lkOogdtVbf2V7R19FYkbVd0ktzayVosirry5o-yQYkJOX5Bm1028S22snucIxok0B1Uews-BO1i8tIk30qthZ3xJUQSogjOb8lfqUIOmcBf1djv4lkB1e4_MvcOFb6k7exZeRIORx03Xad56npFv0iQratJs1dfrSQ0J3ytruOsr2M0R9vcg1ugW5lnm241xou0BW_6s8lRcQjUZxxkQwJvotdacJF5M4bZJqtFUV4J4sb0U9Uf1rQ8O86eVU-5ytzw1QlfjdZ3Fc9X5nIds0Z0-j5lmSq7hI34k-Iw9w5pgOte9yZ6lZwSzUvySwg145u3XtOJxujjuab6mjpzR80aq0dikvYxwXOW5tk3aaiIMuUpmojeqa2cXSIrJ9Rhasmp-dQWFWeR0lsWIMfe1wjIjZUgJ65J-ljvcmIMf2Sxh692bwepeIVozc9Rj3woyX7WwwSQb523uUnaqy1Y8Qfl9FohI",
    "id_token": "eyJhbGciOiJSUzI1NiIsImtpZCI6IjA1MTUwYTEzMjBiOTM5NWIwNTcxNjg3NzM3NjkyODUwOWJhYjQ0YWMiLCJ0eXAiOiJKV1QifQ.eyJhdWQiOiIzMjU1NTk0MDU1OS5hcHBzLmdvb2dsZXVzZXJjb250ZW50LmNvbSIsImF6cCI6IjEwOTI2NjY0NjMzMjAxODA1MjEwMSIsImV4cCI6MTY4NzQ5ODM1NSwiaWF0IjoxNjg3NDk0NzU1LCJpc3MiOiJodHRwczovL2FjY291bnRzLmdvb2dsZS5jb20iLCJzdWIiOiIxMDkyNjY2NDYzMzIwMTgwNTIxMDEifQ.C_DEU-JVA6TNlpiFZwYBauLN6fAY2xBWZqJcjxKsO6DVzmEmWwCzuGmeEQ26jr3BoYPX2d6SjIb6hEeA-Ml3f3rXASyLOE-kBMfOV_AlG0y3W-TJ1His7aAr13zm066gb6QgDwEAGoAURC8t_Jiuz8foVSa3jLDAi8pB6F8viELArIWm18HQfpfaP5jULdy2_ATpEVcTp2-Jtq_7k5mjpJsF2s1j52kIUnJpblfJ70j9b0ZBxRyJYuwYyk4Nmm1wr6sVGBWlFMeP8aIEHMGN7tvor7xDjoRFGKAdOxfLebocsfbizbUPPAzR8OI0H1C6jo4o5XcolYowELawJqts-g",
    "token_expiry": "2023-06-23T05:15:30Z"
  },
  "sentinels": {
    "config_sentinel": "/home/jupyter/.config/gcloud/config_sentinel"
  }
}
2023-06-23 04:32:35,825 INFO     ___FILE_ONLY___ 

2023-06-23 04:32:35,826 DEBUG    root            SDK update checks are disabled.
