2023-06-23 04:45:52,565 DEBUG    root            Loaded Command Group: ['gcloud', 'config']
2023-06-23 04:45:52,568 DEBUG    root            Loaded Command Group: ['gcloud', 'config', 'config_helper']
2023-06-23 04:45:52,571 DEBUG    root            Running [gcloud.config.config-helper] with arguments: [--format: "json"]
2023-06-23 04:45:52,576 DEBUG    google.auth.transport.requests Making request: GET http://192.168.10.5/computeMetadata/v1/instance/service-accounts/tsingh54@ford.com/?recursive=true
2023-06-23 04:45:52,578 DEBUG    urllib3.connectionpool Starting new HTTP connection (1): 192.168.10.5:80
2023-06-23 04:45:52,579 DEBUG    urllib3.connectionpool http://192.168.10.5:80 "GET /computeMetadata/v1/instance/service-accounts/tsingh54@ford.com/?recursive=true HTTP/1.1" 200 212
2023-06-23 04:45:52,580 DEBUG    google.auth.transport.requests Making request: GET http://192.168.10.5/computeMetadata/v1/instance/service-accounts/tsingh54@ford.com/token
2023-06-23 04:45:52,582 DEBUG    urllib3.connectionpool http://192.168.10.5:80 "GET /computeMetadata/v1/instance/service-accounts/tsingh54@ford.com/token HTTP/1.1" 200 282
2023-06-23 04:45:52,612 DEBUG    root            Chosen display Format:default json
2023-06-23 04:45:52,613 INFO     root            Display format: "default json"
2023-06-23 04:45:52,614 INFO     ___FILE_ONLY___ {
  "configuration": {
    "active_configuration": "default",
    "properties": {
      "billing": {
        "quota_project": "ford-edb67bd0ec6cd881dfcac61b"
      },
      "core": {
        "account": "tsingh54@ford.com",
        "disable_usage_reporting": "True",
        "project": "ford-edb67bd0ec6cd881dfcac61b"
      }
    }
  },
  "credential": {
    "access_token": "ya29.a0AWY7Ckkw8Mpg-5VhSGSQJ24O9f0UHMZSfv416zBam1ZF34obk2lEHUlyA0uBDHe1DixXHsi1q2pNGZQwv1S09KFkuMbZDb2pnGR6-PRbD9eOsKea1G4tOT15fmiIfpvBQOV5PcaLCHXBBwhdDXjMQgD5FFFB_ZJMvHkFWf27aCgYKAXQSARISFQG1tDrpupVZYdY6jZ73wht7exX2Hg0175",
    "id_token": null,
    "token_expiry": "2023-06-23T05:32:34Z"
  },
  "sentinels": {
    "config_sentinel": "/home/jupyter/.config/gcloud/config_sentinel"
  }
}
2023-06-23 04:45:52,614 INFO     ___FILE_ONLY___ 

2023-06-23 04:45:52,614 DEBUG    root            SDK update checks are disabled.
