2023-06-23 05:02:35,492 DEBUG    root            Loaded Command Group: ['gcloud', 'config']
2023-06-23 05:02:35,494 DEBUG    root            Loaded Command Group: ['gcloud', 'config', 'config_helper']
2023-06-23 05:02:35,497 DEBUG    root            Running [gcloud.config.config-helper] with arguments: [--format: "json"]
2023-06-23 05:02:35,505 DEBUG    google.auth.transport.requests Making request: GET http://metadata.google.internal/computeMetadata/v1/instance/service-accounts/notebooks-tp-sa@iaf194987454cb170-tp.iam.gserviceaccount.com/?recursive=true
2023-06-23 05:02:35,507 DEBUG    urllib3.connectionpool Starting new HTTP connection (1): metadata.google.internal:80
2023-06-23 05:02:35,509 DEBUG    urllib3.connectionpool http://metadata.google.internal:80 "GET /computeMetadata/v1/instance/service-accounts/notebooks-tp-sa@iaf194987454cb170-tp.iam.gserviceaccount.com/?recursive=true HTTP/1.1" 200 148
2023-06-23 05:02:35,510 DEBUG    google.auth.transport.requests Making request: GET http://metadata.google.internal/computeMetadata/v1/instance/service-accounts/notebooks-tp-sa@iaf194987454cb170-tp.iam.gserviceaccount.com/token
2023-06-23 05:02:35,513 DEBUG    urllib3.connectionpool http://metadata.google.internal:80 "GET /computeMetadata/v1/instance/service-accounts/notebooks-tp-sa@iaf194987454cb170-tp.iam.gserviceaccount.com/token HTTP/1.1" 200 868
2023-06-23 05:02:35,535 DEBUG    root            Chosen display Format:default json
2023-06-23 05:02:35,535 INFO     root            Display format: "default json"
2023-06-23 05:02:35,536 INFO     ___FILE_ONLY___ {
  "configuration": {
    "active_configuration": "default",
    "properties": {
      "billing": {
        "quota_project": "ford-edb67bd0ec6cd881dfcac61b"
      },
      "core": {
        "account": "notebooks-tp-sa@iaf194987454cb170-tp.iam.gserviceaccount.com",
        "disable_usage_reporting": "True",
        "project": "ford-edb67bd0ec6cd881dfcac61b"
      }
    }
  },
  "credential": {
    "access_token": "ya29.c.b0Aaekm1IaNDFMKo0PAEN7Da3ew5nhi2ZQ0ui43WgSM4s7CH1PCRUcfNu9ZfMYdm1_I0q7dksJ3y-nNtK2-WzjiSdPw1_ESmQyODRYeaytzfeCcLoJ0CIdAG3VwS6PvRaxAffpf9t-r7lq1ntFlH5qdw4XNcTD8j8T0Nbc4FJfNRG_GmqQZRs_td5QdXfJhGDy81dbohb2YnZflKBOOkgBdWI_wxvIiSB0SC53wG1muJSumrSjkiURIhaOO_mpbenCrmA9dZSzXJ_G6IHn4Q4lQVT93hQIih0Aci0qcoJvmeSjY5c_75DAv0bzxcp9LuqxAtZR6XISvKlWSqEe3QN347C6fd0qW04lsg1_v71upfzYvJd3lSd5rpYm-nB6JJp5WvXsZ1d6qro0W5dv7UXiZXf20MrfVt2IXBoacrQsd5VSa0nJihUs2_Sn6pB_9Rn65u3zpihSrsk0q_MvSUd-By2gRM25s0bu9ezoIgm6IOQ_oMmsv1xwnmJjSv8nf1ypiWY_qcYFten2v-9X9pu2xi_iaw7F14wWggw0z3i8B_x8_yZm82ht651vtdazXwdt1wlMMiZ-swo9nauiypbt5Xph6ndcIxlOUkyynWrFUJ5QqsisiUwboBV3O1Ro6bOBUjhZ7BwgioIQVtm0hBnli3Si8UXf0e25IU5q16UQmmgm-fhZbds9kF6s0gryY0gqUbyMO53V849pJ7Qpt64y8lug4WnZ3O3JVwb6fp9-iiqzjqOI5Q_xxUpJ7zm2hbmcU8yQ6BiXd8fraSBRQ7lej4rcyyubabe686nYypp4I6pUr5h1FevzaYnVtw3gwUoB2Sdy3xtOxjvIJs-996Xs4pk2FBOn9IrU3OJJxpbjJhM0wavyakpk4jQi7p5_nmMulZrdwMV1_1lYsXxFIsIJ-Il4dUYBk0vjaF6M5l41oV34ai6gdwkrmdYvk19B61u17to7UJhe2g51bF2fSSwlsI2Uky4Juh3Zlsiqy9g0psouJRzMJ5iMSXQ",
    "id_token": "eyJhbGciOiJSUzI1NiIsImtpZCI6IjA1MTUwYTEzMjBiOTM5NWIwNTcxNjg3NzM3NjkyODUwOWJhYjQ0YWMiLCJ0eXAiOiJKV1QifQ.eyJhdWQiOiIzMjU1NTk0MDU1OS5hcHBzLmdvb2dsZXVzZXJjb250ZW50LmNvbSIsImF6cCI6IjEwOTI2NjY0NjMzMjAxODA1MjEwMSIsImV4cCI6MTY4NzUwMDE1NSwiaWF0IjoxNjg3NDk2NTU1LCJpc3MiOiJodHRwczovL2FjY291bnRzLmdvb2dsZS5jb20iLCJzdWIiOiIxMDkyNjY2NDYzMzIwMTgwNTIxMDEifQ.Fr3uV7tmC5FxN1fStxSyj1hFHnuhyEdDpBaa4wIqQPUtSYZneOsBHD1DhW_E1SF__cyuqX5kknuvB7_maqRzcEtfzK4dEXMkKGIowjTpldU5VoVdyH5fNuCLNgZNJm2oqY0p8UmVDeoBBBUH-b-dK5uQhjPBH071Iouy6lg0s6iwWq64dUrv5i0hWOO3ahW_FhA0S6Ww43QEdEe7BEtMc9-WCSNf_jX-I07OS1T7aE4xkLpMFNdiRaEii5Q0zRCR5m5SBFWVUNuR8qteJRGxj54iDSmdkuLMCUcKDNuphKdQ9EfXb2as0SD798AhFbuzZwl4-2Vl9MKfOYqBzMiBgg",
    "token_expiry": "2023-06-23T05:41:02Z"
  },
  "sentinels": {
    "config_sentinel": "/home/jupyter/.config/gcloud/config_sentinel"
  }
}
2023-06-23 05:02:35,536 INFO     ___FILE_ONLY___ 

2023-06-23 05:02:35,536 DEBUG    root            SDK update checks are disabled.
