2023-06-23 05:40:22,596 DEBUG    root            Loaded Command Group: ['gcloud', 'config']
2023-06-23 05:40:22,599 DEBUG    root            Loaded Command Group: ['gcloud', 'config', 'config_helper']
2023-06-23 05:40:22,602 DEBUG    root            Running [gcloud.config.config-helper] with arguments: [--format: "json"]
2023-06-23 05:40:22,611 DEBUG    google.auth.transport.requests Making request: GET http://192.168.10.5/computeMetadata/v1/instance/service-accounts/tsingh54@ford.com/?recursive=true
2023-06-23 05:40:22,613 DEBUG    urllib3.connectionpool Starting new HTTP connection (1): 192.168.10.5:80
2023-06-23 05:40:22,614 DEBUG    urllib3.connectionpool http://192.168.10.5:80 "GET /computeMetadata/v1/instance/service-accounts/tsingh54@ford.com/?recursive=true HTTP/1.1" 200 212
2023-06-23 05:40:22,615 DEBUG    google.auth.transport.requests Making request: GET http://192.168.10.5/computeMetadata/v1/instance/service-accounts/tsingh54@ford.com/token
2023-06-23 05:40:22,617 DEBUG    urllib3.connectionpool http://192.168.10.5:80 "GET /computeMetadata/v1/instance/service-accounts/tsingh54@ford.com/token HTTP/1.1" 200 282
2023-06-23 05:40:22,650 DEBUG    root            Chosen display Format:default json
2023-06-23 05:40:22,651 INFO     root            Display format: "default json"
2023-06-23 05:40:22,652 INFO     ___FILE_ONLY___ {
  "configuration": {
    "active_configuration": "default",
    "properties": {
      "billing": {
        "quota_project": "ford-edb67bd0ec6cd881dfcac61b"
      },
      "core": {
        "account": "tsingh54@ford.com",
        "disable_usage_reporting": "True",
        "project": "ford-edb67bd0ec6cd881dfcac61b"
      }
    }
  },
  "credential": {
    "access_token": "ya29.a0AWY7CkmM2iQuEopLs8kGEOZ4rSErYFjVu3uuPlHMjoKA05T2VjZO2prApiBvXCPmolC2dcPPXvSC2Lyek4CrUptb4sgD88mRC3DobfTtvQQ592JZpUWc9y0COHxqiNpVT_4EgvxOF6eezRYQOHvtENMIJTIYaCXKXLUXRSenaCgYKAUoSARISFQG1tDrpnYxvD1i04Wt12kDlk6jdhw0175",
    "id_token": null,
    "token_expiry": "2023-06-23T06:33:00Z"
  },
  "sentinels": {
    "config_sentinel": "/home/jupyter/.config/gcloud/config_sentinel"
  }
}
2023-06-23 05:40:22,652 INFO     ___FILE_ONLY___ 

2023-06-23 05:40:22,652 DEBUG    root            SDK update checks are disabled.
