2023-06-23 06:03:14,801 DEBUG    root            Loaded Command Group: ['gcloud', 'config']
2023-06-23 06:03:14,804 DEBUG    root            Loaded Command Group: ['gcloud', 'config', 'config_helper']
2023-06-23 06:03:14,807 DEBUG    root            Running [gcloud.config.config-helper] with arguments: [--format: "json"]
2023-06-23 06:03:14,816 DEBUG    google.auth.transport.requests Making request: GET http://metadata.google.internal/computeMetadata/v1/instance/service-accounts/notebooks-tp-sa@iaf194987454cb170-tp.iam.gserviceaccount.com/?recursive=true
2023-06-23 06:03:14,819 DEBUG    urllib3.connectionpool Starting new HTTP connection (1): metadata.google.internal:80
2023-06-23 06:03:14,821 DEBUG    urllib3.connectionpool http://metadata.google.internal:80 "GET /computeMetadata/v1/instance/service-accounts/notebooks-tp-sa@iaf194987454cb170-tp.iam.gserviceaccount.com/?recursive=true HTTP/1.1" 200 148
2023-06-23 06:03:14,822 DEBUG    google.auth.transport.requests Making request: GET http://metadata.google.internal/computeMetadata/v1/instance/service-accounts/notebooks-tp-sa@iaf194987454cb170-tp.iam.gserviceaccount.com/token
2023-06-23 06:03:14,825 DEBUG    urllib3.connectionpool http://metadata.google.internal:80 "GET /computeMetadata/v1/instance/service-accounts/notebooks-tp-sa@iaf194987454cb170-tp.iam.gserviceaccount.com/token HTTP/1.1" 200 870
2023-06-23 06:03:14,851 DEBUG    root            Chosen display Format:default json
2023-06-23 06:03:14,852 INFO     root            Display format: "default json"
2023-06-23 06:03:14,853 INFO     ___FILE_ONLY___ {
  "configuration": {
    "active_configuration": "default",
    "properties": {
      "billing": {
        "quota_project": "ford-edb67bd0ec6cd881dfcac61b"
      },
      "core": {
        "account": "notebooks-tp-sa@iaf194987454cb170-tp.iam.gserviceaccount.com",
        "disable_usage_reporting": "True",
        "project": "ford-edb67bd0ec6cd881dfcac61b"
      }
    }
  },
  "credential": {
    "access_token": "ya29.c.b0Aaekm1K7RiBLWvW8eXhDfkNts5WWJ6FpiXMYDod8e8wH8CApaTPVlrryNjt16S6BnsJK2C_TGcCtXRH0c7FOjJta1_R1xw19bfsrddE4S6Mnq-uMx2zckr56MyFknM5J8rVPeGMD1ZkKr0wWM9dCC-N13vGp2XgW2VQm-P9z7homAQ76jfUBIhLChe1G7ZPLYHO1q57DXFUF73gDYm7oQGq65b7A1yl5qdeWXc0rNyFgO-A_M8SxPDcBgigFHA8LA_7VH1ilJQGqNTYKBaXKENsqSijUmDOJoKFT6fHLpZQuWevBYHURRq-RekIdB2IVdd--6Qx2jIdWcQHsPQE347P-Q4n_wYJUWdWh9dew3QlUky0O4UFF1tSzveiigR_kv42vOu2M5eW3QiYwMfXZItbqRkeruUZb6g6WjpXVlgYjfzMJ_pYv1Qq7fUYd2ntkcQJBz8V4pWrsioFW2ygkomvQ--RkJr_n-cn1q7yx8br0aWf8rrmsnpdei-Fb_Irmimc1jMQX3zBwprefyV_oU45MWl3fvkw4r6iwjFmOY9FOjfU00O8_mM04Irkp-agBIWnkQn5Oms6FJl6o78Ji21OsOjIxp-btfhvY3Y3su91tVovnsxgzok8QUlOYqWFIeckdqqn9WXUcOBkm-qjQ9wsrd36g-36sSmoydU6lIg24n4awhimvsIr7YtljFOv1t8JQ0fx5xRoug85gZ9wjFv56SfbiXlZJlzrWk-nJc4pV1w-tuIztkeOe7fmMuQi4_Ib4SciI81gIRk7g6Fk2WyrqfyQ5ezu3z2Mow3WB9emm8risls2hhwaar3rS1gu-Vh6dSJapsu681_bot2kIyWhFQ-1V3Jja4lRqkMIO9mqvvVMkmrkf4cWQyQgayl9UrmZdol0nSpwXUh0dIJW5rhRB2tfoOYuVfyXbjUkkh276-k5RRRl5pl3voS3Qz62uVSW7gne8S_U76wdI2wllbUf9-gyMXp25QgcZZntt83BU5FRjUcSwbII",
    "id_token": "eyJhbGciOiJSUzI1NiIsImtpZCI6IjA1MTUwYTEzMjBiOTM5NWIwNTcxNjg3NzM3NjkyODUwOWJhYjQ0YWMiLCJ0eXAiOiJKV1QifQ.eyJhdWQiOiIzMjU1NTk0MDU1OS5hcHBzLmdvb2dsZXVzZXJjb250ZW50LmNvbSIsImF6cCI6IjEwOTI2NjY0NjMzMjAxODA1MjEwMSIsImV4cCI6MTY4NzUwMzc5NCwiaWF0IjoxNjg3NTAwMTk0LCJpc3MiOiJodHRwczovL2FjY291bnRzLmdvb2dsZS5jb20iLCJzdWIiOiIxMDkyNjY2NDYzMzIwMTgwNTIxMDEifQ.sJQTR0Oqa3kc8j3pPK06vd8FjP5Lgz5mURJxLDhu-LfAHQmpGluOeKKs-MAXFKSpT4c7bP4WLkg72WWBbQqxOYDGqz1OtgmZEoeEWF6ss7SLgGkQ8-OBjZF3gOK8dpdhcHbnYXl5YJhZEV7IaIG51_s4aeVzuvrybFsBxl-1la_iZ60ommb3Kut5oCUDrGX8B0kloYgquBlGPp4VDC2gyNfTwFb0VvQMmrwJEyTMI342zT0PJeOhSmETz_dLpcg-YNHQ9ts6fPlOHNRtkG1JY_KgOA_GE9h_sZOCWrNSsVjufVBDQ1x36U1D6gSsnb3HGf1K2dTYWGN3T7HgByBCVw",
    "token_expiry": "2023-06-23T06:38:39Z"
  },
  "sentinels": {
    "config_sentinel": "/home/jupyter/.config/gcloud/config_sentinel"
  }
}
2023-06-23 06:03:14,853 INFO     ___FILE_ONLY___ 

2023-06-23 06:03:14,853 DEBUG    root            SDK update checks are disabled.
