2023-06-23 06:33:27,229 DEBUG    root            Loaded Command Group: ['gcloud', 'config']
2023-06-23 06:33:27,232 DEBUG    root            Loaded Command Group: ['gcloud', 'config', 'config_helper']
2023-06-23 06:33:27,234 DEBUG    root            Running [gcloud.config.config-helper] with arguments: [--format: "json"]
2023-06-23 06:33:27,241 DEBUG    google.auth.transport.requests Making request: GET http://metadata.google.internal/computeMetadata/v1/instance/service-accounts/notebooks-tp-sa@iaf194987454cb170-tp.iam.gserviceaccount.com/?recursive=true
2023-06-23 06:33:27,243 DEBUG    urllib3.connectionpool Starting new HTTP connection (1): metadata.google.internal:80
2023-06-23 06:33:27,244 DEBUG    urllib3.connectionpool http://metadata.google.internal:80 "GET /computeMetadata/v1/instance/service-accounts/notebooks-tp-sa@iaf194987454cb170-tp.iam.gserviceaccount.com/?recursive=true HTTP/1.1" 200 148
2023-06-23 06:33:27,245 DEBUG    google.auth.transport.requests Making request: GET http://metadata.google.internal/computeMetadata/v1/instance/service-accounts/notebooks-tp-sa@iaf194987454cb170-tp.iam.gserviceaccount.com/token
2023-06-23 06:33:27,247 DEBUG    urllib3.connectionpool http://metadata.google.internal:80 "GET /computeMetadata/v1/instance/service-accounts/notebooks-tp-sa@iaf194987454cb170-tp.iam.gserviceaccount.com/token HTTP/1.1" 200 865
2023-06-23 06:33:27,267 DEBUG    root            Chosen display Format:default json
2023-06-23 06:33:27,268 INFO     root            Display format: "default json"
2023-06-23 06:33:27,269 INFO     ___FILE_ONLY___ {
  "configuration": {
    "active_configuration": "default",
    "properties": {
      "billing": {
        "quota_project": "ford-edb67bd0ec6cd881dfcac61b"
      },
      "core": {
        "account": "notebooks-tp-sa@iaf194987454cb170-tp.iam.gserviceaccount.com",
        "disable_usage_reporting": "True",
        "project": "ford-edb67bd0ec6cd881dfcac61b"
      }
    }
  },
  "credential": {
    "access_token": "ya29.c.b0Aaekm1KN6_dkv3wqsVw10WIMiwct8A8nOfg0U4QGxItyhvW6sVDCv2Y0pi14a_Z_EBfrDAh7altGAU2NC1P-0kquqKSO7EJBoRo3ZPWvwfIWTZto0NzP4GRDkkBzfLVmnuGQJ3CDlopM6h1p9aB56U6VbFwujfYyP25gs9RjBxpzRa91wg9D5c_IiT4nLbWlbj5BoT0t3v1GfYMVzu49PEyISlXTHz4Gxy2sxRO6OC_9ru_mNEM91fhqLUnbhUlc7uBBOXu4LQ3GjCWz4zyzwr8OtUJ6zVMXpDoTuSmHzdTOIecq7keYQeLvoUh7-QQS87BBbBsH8A5iSpqHN345DferJRnVkyk9m2F4j22YzXkJ63_z1wI5ph49ZQOe27vboIZYVSixR8dfdz5VvOXoh-e8UzBrhvtBh41F9coS32owbOFWcXlRhbjqe7Xc6b_hxXu_Zp5UwvZm4ctrMI00ptntdn40oniYw6kMlii4w7FMUgBRYFsz8gBglUXk4jrFZyiStgQQmt57VqnatOgIB5_a2l2efjsOkO2QuM3rZOZ4Qpt7VM0tnUkJqsmzZn7XtRZoqmpFuWW96kI3JIic_MS32x1OhtazBUqtu_IZ_1VumjUViYl0c5_3qaWbx7Wb-8bY5xUnI45i5n0b3qZlr7tt21yVl0c-6tisbyrbzgM4zZcmxfhn7gQ-mShI2x2B6jB8dF9Qo1I_w9pUr_XZublz4Jg2cI05OYtVvVhx9rrjd2W1pXy1XZIaV9a_B3cuOxvj7YWsJF2n-d-1IQdun9awW_3QVebd2eRBROq737f-3rygMla8cIeSo_u0Sb_rWS6SsvyJi99WxioVqw281gO10_VU99_0Xr_tObrklUfU7nx1gUfB7m4S_dvaWwu7X1Yx0JYzp0Y4mJ8bM-12yehxv96VVfgYOlt9qt_f0YpxhmxyuIpMsb1RO2zZg0tV3WS0Rc4pMJ0WFvpVfuSQYRfw_3lBF8s6Z-XyB2Xp_zll9xYn3-2mdSs",
    "id_token": "eyJhbGciOiJSUzI1NiIsImtpZCI6IjA1MTUwYTEzMjBiOTM5NWIwNTcxNjg3NzM3NjkyODUwOWJhYjQ0YWMiLCJ0eXAiOiJKV1QifQ.eyJhdWQiOiIzMjU1NTk0MDU1OS5hcHBzLmdvb2dsZXVzZXJjb250ZW50LmNvbSIsImF6cCI6IjEwOTI2NjY0NjMzMjAxODA1MjEwMSIsImV4cCI6MTY4NzUwNTYwNywiaWF0IjoxNjg3NTAyMDA3LCJpc3MiOiJodHRwczovL2FjY291bnRzLmdvb2dsZS5jb20iLCJzdWIiOiIxMDkyNjY2NDYzMzIwMTgwNTIxMDEifQ.Z0vwtQsNCFhipgM1uHyXiwfOCe2uwYFF3a4ESsCydrBhhSWLlJwTs6i_7Pc5yCnFtgNcHzb_1Sl6QMc2uGtZZRKg_PErSv5gKHu4kvHrp2sg5SCWdlUWhXQtSFuy5voypoRCJFYcA-HcEfPlIgBkm_6ZwUePGRp2zx_fln0NcuGFcb1Yp6j7QdXacoiLdUdP9fY2-1OKzoDezdTqwI1ezZjxmym49tSLPOqaZTlrsBhqslQdnExcd5UnzvdR8DzXzMb48ylqHxb2_xIqECNSuxC3Mz8wv9UYwwUGHZxXgF7dd9gnkeqHP0w4rBMBeeJ3cc8qQHBoLzqc3Wh0dupo4g",
    "token_expiry": "2023-06-23T07:08:59Z"
  },
  "sentinels": {
    "config_sentinel": "/home/jupyter/.config/gcloud/config_sentinel"
  }
}
2023-06-23 06:33:27,269 INFO     ___FILE_ONLY___ 

2023-06-23 06:33:27,269 DEBUG    root            SDK update checks are disabled.
