2023-06-23 06:40:54,340 DEBUG    root            Loaded Command Group: ['gcloud', 'config']
2023-06-23 06:40:54,343 DEBUG    root            Loaded Command Group: ['gcloud', 'config', 'config_helper']
2023-06-23 06:40:54,345 DEBUG    root            Running [gcloud.config.config-helper] with arguments: [--format: "json"]
2023-06-23 06:40:54,351 DEBUG    google.auth.transport.requests Making request: GET http://192.168.10.5/computeMetadata/v1/instance/service-accounts/tsingh54@ford.com/?recursive=true
2023-06-23 06:40:54,354 DEBUG    urllib3.connectionpool Starting new HTTP connection (1): 192.168.10.5:80
2023-06-23 06:40:54,355 DEBUG    urllib3.connectionpool http://192.168.10.5:80 "GET /computeMetadata/v1/instance/service-accounts/tsingh54@ford.com/?recursive=true HTTP/1.1" 200 212
2023-06-23 06:40:54,356 DEBUG    google.auth.transport.requests Making request: GET http://192.168.10.5/computeMetadata/v1/instance/service-accounts/tsingh54@ford.com/token
2023-06-23 06:40:54,358 DEBUG    urllib3.connectionpool http://192.168.10.5:80 "GET /computeMetadata/v1/instance/service-accounts/tsingh54@ford.com/token HTTP/1.1" 200 282
2023-06-23 06:40:54,386 DEBUG    urllib3.connectionpool Starting new HTTPS connection (1): www.gstatic.com:443
2023-06-23 06:40:54,404 DEBUG    urllib3.connectionpool https://www.gstatic.com:443 "GET /cloudsdk/feature_flag_config_file.yaml HTTP/1.1" 200 101
2023-06-23 06:40:54,412 DEBUG    root            Chosen display Format:default json
2023-06-23 06:40:54,413 INFO     root            Display format: "default json"
2023-06-23 06:40:54,413 INFO     ___FILE_ONLY___ {
  "configuration": {
    "active_configuration": "default",
    "properties": {
      "billing": {
        "quota_project": "ford-edb67bd0ec6cd881dfcac61b"
      },
      "core": {
        "account": "tsingh54@ford.com",
        "disable_usage_reporting": "True",
        "project": "ford-edb67bd0ec6cd881dfcac61b"
      }
    }
  },
  "credential": {
    "access_token": "ya29.a0AWY7CkmpJH-294On-igHVOO3XFS_6xv7yzF5bEdMAQnAbjD6V68qoO_qC7w097JomvpDJqB-Uz2eDp68TRKcemFdL8A0wUQt741SabSY1XHrexcf3zARuOmxyDPbEj9OFlbXWnguauHrDegSMYBIRpiZRUsWrETBb47NZHb0aCgYKAU4SARISFQG1tDrpJnuVlkoE3fzQk5Cm4htnKA0175",
    "id_token": null,
    "token_expiry": "2023-06-23T07:33:25Z"
  },
  "sentinels": {
    "config_sentinel": "/home/jupyter/.config/gcloud/config_sentinel"
  }
}
2023-06-23 06:40:54,413 INFO     ___FILE_ONLY___ 

2023-06-23 06:40:54,414 DEBUG    root            SDK update checks are disabled.
