2023-06-23 06:56:22,870 DEBUG    root            Loaded Command Group: ['gcloud', 'config']
2023-06-23 06:56:22,872 DEBUG    root            Loaded Command Group: ['gcloud', 'config', 'config_helper']
2023-06-23 06:56:22,875 DEBUG    root            Running [gcloud.config.config-helper] with arguments: [--format: "json"]
2023-06-23 06:56:22,881 DEBUG    google.auth.transport.requests Making request: GET http://192.168.10.5/computeMetadata/v1/instance/service-accounts/tsingh54@ford.com/?recursive=true
2023-06-23 06:56:22,884 DEBUG    urllib3.connectionpool Starting new HTTP connection (1): 192.168.10.5:80
2023-06-23 06:56:22,885 DEBUG    urllib3.connectionpool http://192.168.10.5:80 "GET /computeMetadata/v1/instance/service-accounts/tsingh54@ford.com/?recursive=true HTTP/1.1" 200 212
2023-06-23 06:56:22,885 DEBUG    google.auth.transport.requests Making request: GET http://192.168.10.5/computeMetadata/v1/instance/service-accounts/tsingh54@ford.com/token
2023-06-23 06:56:22,888 DEBUG    urllib3.connectionpool http://192.168.10.5:80 "GET /computeMetadata/v1/instance/service-accounts/tsingh54@ford.com/token HTTP/1.1" 200 282
2023-06-23 06:56:22,920 DEBUG    root            Chosen display Format:default json
2023-06-23 06:56:22,920 INFO     root            Display format: "default json"
2023-06-23 06:56:22,921 INFO     ___FILE_ONLY___ {
  "configuration": {
    "active_configuration": "default",
    "properties": {
      "billing": {
        "quota_project": "ford-edb67bd0ec6cd881dfcac61b"
      },
      "core": {
        "account": "tsingh54@ford.com",
        "disable_usage_reporting": "True",
        "project": "ford-edb67bd0ec6cd881dfcac61b"
      }
    }
  },
  "credential": {
    "access_token": "ya29.a0AWY7CkmpJH-294On-igHVOO3XFS_6xv7yzF5bEdMAQnAbjD6V68qoO_qC7w097JomvpDJqB-Uz2eDp68TRKcemFdL8A0wUQt741SabSY1XHrexcf3zARuOmxyDPbEj9OFlbXWnguauHrDegSMYBIRpiZRUsWrETBb47NZHb0aCgYKAU4SARISFQG1tDrpJnuVlkoE3fzQk5Cm4htnKA0175",
    "id_token": null,
    "token_expiry": "2023-06-23T07:33:25Z"
  },
  "sentinels": {
    "config_sentinel": "/home/jupyter/.config/gcloud/config_sentinel"
  }
}
2023-06-23 06:56:22,921 INFO     ___FILE_ONLY___ 

2023-06-23 06:56:22,921 DEBUG    root            SDK update checks are disabled.
