2023-06-23 08:04:22,568 DEBUG    root            Loaded Command Group: ['gcloud', 'config']
2023-06-23 08:04:22,571 DEBUG    root            Loaded Command Group: ['gcloud', 'config', 'config_helper']
2023-06-23 08:04:22,574 DEBUG    root            Running [gcloud.config.config-helper] with arguments: [--format: "json"]
2023-06-23 08:04:22,579 DEBUG    google.auth.transport.requests Making request: GET http://192.168.10.5/computeMetadata/v1/instance/service-accounts/tsingh54@ford.com/?recursive=true
2023-06-23 08:04:22,582 DEBUG    urllib3.connectionpool Starting new HTTP connection (1): 192.168.10.5:80
2023-06-23 08:04:22,583 DEBUG    urllib3.connectionpool http://192.168.10.5:80 "GET /computeMetadata/v1/instance/service-accounts/tsingh54@ford.com/?recursive=true HTTP/1.1" 200 212
2023-06-23 08:04:22,583 DEBUG    google.auth.transport.requests Making request: GET http://192.168.10.5/computeMetadata/v1/instance/service-accounts/tsingh54@ford.com/token
2023-06-23 08:04:22,585 DEBUG    urllib3.connectionpool http://192.168.10.5:80 "GET /computeMetadata/v1/instance/service-accounts/tsingh54@ford.com/token HTTP/1.1" 200 282
2023-06-23 08:04:22,618 DEBUG    root            Chosen display Format:default json
2023-06-23 08:04:22,618 INFO     root            Display format: "default json"
2023-06-23 08:04:22,619 INFO     ___FILE_ONLY___ {
  "configuration": {
    "active_configuration": "default",
    "properties": {
      "billing": {
        "quota_project": "ford-edb67bd0ec6cd881dfcac61b"
      },
      "core": {
        "account": "tsingh54@ford.com",
        "disable_usage_reporting": "True",
        "project": "ford-edb67bd0ec6cd881dfcac61b"
      }
    }
  },
  "credential": {
    "access_token": "ya29.a0AWY7CknemBiWMVXJf-_9R8P9uzJMSHv94wF-RRoD5C6Ye6o53fYaYDmafhEw1tvMxZpiBmEci4id-RqwHp163MpNV7GzEzXVuraiEKbmDwbYtgXqJLz0RVbnPmV6FxFEs35Reo7DFmJbvjdlg_-efsbub2nBu7_dSOUHGCHYaCgYKAbQSARISFQG1tDrpVms6bC-yiS6Ufvi00ZCkmA0175",
    "id_token": null,
    "token_expiry": "2023-06-23T09:03:43Z"
  },
  "sentinels": {
    "config_sentinel": "/home/jupyter/.config/gcloud/config_sentinel"
  }
}
2023-06-23 08:04:22,619 INFO     ___FILE_ONLY___ 

2023-06-23 08:04:22,620 DEBUG    root            SDK update checks are disabled.
