2023-06-23 08:40:05,494 DEBUG    root            Loaded Command Group: ['gcloud', 'config']
2023-06-23 08:40:05,496 DEBUG    root            Loaded Command Group: ['gcloud', 'config', 'config_helper']
2023-06-23 08:40:05,499 DEBUG    root            Running [gcloud.config.config-helper] with arguments: [--format: "json"]
2023-06-23 08:40:05,505 DEBUG    google.auth.transport.requests Making request: GET http://192.168.10.5/computeMetadata/v1/instance/service-accounts/tsingh54@ford.com/?recursive=true
2023-06-23 08:40:05,508 DEBUG    urllib3.connectionpool Starting new HTTP connection (1): 192.168.10.5:80
2023-06-23 08:40:05,509 DEBUG    urllib3.connectionpool http://192.168.10.5:80 "GET /computeMetadata/v1/instance/service-accounts/tsingh54@ford.com/?recursive=true HTTP/1.1" 200 212
2023-06-23 08:40:05,510 DEBUG    google.auth.transport.requests Making request: GET http://192.168.10.5/computeMetadata/v1/instance/service-accounts/tsingh54@ford.com/token
2023-06-23 08:40:05,512 DEBUG    urllib3.connectionpool http://192.168.10.5:80 "GET /computeMetadata/v1/instance/service-accounts/tsingh54@ford.com/token HTTP/1.1" 200 282
2023-06-23 08:40:05,543 DEBUG    root            Chosen display Format:default json
2023-06-23 08:40:05,543 INFO     root            Display format: "default json"
2023-06-23 08:40:05,544 INFO     ___FILE_ONLY___ {
  "configuration": {
    "active_configuration": "default",
    "properties": {
      "billing": {
        "quota_project": "ford-edb67bd0ec6cd881dfcac61b"
      },
      "core": {
        "account": "tsingh54@ford.com",
        "disable_usage_reporting": "True",
        "project": "ford-edb67bd0ec6cd881dfcac61b"
      }
    }
  },
  "credential": {
    "access_token": "ya29.a0AWY7CkkRLm9gm9M5U1lVOIi1A0xHwjxPooVmk8gxesJ0RREeoqwtVM9SR7MeCp2ka4AgfjIHftmty2QzFSwzld7IcgDnhwuB17VeaKy7OIuql9pGgW5fY0HPRjCBmg6KiFrqgjG4GjoIPTW4ZM6mH4ocBg-ByvtyrfgXtU5WaCgYKAe4SARISFQG1tDrpABuWi-2_PCb0jZstrj1uRQ0175",
    "id_token": null,
    "token_expiry": "2023-06-23T09:33:43Z"
  },
  "sentinels": {
    "config_sentinel": "/home/jupyter/.config/gcloud/config_sentinel"
  }
}
2023-06-23 08:40:05,544 INFO     ___FILE_ONLY___ 

2023-06-23 08:40:05,545 DEBUG    root            SDK update checks are disabled.
