2023-06-23 09:31:40,462 DEBUG    root            Loaded Command Group: ['gcloud', 'config']
2023-06-23 09:31:40,465 DEBUG    root            Loaded Command Group: ['gcloud', 'config', 'config_helper']
2023-06-23 09:31:40,468 DEBUG    root            Running [gcloud.config.config-helper] with arguments: [--format: "json"]
2023-06-23 09:31:40,474 DEBUG    google.auth.transport.requests Making request: GET http://192.168.10.5/computeMetadata/v1/instance/service-accounts/tsingh54@ford.com/?recursive=true
2023-06-23 09:31:40,476 DEBUG    urllib3.connectionpool Starting new HTTP connection (1): 192.168.10.5:80
2023-06-23 09:31:40,478 DEBUG    urllib3.connectionpool http://192.168.10.5:80 "GET /computeMetadata/v1/instance/service-accounts/tsingh54@ford.com/?recursive=true HTTP/1.1" 200 212
2023-06-23 09:31:40,478 DEBUG    google.auth.transport.requests Making request: GET http://192.168.10.5/computeMetadata/v1/instance/service-accounts/tsingh54@ford.com/token
2023-06-23 09:31:40,480 DEBUG    urllib3.connectionpool http://192.168.10.5:80 "GET /computeMetadata/v1/instance/service-accounts/tsingh54@ford.com/token HTTP/1.1" 200 282
2023-06-23 09:31:40,511 DEBUG    root            Chosen display Format:default json
2023-06-23 09:31:40,511 INFO     root            Display format: "default json"
2023-06-23 09:31:40,512 INFO     ___FILE_ONLY___ {
  "configuration": {
    "active_configuration": "default",
    "properties": {
      "billing": {
        "quota_project": "ford-edb67bd0ec6cd881dfcac61b"
      },
      "core": {
        "account": "tsingh54@ford.com",
        "disable_usage_reporting": "True",
        "project": "ford-edb67bd0ec6cd881dfcac61b"
      }
    }
  },
  "credential": {
    "access_token": "ya29.a0AWY7CkmwW5kqDPZgdd5-Cipreusm2RLS1ZUXAfl2gqvWEPhYiHFIvea7TvLz5sD6XB64avDbrqQ-fdKl9mfKUOoHvVXiKtqxx3GVSZAat-VxpWT9gbylfx8ZKlX6Col3txjek4yCI8-sJE4i7NsWSCvfDjP6H2We6f4cuF3-aCgYKAasSARISFQG1tDrpB-lPlcHhh5MhiubUvfn_GQ0175",
    "id_token": null,
    "token_expiry": "2023-06-23T10:03:57Z"
  },
  "sentinels": {
    "config_sentinel": "/home/jupyter/.config/gcloud/config_sentinel"
  }
}
2023-06-23 09:31:40,512 INFO     ___FILE_ONLY___ 

2023-06-23 09:31:40,512 DEBUG    root            SDK update checks are disabled.
