2023-06-23 09:46:07,162 DEBUG    root            Loaded Command Group: ['gcloud', 'config']
2023-06-23 09:46:07,165 DEBUG    root            Loaded Command Group: ['gcloud', 'config', 'config_helper']
2023-06-23 09:46:07,168 DEBUG    root            Running [gcloud.config.config-helper] with arguments: [--format: "json"]
2023-06-23 09:46:07,174 DEBUG    google.auth.transport.requests Making request: GET http://192.168.10.5/computeMetadata/v1/instance/service-accounts/tsingh54@ford.com/?recursive=true
2023-06-23 09:46:07,176 DEBUG    urllib3.connectionpool Starting new HTTP connection (1): 192.168.10.5:80
2023-06-23 09:46:07,177 DEBUG    urllib3.connectionpool http://192.168.10.5:80 "GET /computeMetadata/v1/instance/service-accounts/tsingh54@ford.com/?recursive=true HTTP/1.1" 200 212
2023-06-23 09:46:07,178 DEBUG    google.auth.transport.requests Making request: GET http://192.168.10.5/computeMetadata/v1/instance/service-accounts/tsingh54@ford.com/token
2023-06-23 09:46:07,180 DEBUG    urllib3.connectionpool http://192.168.10.5:80 "GET /computeMetadata/v1/instance/service-accounts/tsingh54@ford.com/token HTTP/1.1" 200 282
2023-06-23 09:46:07,212 DEBUG    root            Chosen display Format:default json
2023-06-23 09:46:07,213 INFO     root            Display format: "default json"
2023-06-23 09:46:07,214 INFO     ___FILE_ONLY___ {
  "configuration": {
    "active_configuration": "default",
    "properties": {
      "billing": {
        "quota_project": "ford-edb67bd0ec6cd881dfcac61b"
      },
      "core": {
        "account": "tsingh54@ford.com",
        "disable_usage_reporting": "True",
        "project": "ford-edb67bd0ec6cd881dfcac61b"
      }
    }
  },
  "credential": {
    "access_token": "ya29.a0AWY7Ckk2by4ZTJHIZXcUkkSJtXD9fky2DtxkL0-t48FxzmWBVPHLjiyXTS-EEqzZ9pKw2_hRUYwUY2pUXbRxLfLn2Ss1jMth4BmpAijjSKgJ6MVIRTNUrDJ-woBfUJ2DxuWnf66er0s2-prP7HR_SVQHbR7_okMeuD69KYIdaCgYKAUQSARISFQG1tDrpRKhheg5QHumn79OUwrtN8A0175",
    "id_token": null,
    "token_expiry": "2023-06-23T10:34:09Z"
  },
  "sentinels": {
    "config_sentinel": "/home/jupyter/.config/gcloud/config_sentinel"
  }
}
2023-06-23 09:46:07,214 INFO     ___FILE_ONLY___ 

2023-06-23 09:46:07,214 DEBUG    root            SDK update checks are disabled.
