2023-06-23 10:04:24,095 DEBUG    root            Loaded Command Group: ['gcloud', 'config']
2023-06-23 10:04:24,098 DEBUG    root            Loaded Command Group: ['gcloud', 'config', 'config_helper']
2023-06-23 10:04:24,101 DEBUG    root            Running [gcloud.config.config-helper] with arguments: [--format: "json"]
2023-06-23 10:04:24,109 DEBUG    google.auth.transport.requests Making request: GET http://metadata.google.internal/computeMetadata/v1/instance/service-accounts/notebooks-tp-sa@iaf194987454cb170-tp.iam.gserviceaccount.com/?recursive=true
2023-06-23 10:04:24,111 DEBUG    urllib3.connectionpool Starting new HTTP connection (1): metadata.google.internal:80
2023-06-23 10:04:24,113 DEBUG    urllib3.connectionpool http://metadata.google.internal:80 "GET /computeMetadata/v1/instance/service-accounts/notebooks-tp-sa@iaf194987454cb170-tp.iam.gserviceaccount.com/?recursive=true HTTP/1.1" 200 148
2023-06-23 10:04:24,114 DEBUG    google.auth.transport.requests Making request: GET http://metadata.google.internal/computeMetadata/v1/instance/service-accounts/notebooks-tp-sa@iaf194987454cb170-tp.iam.gserviceaccount.com/token
2023-06-23 10:04:24,117 DEBUG    urllib3.connectionpool http://metadata.google.internal:80 "GET /computeMetadata/v1/instance/service-accounts/notebooks-tp-sa@iaf194987454cb170-tp.iam.gserviceaccount.com/token HTTP/1.1" 200 867
2023-06-23 10:04:24,141 DEBUG    root            Chosen display Format:default json
2023-06-23 10:04:24,142 INFO     root            Display format: "default json"
2023-06-23 10:04:24,142 INFO     ___FILE_ONLY___ {
  "configuration": {
    "active_configuration": "default",
    "properties": {
      "billing": {
        "quota_project": "ford-edb67bd0ec6cd881dfcac61b"
      },
      "core": {
        "account": "notebooks-tp-sa@iaf194987454cb170-tp.iam.gserviceaccount.com",
        "disable_usage_reporting": "True",
        "project": "ford-edb67bd0ec6cd881dfcac61b"
      }
    }
  },
  "credential": {
    "access_token": "ya29.c.b0Aaekm1I_5vZFPwps5accgXA2cprCAFiS1jKIs82qYvsZE2hjobuKDEGS1yYuYxtUkbY064FlKv6Ij4kga7FEe7NqXVm_g6A4fM9FQqOCQrqOsx02a7vlpmVXNpJFuQqX-z605u9holYpD6n48pUKEX7QwsRKFvs2XaS10L5zK7jhh61I-FIRmtbYio9pN6GhxW6jgjaVFwhGhT-Md6Fwg5UZGQagBE6xBWMz0cLnfqIaTmZHkEzKdZC9YVCSUmKDyfEqC2TZK0wDlfRekVIflJ1du5aNZoZbrsHZnrKDC2rN_5uBW3b0HcR2twIoDT8ZPMdJREhIee7L_iO0L345Kvay5XuodkS_c8U76d5h7uQ1ZvgqxQVmjzf9_7IeYz41MIQ9M90h0FQFMrQB86t7xfaSjrFpk17wY9Xff4n7WYswmw55iWX_keduFf5z57Q1_-1u8Iijw5k50m8Q1YhOnra9V50oaIXY0p4f2nsl1QZvXgmvtjwJJQ-7Ik7fV5iptWlqou3mFxFxgpJjFR00dsQQ0FSX1iiwQz76ZxW3rvsna7WIYR01usuSoXYv4kxp_-ddsU2qgSIeRvVS2b3xfcet96S4gSokI-q_kccqzteRrham6OoRQQj4f9rhdY4vO6_dfs6eM_hJ2WR_SioBF59OXxsVsRmO_5jl8qIqY6Os1d1yvdwvbowlb-iv27tVmQ5QJ684Zr_r-h8bhF_yJ7ytdSreoqwf-mUqJFW24pmRBBu6fqms5Xkqgweqv4W1cry1i7gbWzk8krro_hO98w2o9ofeOzhVnc_6k3-tJ80pUz9b6MV7Q0or9lcytczOrMO3bn3Jvs2QRF9BMZ28msmVZh22w1_YfFmQj59a65atp_SIccBWbh-jg51soyak-beZj1g0JqxguicRz_wzodmnOu12ZQnXz1xmz-9gsxFjbRxZvQcnBoUuRj5gcIrVpkO7gYi1ekSntd6dJq2Uds6Va92SupIfcBwo53tV06OfUtReUiYfvza",
    "id_token": "eyJhbGciOiJSUzI1NiIsImtpZCI6IjA1MTUwYTEzMjBiOTM5NWIwNTcxNjg3NzM3NjkyODUwOWJhYjQ0YWMiLCJ0eXAiOiJKV1QifQ.eyJhdWQiOiIzMjU1NTk0MDU1OS5hcHBzLmdvb2dsZXVzZXJjb250ZW50LmNvbSIsImF6cCI6IjEwOTI2NjY0NjMzMjAxODA1MjEwMSIsImV4cCI6MTY4NzUxODI2NCwiaWF0IjoxNjg3NTE0NjY0LCJpc3MiOiJodHRwczovL2FjY291bnRzLmdvb2dsZS5jb20iLCJzdWIiOiIxMDkyNjY2NDYzMzIwMTgwNTIxMDEifQ.IC13KIm0n6td7J-PjU4EuBCefs2aHaIsex-udoD8FDsmgsdgNoPh60xDexTZg7bCfzxsSbrNxyNTa-FXDbQ_xDek8nkD6abah8yQjRrmxsNVinEwp9s4PKqIaB7bzJJU5_3k_wiJWLw1Z8y51je0g2OxViCiGrPsmdSX-y9PyZTJouQ9FsH6LNdv1nDge6dMGk5ay9eEhzfU23q55gzEnGmabmUGfTBgXI-DvpzfZzheUC_XWZixRatj92PePo5RNsqzBVB8mro7RF-SnSSZgiB5-4N4UfSf_IRKfQB-jwk6j0TGJ15x9QuyxEwDjokfaypyAPqRPWLIMtBkFDhDmg",
    "token_expiry": "2023-06-23T11:03:45Z"
  },
  "sentinels": {
    "config_sentinel": "/home/jupyter/.config/gcloud/config_sentinel"
  }
}
2023-06-23 10:04:24,143 INFO     ___FILE_ONLY___ 

2023-06-23 10:04:24,143 DEBUG    root            SDK update checks are disabled.
