2023-06-23 10:12:22,609 DEBUG    root            Loaded Command Group: ['gcloud', 'config']
2023-06-23 10:12:22,613 DEBUG    root            Loaded Command Group: ['gcloud', 'config', 'config_helper']
2023-06-23 10:12:22,616 DEBUG    root            Running [gcloud.config.config-helper] with arguments: [--format: "json"]
2023-06-23 10:12:22,624 DEBUG    google.auth.transport.requests Making request: GET http://192.168.10.5/computeMetadata/v1/instance/service-accounts/tsingh54@ford.com/?recursive=true
2023-06-23 10:12:22,627 DEBUG    urllib3.connectionpool Starting new HTTP connection (1): 192.168.10.5:80
2023-06-23 10:12:22,628 DEBUG    urllib3.connectionpool http://192.168.10.5:80 "GET /computeMetadata/v1/instance/service-accounts/tsingh54@ford.com/?recursive=true HTTP/1.1" 200 212
2023-06-23 10:12:22,629 DEBUG    google.auth.transport.requests Making request: GET http://192.168.10.5/computeMetadata/v1/instance/service-accounts/tsingh54@ford.com/token
2023-06-23 10:12:22,632 DEBUG    urllib3.connectionpool http://192.168.10.5:80 "GET /computeMetadata/v1/instance/service-accounts/tsingh54@ford.com/token HTTP/1.1" 200 282
2023-06-23 10:12:22,669 DEBUG    urllib3.connectionpool Starting new HTTPS connection (1): www.gstatic.com:443
2023-06-23 10:12:22,688 DEBUG    urllib3.connectionpool https://www.gstatic.com:443 "GET /cloudsdk/feature_flag_config_file.yaml HTTP/1.1" 200 101
2023-06-23 10:12:22,698 DEBUG    root            Chosen display Format:default json
2023-06-23 10:12:22,699 INFO     root            Display format: "default json"
2023-06-23 10:12:22,701 INFO     ___FILE_ONLY___ {
  "configuration": {
    "active_configuration": "default",
    "properties": {
      "billing": {
        "quota_project": "ford-edb67bd0ec6cd881dfcac61b"
      },
      "core": {
        "account": "tsingh54@ford.com",
        "disable_usage_reporting": "True",
        "project": "ford-edb67bd0ec6cd881dfcac61b"
      }
    }
  },
  "credential": {
    "access_token": "ya29.a0AWY7CknbVlMvaiC8pc9AnNibwjlMau7hNv9YIE-9MGBeXgmgpPev8Qri-eJqdt71pK7Jr6uLjms23OikG9jssEYFp1nJkCLtNo6iRqzNo01H4oL9V2vGXDUwxigxaxmC-YZqa0X9bO0izAQmEUH0xmMagojbJkdrwbY-rUyGaCgYKAaYSARISFQG1tDrpDKeGnuQ5-DKGGSAFk9cnqg0175",
    "id_token": null,
    "token_expiry": "2023-06-23T11:04:22Z"
  },
  "sentinels": {
    "config_sentinel": "/home/jupyter/.config/gcloud/config_sentinel"
  }
}
2023-06-23 10:12:22,701 INFO     ___FILE_ONLY___ 

2023-06-23 10:12:22,701 DEBUG    root            SDK update checks are disabled.
