2023-06-23 10:34:35,756 DEBUG    root            Loaded Command Group: ['gcloud', 'config']
2023-06-23 10:34:35,759 DEBUG    root            Loaded Command Group: ['gcloud', 'config', 'config_helper']
2023-06-23 10:34:35,762 DEBUG    root            Running [gcloud.config.config-helper] with arguments: [--format: "json"]
2023-06-23 10:34:35,770 DEBUG    google.auth.transport.requests Making request: GET http://metadata.google.internal/computeMetadata/v1/instance/service-accounts/notebooks-tp-sa@iaf194987454cb170-tp.iam.gserviceaccount.com/?recursive=true
2023-06-23 10:34:35,773 DEBUG    urllib3.connectionpool Starting new HTTP connection (1): metadata.google.internal:80
2023-06-23 10:34:35,775 DEBUG    urllib3.connectionpool http://metadata.google.internal:80 "GET /computeMetadata/v1/instance/service-accounts/notebooks-tp-sa@iaf194987454cb170-tp.iam.gserviceaccount.com/?recursive=true HTTP/1.1" 200 148
2023-06-23 10:34:35,776 DEBUG    google.auth.transport.requests Making request: GET http://metadata.google.internal/computeMetadata/v1/instance/service-accounts/notebooks-tp-sa@iaf194987454cb170-tp.iam.gserviceaccount.com/token
2023-06-23 10:34:35,779 DEBUG    urllib3.connectionpool http://metadata.google.internal:80 "GET /computeMetadata/v1/instance/service-accounts/notebooks-tp-sa@iaf194987454cb170-tp.iam.gserviceaccount.com/token HTTP/1.1" 200 869
2023-06-23 10:34:35,803 DEBUG    root            Chosen display Format:default json
2023-06-23 10:34:35,804 INFO     root            Display format: "default json"
2023-06-23 10:34:35,804 INFO     ___FILE_ONLY___ {
  "configuration": {
    "active_configuration": "default",
    "properties": {
      "billing": {
        "quota_project": "ford-edb67bd0ec6cd881dfcac61b"
      },
      "core": {
        "account": "notebooks-tp-sa@iaf194987454cb170-tp.iam.gserviceaccount.com",
        "disable_usage_reporting": "True",
        "project": "ford-edb67bd0ec6cd881dfcac61b"
      }
    }
  },
  "credential": {
    "access_token": "ya29.c.b0Aaekm1KNA87Ad1gPmAw6LCm5wbn020ojAqU_E__mYpiLyc5SqEJnVW0TBTqLhSV_tocr5SvHK4eP_aTq8SA31VlkQs8CDA3JLeYo4X47nS1lFVBfiWIzW8-_mnWCIiO6ZS8feF7fICQIaVihWtttNksS9RQPA0478LJAhgbGb-RR4kgDMFCcBfZSeLcMvpc6R5FryWzHfcxq8JbSGgodmCuFUUF-XQNiFbHKmtfszpE6dt_Uc7VCnaovNNzeenaqh7U4qHCwG7iZ-bCmgTVHoqiHfMK7MhmyDb3k6r9Up1tXWHxv884aGeGngsldY_tyXNtB0GQyA-4LGNwkFgT347K7Uxg__-zWpOlWuwRXUvsbvc9U4e-ebX-04VOiO7hMr4yomUSBZ-icXRm9Z9xiBMflaWMQXfRv9tgkXl8Z40U-8Q-MO0Qjvya4Wo9theet6BQisOMnRbx3Q92ejxh17mSBndat6fvMqZ2OpJhy9maBFekkghjljMR_MMjsvZXhd1omZOVOmizUBuO8ZOBMsq1Xzva5oblSs2h2Ul5iIbnS4cywfBy2-bovMF9gXF3xzUtFMhRmlyb_Znty7WbvBBfvdhzx64jYdXYBsJ7hsuV5a5V9acJatQrmiJf4qjdpeY7YUg0t1qpSy4e422UQsUqYkSjOcnOJa4J2daep7WaSjkwqrvV06VntZsd1t_WJYY945__j3RqR5XgRXQUduUm1ghx2gVi31nl4nzRe65rRkxge9O9VZjhq4gJZarUkz_d2-Xu2-clmRXbMVt0n3M-v9Jaay4tXiinr1UQZ4M3F9MhdOZUeWySnibV6kUn_9-yRMF27p_S6f6QwYy1Y0WuwkvZqWddr63ZIy5jrYpRm1eqe8xqkVOhinn0Oq82qUXVmtJQqus64V4bWqIzk6WwtqYo4WhUU449q0w5fvvlR4BkmIMUqt50uMive63flQ4khpQfy1s-qv1R_OrR7xokzQcQVzkIVB_yznOROkm0bu2n5a9nIdMR",
    "id_token": "eyJhbGciOiJSUzI1NiIsImtpZCI6IjA1MTUwYTEzMjBiOTM5NWIwNTcxNjg3NzM3NjkyODUwOWJhYjQ0YWMiLCJ0eXAiOiJKV1QifQ.eyJhdWQiOiIzMjU1NTk0MDU1OS5hcHBzLmdvb2dsZXVzZXJjb250ZW50LmNvbSIsImF6cCI6IjEwOTI2NjY0NjMzMjAxODA1MjEwMSIsImV4cCI6MTY4NzUyMDA3NSwiaWF0IjoxNjg3NTE2NDc1LCJpc3MiOiJodHRwczovL2FjY291bnRzLmdvb2dsZS5jb20iLCJzdWIiOiIxMDkyNjY2NDYzMzIwMTgwNTIxMDEifQ.jXIEKc7VT7jgOyCc-Rh-jv4pw5-nHktstb56Xfmk-T_0efzGcXgy_hZhXe6wdOMTApokpdTj3-Ri0sxLKTlrZjrYuMBMrq4fZRDFP6VU8sTsucummJSB-rF_RB6eVu74gNRzhFZxYDwT_aquFB_b_Xe5ELcf8BJKjLbGdtNNmbKZalWSlZ9Nglg3TqCxM5sDxuVsi8hQC06nJeB8C1228WSCnY5SMNFPttdOvV3Dk8FrzS2XLwcFN7RpQk2kmX0tXrlo4ghhsOPZMkhrhtNW5NeIN7nHYo52gCy856T7EASX4EakQxXUFDtpL_RGNeWTOgF1whLik2J6pgWuaY-hbQ",
    "token_expiry": "2023-06-23T11:28:52Z"
  },
  "sentinels": {
    "config_sentinel": "/home/jupyter/.config/gcloud/config_sentinel"
  }
}
2023-06-23 10:34:35,805 INFO     ___FILE_ONLY___ 

2023-06-23 10:34:35,805 DEBUG    root            SDK update checks are disabled.
