2023-06-23 10:46:56,994 DEBUG    root            Loaded Command Group: ['gcloud', 'config']
2023-06-23 10:46:56,997 DEBUG    root            Loaded Command Group: ['gcloud', 'config', 'config_helper']
2023-06-23 10:46:57,000 DEBUG    root            Running [gcloud.config.config-helper] with arguments: [--format: "json"]
2023-06-23 10:46:57,005 DEBUG    google.auth.transport.requests Making request: GET http://192.168.10.5/computeMetadata/v1/instance/service-accounts/tsingh54@ford.com/?recursive=true
2023-06-23 10:46:57,008 DEBUG    urllib3.connectionpool Starting new HTTP connection (1): 192.168.10.5:80
2023-06-23 10:46:57,009 DEBUG    urllib3.connectionpool http://192.168.10.5:80 "GET /computeMetadata/v1/instance/service-accounts/tsingh54@ford.com/?recursive=true HTTP/1.1" 200 212
2023-06-23 10:46:57,009 DEBUG    google.auth.transport.requests Making request: GET http://192.168.10.5/computeMetadata/v1/instance/service-accounts/tsingh54@ford.com/token
2023-06-23 10:46:57,011 DEBUG    urllib3.connectionpool http://192.168.10.5:80 "GET /computeMetadata/v1/instance/service-accounts/tsingh54@ford.com/token HTTP/1.1" 200 282
2023-06-23 10:46:57,042 DEBUG    root            Chosen display Format:default json
2023-06-23 10:46:57,043 INFO     root            Display format: "default json"
2023-06-23 10:46:57,043 INFO     ___FILE_ONLY___ {
  "configuration": {
    "active_configuration": "default",
    "properties": {
      "billing": {
        "quota_project": "ford-edb67bd0ec6cd881dfcac61b"
      },
      "core": {
        "account": "tsingh54@ford.com",
        "disable_usage_reporting": "True",
        "project": "ford-edb67bd0ec6cd881dfcac61b"
      }
    }
  },
  "credential": {
    "access_token": "ya29.a0AWY7Ckm5qyIJYowpC5KjQZ27szwS3XlbzlZJiln2rtcjY3tbHBd6vNHAjXpIotOONcwXD3T2sxAj251g4uo-yADEyQM0oDQrwlOLBUIIQcDl0C4wuhZpQ9vwlONwZY49HVoT1whjzO4tDcsKU3POCD64JOgR7wFz2-chAT69aCgYKASsSARISFQG1tDrpQo84T2Q_qRQGkgv1rTzVvA0175",
    "id_token": null,
    "token_expiry": "2023-06-23T11:34:34Z"
  },
  "sentinels": {
    "config_sentinel": "/home/jupyter/.config/gcloud/config_sentinel"
  }
}
2023-06-23 10:46:57,043 INFO     ___FILE_ONLY___ 

2023-06-23 10:46:57,044 DEBUG    root            SDK update checks are disabled.
