2023-06-23 11:04:48,872 DEBUG    root            Loaded Command Group: ['gcloud', 'config']
2023-06-23 11:04:48,875 DEBUG    root            Loaded Command Group: ['gcloud', 'config', 'config_helper']
2023-06-23 11:04:48,877 DEBUG    root            Running [gcloud.config.config-helper] with arguments: [--format: "json"]
2023-06-23 11:04:48,886 DEBUG    google.auth.transport.requests Making request: GET http://metadata.google.internal/computeMetadata/v1/instance/service-accounts/notebooks-tp-sa@iaf194987454cb170-tp.iam.gserviceaccount.com/?recursive=true
2023-06-23 11:04:48,889 DEBUG    urllib3.connectionpool Starting new HTTP connection (1): metadata.google.internal:80
2023-06-23 11:04:48,892 DEBUG    urllib3.connectionpool http://metadata.google.internal:80 "GET /computeMetadata/v1/instance/service-accounts/notebooks-tp-sa@iaf194987454cb170-tp.iam.gserviceaccount.com/?recursive=true HTTP/1.1" 200 148
2023-06-23 11:04:48,892 DEBUG    google.auth.transport.requests Making request: GET http://metadata.google.internal/computeMetadata/v1/instance/service-accounts/notebooks-tp-sa@iaf194987454cb170-tp.iam.gserviceaccount.com/token
2023-06-23 11:04:48,896 DEBUG    urllib3.connectionpool http://metadata.google.internal:80 "GET /computeMetadata/v1/instance/service-accounts/notebooks-tp-sa@iaf194987454cb170-tp.iam.gserviceaccount.com/token HTTP/1.1" 200 872
2023-06-23 11:04:48,922 DEBUG    root            Chosen display Format:default json
2023-06-23 11:04:48,922 INFO     root            Display format: "default json"
2023-06-23 11:04:48,923 INFO     ___FILE_ONLY___ {
  "configuration": {
    "active_configuration": "default",
    "properties": {
      "billing": {
        "quota_project": "ford-edb67bd0ec6cd881dfcac61b"
      },
      "core": {
        "account": "notebooks-tp-sa@iaf194987454cb170-tp.iam.gserviceaccount.com",
        "disable_usage_reporting": "True",
        "project": "ford-edb67bd0ec6cd881dfcac61b"
      }
    }
  },
  "credential": {
    "access_token": "ya29.c.b0Aaekm1JOke6nxSXIoBAgsmTa6GWH1eVDcaItO6uAULTr1OEHykT-XRtqo6Bl-ucAEKP0GvQc_XRFDVQseB0WY6OvOC3X7AfnsREawjpgIv4dtnxluqfaiAbGTNiPC8d6NtEtOlLPlpHKV8n8mSHbjiC_T76XraqIrFxlPqyqHGv8Zga9gIrsS33llv3PoOM-Lf7oClLbxo52iPiM5dUWnF4KGbfkBVOQZCkFZ_5MpTA2XG9HlZanka_ENu40JDycnmA3Xw8SK2-UNy8vPDdAIHvu_2lRjwEG6WJxUfo_YQuFquGuWgYXh9dP9GDV3r_IpUGNNfD_rjSnLwIL344K-j10gn_Mun9kJugc8ueY3gMp07OaIc9Jtrr8QmBa9xmY1vkm1lUnpjp3i7WigJiWgrn-vrV-7etchFRbBJz6gJsBX1igaX9rrvSYYMv8X5XFtnSormbdWysvac4cr3k1-Rgb7SZ9J3QgslY6558bWmYOn7ZS4om_x4Fc_qix6gnjJO2WSpZygUVuyIYeS_Zqupt_qmBYWm9k5bQX64Uw32j0cOprdmvJr52M3FMkI4ymZbqg8gY4XpUWwrQfdnYtdagZBzwyWX8jcxq950B04Upi_roz0ztq4pZ_8Qq8ntmqUW2JqZ9Zy7ka51mfi4Y-m4yW-mgrJFVczX9z-v7qtMfV51ooJOcRp5tlUZ2wbQy46h0wj_hFiptwl4gjZ3Rj6tm5J4bxuqqcvFMvsqoscWcvtVxmFwxvzss4qhUyUF76z3mj3d9p4nf9Snd5Ij7gspYp1BdWfgqknUYVIzhcXx6WZgtbMagzY44nBcdzXe8gjZBkXXlQ5yQad8SwB8RV15_duUag53OSVlbIUvjoQlxQoOOwlUcxwat0a6uVrcb8YBWvsoOdUZzIZOO9a3XR2MaWjg5503JQhulbOZ3MZi61vsn_ati0B_VewShYIiUS2wlc3Shf5VgR8SXX5Z5QqtvuZQ8pRUqhBZJtu7h7Wb8BoM5VxSiX5YB",
    "id_token": "eyJhbGciOiJSUzI1NiIsImtpZCI6IjA1MTUwYTEzMjBiOTM5NWIwNTcxNjg3NzM3NjkyODUwOWJhYjQ0YWMiLCJ0eXAiOiJKV1QifQ.eyJhdWQiOiIzMjU1NTk0MDU1OS5hcHBzLmdvb2dsZXVzZXJjb250ZW50LmNvbSIsImF6cCI6IjEwOTI2NjY0NjMzMjAxODA1MjEwMSIsImV4cCI6MTY4NzUyMTg4OCwiaWF0IjoxNjg3NTE4Mjg4LCJpc3MiOiJodHRwczovL2FjY291bnRzLmdvb2dsZS5jb20iLCJzdWIiOiIxMDkyNjY2NDYzMzIwMTgwNTIxMDEifQ.mwUI7Gcv9caUVqRa6RtIBQ-ksozI2WGXJK8hezBaAsvrVx0OnVEImnuaBO_ivzT3OyaaAfGYTZeHI0s1tQPqzJ3jf3S9WA1O-k0gXu_bVDTN0hnazaHzMrsRic3lbsA-qfzsrLBR1h3id3nCjC14p0-vl4oenG1hnorBs4l998cmQ99eX2anJxsrSzI2xSdQlr599KetVnKyNmpWL6QGdPIk6kS2xKN3Ikpp9-aQBJKUnQA5LGucYwNakqJh1OGj-rwif8ZzNzRXSMMAb1FDuCLZ1GkOr0e61VWzfVpt5iblFCbbbApsO5m_LreKljF0Iby7d3UIs8C1TeC7IL-S1Q",
    "token_expiry": "2023-06-23T11:58:06Z"
  },
  "sentinels": {
    "config_sentinel": "/home/jupyter/.config/gcloud/config_sentinel"
  }
}
2023-06-23 11:04:48,923 INFO     ___FILE_ONLY___ 

2023-06-23 11:04:48,923 DEBUG    root            SDK update checks are disabled.
