2023-06-23 11:12:52,581 DEBUG    root            Loaded Command Group: ['gcloud', 'config']
2023-06-23 11:12:52,583 DEBUG    root            Loaded Command Group: ['gcloud', 'config', 'config_helper']
2023-06-23 11:12:52,586 DEBUG    root            Running [gcloud.config.config-helper] with arguments: [--format: "json"]
2023-06-23 11:12:52,592 DEBUG    google.auth.transport.requests Making request: GET http://192.168.10.5/computeMetadata/v1/instance/service-accounts/tsingh54@ford.com/?recursive=true
2023-06-23 11:12:52,595 DEBUG    urllib3.connectionpool Starting new HTTP connection (1): 192.168.10.5:80
2023-06-23 11:12:52,596 DEBUG    urllib3.connectionpool http://192.168.10.5:80 "GET /computeMetadata/v1/instance/service-accounts/tsingh54@ford.com/?recursive=true HTTP/1.1" 200 212
2023-06-23 11:12:52,596 DEBUG    google.auth.transport.requests Making request: GET http://192.168.10.5/computeMetadata/v1/instance/service-accounts/tsingh54@ford.com/token
2023-06-23 11:12:52,599 DEBUG    urllib3.connectionpool http://192.168.10.5:80 "GET /computeMetadata/v1/instance/service-accounts/tsingh54@ford.com/token HTTP/1.1" 200 282
2023-06-23 11:12:52,624 DEBUG    urllib3.connectionpool Starting new HTTPS connection (1): www.gstatic.com:443
2023-06-23 11:12:52,644 DEBUG    urllib3.connectionpool https://www.gstatic.com:443 "GET /cloudsdk/feature_flag_config_file.yaml HTTP/1.1" 200 101
2023-06-23 11:12:52,652 DEBUG    root            Chosen display Format:default json
2023-06-23 11:12:52,653 INFO     root            Display format: "default json"
2023-06-23 11:12:52,654 INFO     ___FILE_ONLY___ {
  "configuration": {
    "active_configuration": "default",
    "properties": {
      "billing": {
        "quota_project": "ford-edb67bd0ec6cd881dfcac61b"
      },
      "core": {
        "account": "tsingh54@ford.com",
        "disable_usage_reporting": "True",
        "project": "ford-edb67bd0ec6cd881dfcac61b"
      }
    }
  },
  "credential": {
    "access_token": "ya29.a0AWY7CklPVE5pMkZc2ifm5qQKpzCkOen56LVasBaoUNJ68RFE5WR8HCS029_-3IyWvB5nmKB2k00re6DRCr2xjOvnJ1ywrKwvWNRt4rgoikjLg1V9ATy2hJxNxYg4pAI92EbAbjGOlEww9OTxYrZMK5vuKaa1Ns2w6pySlVF6aCgYKATESARISFQG1tDrpFYkbNz3DYyWwtrk-gZr4QQ0175",
    "id_token": null,
    "token_expiry": "2023-06-23T12:04:47Z"
  },
  "sentinels": {
    "config_sentinel": "/home/jupyter/.config/gcloud/config_sentinel"
  }
}
2023-06-23 11:12:52,654 INFO     ___FILE_ONLY___ 

2023-06-23 11:12:52,654 DEBUG    root            SDK update checks are disabled.
