2023-06-23 11:32:22,599 DEBUG    root            Loaded Command Group: ['gcloud', 'config']
2023-06-23 11:32:22,601 DEBUG    root            Loaded Command Group: ['gcloud', 'config', 'config_helper']
2023-06-23 11:32:22,604 DEBUG    root            Running [gcloud.config.config-helper] with arguments: [--format: "json"]
2023-06-23 11:32:22,610 DEBUG    google.auth.transport.requests Making request: GET http://192.168.10.5/computeMetadata/v1/instance/service-accounts/tsingh54@ford.com/?recursive=true
2023-06-23 11:32:22,612 DEBUG    urllib3.connectionpool Starting new HTTP connection (1): 192.168.10.5:80
2023-06-23 11:32:22,613 DEBUG    urllib3.connectionpool http://192.168.10.5:80 "GET /computeMetadata/v1/instance/service-accounts/tsingh54@ford.com/?recursive=true HTTP/1.1" 200 212
2023-06-23 11:32:22,614 DEBUG    google.auth.transport.requests Making request: GET http://192.168.10.5/computeMetadata/v1/instance/service-accounts/tsingh54@ford.com/token
2023-06-23 11:32:22,616 DEBUG    urllib3.connectionpool http://192.168.10.5:80 "GET /computeMetadata/v1/instance/service-accounts/tsingh54@ford.com/token HTTP/1.1" 200 282
2023-06-23 11:32:22,650 DEBUG    root            Chosen display Format:default json
2023-06-23 11:32:22,651 INFO     root            Display format: "default json"
2023-06-23 11:32:22,652 INFO     ___FILE_ONLY___ {
  "configuration": {
    "active_configuration": "default",
    "properties": {
      "billing": {
        "quota_project": "ford-edb67bd0ec6cd881dfcac61b"
      },
      "core": {
        "account": "tsingh54@ford.com",
        "disable_usage_reporting": "True",
        "project": "ford-edb67bd0ec6cd881dfcac61b"
      }
    }
  },
  "credential": {
    "access_token": "ya29.a0AWY7CklPVE5pMkZc2ifm5qQKpzCkOen56LVasBaoUNJ68RFE5WR8HCS029_-3IyWvB5nmKB2k00re6DRCr2xjOvnJ1ywrKwvWNRt4rgoikjLg1V9ATy2hJxNxYg4pAI92EbAbjGOlEww9OTxYrZMK5vuKaa1Ns2w6pySlVF6aCgYKATESARISFQG1tDrpFYkbNz3DYyWwtrk-gZr4QQ0175",
    "id_token": null,
    "token_expiry": "2023-06-23T12:04:47Z"
  },
  "sentinels": {
    "config_sentinel": "/home/jupyter/.config/gcloud/config_sentinel"
  }
}
2023-06-23 11:32:22,652 INFO     ___FILE_ONLY___ 

2023-06-23 11:32:22,652 DEBUG    root            SDK update checks are disabled.
