2023-06-23 11:34:52,096 DEBUG    root            Loaded Command Group: ['gcloud', 'config']
2023-06-23 11:34:52,099 DEBUG    root            Loaded Command Group: ['gcloud', 'config', 'config_helper']
2023-06-23 11:34:52,102 DEBUG    root            Running [gcloud.config.config-helper] with arguments: [--format: "json"]
2023-06-23 11:34:52,109 DEBUG    google.auth.transport.requests Making request: GET http://metadata.google.internal/computeMetadata/v1/instance/service-accounts/notebooks-tp-sa@iaf194987454cb170-tp.iam.gserviceaccount.com/?recursive=true
2023-06-23 11:34:52,112 DEBUG    urllib3.connectionpool Starting new HTTP connection (1): metadata.google.internal:80
2023-06-23 11:34:52,114 DEBUG    urllib3.connectionpool http://metadata.google.internal:80 "GET /computeMetadata/v1/instance/service-accounts/notebooks-tp-sa@iaf194987454cb170-tp.iam.gserviceaccount.com/?recursive=true HTTP/1.1" 200 148
2023-06-23 11:34:52,114 DEBUG    google.auth.transport.requests Making request: GET http://metadata.google.internal/computeMetadata/v1/instance/service-accounts/notebooks-tp-sa@iaf194987454cb170-tp.iam.gserviceaccount.com/token
2023-06-23 11:34:52,117 DEBUG    urllib3.connectionpool http://metadata.google.internal:80 "GET /computeMetadata/v1/instance/service-accounts/notebooks-tp-sa@iaf194987454cb170-tp.iam.gserviceaccount.com/token HTTP/1.1" 200 865
2023-06-23 11:34:52,141 DEBUG    root            Chosen display Format:default json
2023-06-23 11:34:52,142 INFO     root            Display format: "default json"
2023-06-23 11:34:52,143 INFO     ___FILE_ONLY___ {
  "configuration": {
    "active_configuration": "default",
    "properties": {
      "billing": {
        "quota_project": "ford-edb67bd0ec6cd881dfcac61b"
      },
      "core": {
        "account": "notebooks-tp-sa@iaf194987454cb170-tp.iam.gserviceaccount.com",
        "disable_usage_reporting": "True",
        "project": "ford-edb67bd0ec6cd881dfcac61b"
      }
    }
  },
  "credential": {
    "access_token": "ya29.c.b0Aaekm1JhN753rmddTqmTPSs2mrzrv4-220Qpv3j-sXJHc39g6uYKSKfa9I9AtOACg4AOpbVVh-8mIy24ec7lixlZkhUazX5wbYJ0nb90VPSgenTcoGjhbVDBprIBOP6SMGT9rCZvXPb43wI-Q8vvH3HDCyG64sAfAdNVE4mDnYZQD6lmGR7LS_2ymGssVDoeapUGLQDvYd9g6OyQt6myEazbWQpIXaxkpow6gxeAH4mfkXyzcz02U33-REJ8gwHsIEqSZx4vszxkMB9Hj286T45rfcg2PSckMleajNP96zn-3luTDeW_RJAaPiZTaSB69R3DMYYTVOxc-7wN344K7zFfISOZZelmX5dM4_t4mz-mx4inf1gR2R-ImhpMdpM14z_rlZ3qWaBzhUidYkev0sSuhjVBs0poRi2m3gJdJkZ9u0RvetzuzQql-s7h-MUr_Qfs4OSUUwsxf-jyhkYeu0IjmRFJYzWwd4QRqqVqO7Srtxakn98fVQM1i1_RjIJ8hFjVtJZSrx9YdRIR_9onBZ7IfcX620VeojmoRZYrr4WSo8eWfZxgSmYXFifzt8cnUSz6gBxfMBl4fbVniXu_h_sySghRM5u8kh6aZyccYlwS7Zcw4t7X10eVp6RBaMgqkZxt87w9BF_n_tUVJ3hMUyQ9hhgu4JzkB-YvR1sBmldybo053csvMJ1i1USmoOUfYBeyMQo4Vf3JVMV3voy7Im726IWcIbcSV5vik2fJbjphZ2JmibQvxwIr_oWkrcSz-RU--oyReQI4czUt4QyzrxqnqB1S8q9r45i-h-2l189n8BBSVp1zSg2W2YZYb-O0pQ1c0JXm3rf7ajF0XIxbni316sRl9rU636BhpoOxq76VwvUMx3ttkv53YeVXiFlwroc4XRZ3_5n87XW9IQgqSM5Z8t5zfWib3gsoVdft0e7YRlOf4kMWldOl0tpeg2qiMs5StIUmbW_d1M8XueWuOepZf-Q_gvzZgSY5sy9M_WOZgQrv-ovBlu5",
    "id_token": "eyJhbGciOiJSUzI1NiIsImtpZCI6IjA1MTUwYTEzMjBiOTM5NWIwNTcxNjg3NzM3NjkyODUwOWJhYjQ0YWMiLCJ0eXAiOiJKV1QifQ.eyJhdWQiOiIzMjU1NTk0MDU1OS5hcHBzLmdvb2dsZXVzZXJjb250ZW50LmNvbSIsImF6cCI6IjEwOTI2NjY0NjMzMjAxODA1MjEwMSIsImV4cCI6MTY4NzUyMzY5MiwiaWF0IjoxNjg3NTIwMDkyLCJpc3MiOiJodHRwczovL2FjY291bnRzLmdvb2dsZS5jb20iLCJzdWIiOiIxMDkyNjY2NDYzMzIwMTgwNTIxMDEifQ.ElT2td7ERQFOy20vZEg4FQXsOhmyLnVNAdDD1YkBCWCrcyRI_EoPUdunG_AEHQzo6Ldal96VkxfWjU9BGUdADaMrqPcLW7HvJKG8UQQGX7OKL03RbGmbSGivP_U_1zlo-B03wp3rc70CTkFfKVe7eryoVRRJxO1VXhCnUfLSl9Z0GlE9LqozP-9G32Iaju9aHq4AM1cM-UyN2BnxoHJ_DN0wXjMDoZ7Cs1Uk9fd_6uOjwvQV1o37v7zKgGjiFuwzrn1S73PsMj_hWRsmYqYsWUUeDEWKKHXJHrj6AjfWlFqGYPvPOP69QmqWcuaFj2YNX3twXjHY8VDIt40YRj8_tA",
    "token_expiry": "2023-06-23T12:28:04Z"
  },
  "sentinels": {
    "config_sentinel": "/home/jupyter/.config/gcloud/config_sentinel"
  }
}
2023-06-23 11:34:52,143 INFO     ___FILE_ONLY___ 

2023-06-23 11:34:52,143 DEBUG    root            SDK update checks are disabled.
