2023-06-23 11:57:42,227 DEBUG    root            Loaded Command Group: ['gcloud', 'config']
2023-06-23 11:57:42,230 DEBUG    root            Loaded Command Group: ['gcloud', 'config', 'config_helper']
2023-06-23 11:57:42,233 DEBUG    root            Running [gcloud.config.config-helper] with arguments: [--format: "json"]
2023-06-23 11:57:42,239 DEBUG    google.auth.transport.requests Making request: GET http://192.168.10.5/computeMetadata/v1/instance/service-accounts/tsingh54@ford.com/?recursive=true
2023-06-23 11:57:42,241 DEBUG    urllib3.connectionpool Starting new HTTP connection (1): 192.168.10.5:80
2023-06-23 11:57:42,242 DEBUG    urllib3.connectionpool http://192.168.10.5:80 "GET /computeMetadata/v1/instance/service-accounts/tsingh54@ford.com/?recursive=true HTTP/1.1" 200 212
2023-06-23 11:57:42,243 DEBUG    google.auth.transport.requests Making request: GET http://192.168.10.5/computeMetadata/v1/instance/service-accounts/tsingh54@ford.com/token
2023-06-23 11:57:42,245 DEBUG    urllib3.connectionpool http://192.168.10.5:80 "GET /computeMetadata/v1/instance/service-accounts/tsingh54@ford.com/token HTTP/1.1" 200 282
2023-06-23 11:57:42,277 DEBUG    root            Chosen display Format:default json
2023-06-23 11:57:42,278 INFO     root            Display format: "default json"
2023-06-23 11:57:42,279 INFO     ___FILE_ONLY___ {
  "configuration": {
    "active_configuration": "default",
    "properties": {
      "billing": {
        "quota_project": "ford-edb67bd0ec6cd881dfcac61b"
      },
      "core": {
        "account": "tsingh54@ford.com",
        "disable_usage_reporting": "True",
        "project": "ford-edb67bd0ec6cd881dfcac61b"
      }
    }
  },
  "credential": {
    "access_token": "ya29.a0AWY7Ckkw8EcSbuJ2PjT0kmhYdlXggsGjfwb58v_m700Pxrd9xcixB_JF7VL5SMvy4DwyodI0Z4uE04fhYZl4WdiDQzaXbzCJmyqTbxHu54wwx3j-uXkJvGVnzD9tvfp95GfN4nTmFiexXMNSlNHbPh7g0aS0ItWc_locB9KFaCgYKAcESARISFQG1tDrpcTgnRRpzycjCEKw7xLMWkA0175",
    "id_token": null,
    "token_expiry": "2023-06-23T12:34:50Z"
  },
  "sentinels": {
    "config_sentinel": "/home/jupyter/.config/gcloud/config_sentinel"
  }
}
2023-06-23 11:57:42,279 INFO     ___FILE_ONLY___ 

2023-06-23 11:57:42,279 DEBUG    root            SDK update checks are disabled.
