2023-06-23 12:05:06,101 DEBUG    root            Loaded Command Group: ['gcloud', 'auth']
2023-06-23 12:05:06,104 DEBUG    root            Loaded Command Group: ['gcloud', 'auth', 'configure_docker']
2023-06-23 12:05:06,107 DEBUG    root            Running [gcloud.auth.configure-docker] with arguments: [--quiet: "True"]
2023-06-23 12:05:06,152 WARNING  root            Your config file at [/home/jupyter/.docker/config.json] contains these credential helper entries:

{
  "credHelpers": {
    "gcr.io": "gcloud",
    "us.gcr.io": "gcloud",
    "eu.gcr.io": "gcloud",
    "asia.gcr.io": "gcloud",
    "staging-k8s.gcr.io": "gcloud",
    "marketplace.gcr.io": "gcloud"
  }
}
2023-06-23 12:05:06,153 INFO     ___FILE_ONLY___ Adding credentials for all GCR repositories.

2023-06-23 12:05:06,153 WARNING  root            A long list of credential helpers may cause delays running 'docker build'. We recommend passing the registry name to configure only the registry you are using.
2023-06-23 12:05:06,153 INFO     ___FILE_ONLY___ gcloud credential helpers already registered correctly.

2023-06-23 12:05:06,154 DEBUG    root            Chosen display Format:default
2023-06-23 12:05:06,155 INFO     root            Display format: "default"
2023-06-23 12:05:06,156 DEBUG    root            SDK update checks are disabled.
