2023-06-23 12:05:07,745 DEBUG    root            Loaded Command Group: ['gcloud', 'config']
2023-06-23 12:05:07,748 DEBUG    root            Loaded Command Group: ['gcloud', 'config', 'config_helper']
2023-06-23 12:05:07,751 DEBUG    root            Running [gcloud.config.config-helper] with arguments: [--format: "json"]
2023-06-23 12:05:07,760 DEBUG    google.auth.transport.requests Making request: GET http://metadata.google.internal/computeMetadata/v1/instance/service-accounts/notebooks-tp-sa@iaf194987454cb170-tp.iam.gserviceaccount.com/?recursive=true
2023-06-23 12:05:07,762 DEBUG    urllib3.connectionpool Starting new HTTP connection (1): metadata.google.internal:80
2023-06-23 12:05:07,765 DEBUG    urllib3.connectionpool http://metadata.google.internal:80 "GET /computeMetadata/v1/instance/service-accounts/notebooks-tp-sa@iaf194987454cb170-tp.iam.gserviceaccount.com/?recursive=true HTTP/1.1" 200 148
2023-06-23 12:05:07,766 DEBUG    google.auth.transport.requests Making request: GET http://metadata.google.internal/computeMetadata/v1/instance/service-accounts/notebooks-tp-sa@iaf194987454cb170-tp.iam.gserviceaccount.com/token
2023-06-23 12:05:07,769 DEBUG    urllib3.connectionpool http://metadata.google.internal:80 "GET /computeMetadata/v1/instance/service-accounts/notebooks-tp-sa@iaf194987454cb170-tp.iam.gserviceaccount.com/token HTTP/1.1" 200 870
2023-06-23 12:05:07,794 DEBUG    root            Chosen display Format:default json
2023-06-23 12:05:07,794 INFO     root            Display format: "default json"
2023-06-23 12:05:07,795 INFO     ___FILE_ONLY___ {
  "configuration": {
    "active_configuration": "default",
    "properties": {
      "billing": {
        "quota_project": "ford-edb67bd0ec6cd881dfcac61b"
      },
      "core": {
        "account": "notebooks-tp-sa@iaf194987454cb170-tp.iam.gserviceaccount.com",
        "disable_usage_reporting": "True",
        "project": "ford-edb67bd0ec6cd881dfcac61b"
      }
    }
  },
  "credential": {
    "access_token": "ya29.c.b0Aaekm1IJjyajiACH9m1nWoZwvXeYPKnTGPw2X0H-DQ9s01LBb8cVCGut9e5RztGqqj3_zyvnoVUuGlKqvpwCPNtoHwCWdxyboB1rgtsSMXOVExcced5_lwrFp_ULN83cdHaADe2k5tGTx8LonPwXmw79gXsq0yRgubZU2fiQlWEkcb4QBhgQxQzVpJ0h6K3Btx7ufjPMtT32XjM9XVEsWdpTShFvloo-aFOiSsr0YfHBdOxpK4yUtkz7YXiOh9wKTD_zXUpCoJV3G4JIKznVVHiLmdhCQZoxh5ijXMoZu6HEr_alAkpCY3A5sDigkp5IlXhnNjtDzkJvDRPeH345P1FbnnSYB5c87ZZZ008jdzFftbxRlw7zjhIUmQS2-cfVWgWq7qpY9Wz4QIB9t0bQsoYU_BVxvngfMeI9sfzdvho-agZqk4Bul1UeJ5iZ8ZpX7zzaZnImBIS09rQkaXs1uQhz3yjryOqW0MvUvrdJwhxOXZcW2n_nQr--066Su6uISg59MiSJ-1nxZaauwSXiX2Bp_Vek14lfw3BY8r8xb-3I5-f3QWgqhWqoYjv-yp-wXUXOYdnaev_rJeJS-pMjiy4wyi-pzaSj7sras7SVRqpudkkY-rwe3QeX3IgUBZocsakZtrO6l7qdivl6Yc-pMOR3OWksMMZfeQkdZqr0hdgiYqv2urxd8op5QgliOIBWY1Ykf1qpjfM9fQsIjvO890bJWF5xnhR2fqIOm00dYB5rn_iyqpvXYOJ2cwau3nlVJw_WXfiSy5pn6w7Oj1WbVbVJBIY4amOS93xFuFlWsI6-qefbzIRqbh6a2i7QzO5zznSo28y6Zr0uZkdoYYqjrJszWZ3Z9ORmO0833o5OtrYnJJj17QyQYpeZ2UZhlscz9aWJBOO4kzR6vyXWjhM3O-o0FgqjOMUQc2WlhZf-8FsnsIUvX_JZ99O9JwY2k_z60Yuxw7quk5g44rWIsibfsgZ2a8cOW80bob9zowsaFk1fFjq8dQzRmtF",
    "id_token": "eyJhbGciOiJSUzI1NiIsImtpZCI6IjA1MTUwYTEzMjBiOTM5NWIwNTcxNjg3NzM3NjkyODUwOWJhYjQ0YWMiLCJ0eXAiOiJKV1QifQ.eyJhdWQiOiIzMjU1NTk0MDU1OS5hcHBzLmdvb2dsZXVzZXJjb250ZW50LmNvbSIsImF6cCI6IjEwOTI2NjY0NjMzMjAxODA1MjEwMSIsImV4cCI6MTY4NzUyNTUwNywiaWF0IjoxNjg3NTIxOTA3LCJpc3MiOiJodHRwczovL2FjY291bnRzLmdvb2dsZS5jb20iLCJzdWIiOiIxMDkyNjY2NDYzMzIwMTgwNTIxMDEifQ.MuETApj20FGFw-0xLlzyrdJxnTzVe8M_XwpYziGS5txcQ8mq1_jbN4mDWxqxZM13psQ6rm84ypaP3qC_yz4ORe1M5PAtREBA7gQEFi8JCJumLqvT3f01fUF2xGjjUhenX8_dWGKnEK1bWS5nF6lw5846F2g37XEGSOZdaz6h_yt_Y6jrO7v7BXL0jTMh9KP9mt1TU7WHhsFqHsoqVj8DrWz4fVZtRgG7lqqxm4CdIDN6v5IaStYGdGXt-MDQong4kfMIxoFEqI55mb__-mwPxbPRY5wKheUUz8bvcnZQq_N2eKcWF9PbogqYqd-vGyLGBLnF9jUHU8igHNPUOAe9CQ",
    "token_expiry": "2023-06-23T12:56:58Z"
  },
  "sentinels": {
    "config_sentinel": "/home/jupyter/.config/gcloud/config_sentinel"
  }
}
2023-06-23 12:05:07,795 INFO     ___FILE_ONLY___ 

2023-06-23 12:05:07,795 DEBUG    root            SDK update checks are disabled.
