2023-06-23 12:33:20,339 DEBUG    root            Loaded Command Group: ['gcloud', 'config']
2023-06-23 12:33:20,342 DEBUG    root            Loaded Command Group: ['gcloud', 'config', 'config_helper']
2023-06-23 12:33:20,345 DEBUG    root            Running [gcloud.config.config-helper] with arguments: [--format: "json"]
2023-06-23 12:33:20,351 DEBUG    google.auth.transport.requests Making request: GET http://192.168.10.5/computeMetadata/v1/instance/service-accounts/tsingh54@ford.com/?recursive=true
2023-06-23 12:33:20,354 DEBUG    urllib3.connectionpool Starting new HTTP connection (1): 192.168.10.5:80
2023-06-23 12:33:20,355 DEBUG    urllib3.connectionpool http://192.168.10.5:80 "GET /computeMetadata/v1/instance/service-accounts/tsingh54@ford.com/?recursive=true HTTP/1.1" 200 212
2023-06-23 12:33:20,356 DEBUG    google.auth.transport.requests Making request: GET http://192.168.10.5/computeMetadata/v1/instance/service-accounts/tsingh54@ford.com/token
2023-06-23 12:33:20,358 DEBUG    urllib3.connectionpool http://192.168.10.5:80 "GET /computeMetadata/v1/instance/service-accounts/tsingh54@ford.com/token HTTP/1.1" 200 282
2023-06-23 12:33:20,388 DEBUG    root            Chosen display Format:default json
2023-06-23 12:33:20,389 INFO     root            Display format: "default json"
2023-06-23 12:33:20,390 INFO     ___FILE_ONLY___ {
  "configuration": {
    "active_configuration": "default",
    "properties": {
      "billing": {
        "quota_project": "ford-edb67bd0ec6cd881dfcac61b"
      },
      "core": {
        "account": "tsingh54@ford.com",
        "disable_usage_reporting": "True",
        "project": "ford-edb67bd0ec6cd881dfcac61b"
      }
    }
  },
  "credential": {
    "access_token": "ya29.a0AWY7Cklj_o-KT-z7-EmyhtOYTmyyjI6DwcvYcogAgpJDEYjNLPcjPH-N-eAL-MjxOlhQ8_dcUM-ria4xpTzTI2mMvR25tIb1j39Ww8_-7NgNLpsvp0MjQNmS6CYpG6NAHQ97CF1CJa6s6-lH3FgEovxWiNm_DJJeqiF6_yhpaCgYKARoSARISFQG1tDrpL5HxkqGBOarQ0ydoeiM2Cg0175",
    "id_token": null,
    "token_expiry": "2023-06-23T13:05:06Z"
  },
  "sentinels": {
    "config_sentinel": "/home/jupyter/.config/gcloud/config_sentinel"
  }
}
2023-06-23 12:33:20,390 INFO     ___FILE_ONLY___ 

2023-06-23 12:33:20,390 DEBUG    root            SDK update checks are disabled.
