2023-06-23 12:35:26,224 DEBUG    root            Loaded Command Group: ['gcloud', 'auth']
2023-06-23 12:35:26,228 DEBUG    root            Loaded Command Group: ['gcloud', 'auth', 'configure_docker']
2023-06-23 12:35:26,231 DEBUG    root            Running [gcloud.auth.configure-docker] with arguments: [--quiet: "True"]
2023-06-23 12:35:26,276 WARNING  root            Your config file at [/home/jupyter/.docker/config.json] contains these credential helper entries:

{
  "credHelpers": {
    "gcr.io": "gcloud",
    "us.gcr.io": "gcloud",
    "eu.gcr.io": "gcloud",
    "asia.gcr.io": "gcloud",
    "staging-k8s.gcr.io": "gcloud",
    "marketplace.gcr.io": "gcloud"
  }
}
2023-06-23 12:35:26,277 INFO     ___FILE_ONLY___ Adding credentials for all GCR repositories.

2023-06-23 12:35:26,277 WARNING  root            A long list of credential helpers may cause delays running 'docker build'. We recommend passing the registry name to configure only the registry you are using.
2023-06-23 12:35:26,277 INFO     ___FILE_ONLY___ gcloud credential helpers already registered correctly.

2023-06-23 12:35:26,278 DEBUG    root            Chosen display Format:default
2023-06-23 12:35:26,279 INFO     root            Display format: "default"
2023-06-23 12:35:26,280 DEBUG    root            SDK update checks are disabled.
