2023-06-23 12:45:45,184 DEBUG    root            Loaded Command Group: ['gcloud', 'config']
2023-06-23 12:45:45,187 DEBUG    root            Loaded Command Group: ['gcloud', 'config', 'config_helper']
2023-06-23 12:45:45,190 DEBUG    root            Running [gcloud.config.config-helper] with arguments: [--format: "json"]
2023-06-23 12:45:45,196 DEBUG    google.auth.transport.requests Making request: GET http://192.168.10.5/computeMetadata/v1/instance/service-accounts/tsingh54@ford.com/?recursive=true
2023-06-23 12:45:45,199 DEBUG    urllib3.connectionpool Starting new HTTP connection (1): 192.168.10.5:80
2023-06-23 12:45:45,200 DEBUG    urllib3.connectionpool http://192.168.10.5:80 "GET /computeMetadata/v1/instance/service-accounts/tsingh54@ford.com/?recursive=true HTTP/1.1" 200 212
2023-06-23 12:45:45,201 DEBUG    google.auth.transport.requests Making request: GET http://192.168.10.5/computeMetadata/v1/instance/service-accounts/tsingh54@ford.com/token
2023-06-23 12:45:45,204 DEBUG    urllib3.connectionpool http://192.168.10.5:80 "GET /computeMetadata/v1/instance/service-accounts/tsingh54@ford.com/token HTTP/1.1" 200 282
2023-06-23 12:45:45,238 DEBUG    root            Chosen display Format:default json
2023-06-23 12:45:45,239 INFO     root            Display format: "default json"
2023-06-23 12:45:45,240 INFO     ___FILE_ONLY___ {
  "configuration": {
    "active_configuration": "default",
    "properties": {
      "billing": {
        "quota_project": "ford-edb67bd0ec6cd881dfcac61b"
      },
      "core": {
        "account": "tsingh54@ford.com",
        "disable_usage_reporting": "True",
        "project": "ford-edb67bd0ec6cd881dfcac61b"
      }
    }
  },
  "credential": {
    "access_token": "ya29.a0AWY7Ckmb4c1Sf3hiCxnM2vWIFu0lFq3uXZmRlQDS3NP6rXExJbMosyT7WJ5Vej6y64P5M0qFR21UERbpzQuBgnBcw2w7x6884EwqMNjCgXXJh_cyn9fyAygseE9o0NXQqdlHYef1tWWuKpr5Yq7Vtl7eq6Piw4uqZjPIN-xLaCgYKARQSARISFQG1tDrpUPqkTPBazW2mq7DdrSlKDg0175",
    "id_token": null,
    "token_expiry": "2023-06-23T13:35:26Z"
  },
  "sentinels": {
    "config_sentinel": "/home/jupyter/.config/gcloud/config_sentinel"
  }
}
2023-06-23 12:45:45,240 INFO     ___FILE_ONLY___ 

2023-06-23 12:45:45,240 DEBUG    root            SDK update checks are disabled.
