2023-06-23 13:05:28,291 DEBUG    root            Loaded Command Group: ['gcloud', 'config']
2023-06-23 13:05:28,310 DEBUG    root            Loaded Command Group: ['gcloud', 'config', 'config_helper']
2023-06-23 13:05:28,313 DEBUG    root            Running [gcloud.config.config-helper] with arguments: [--format: "json"]
2023-06-23 13:05:28,321 DEBUG    google.auth.transport.requests Making request: GET http://metadata.google.internal/computeMetadata/v1/instance/service-accounts/notebooks-tp-sa@iaf194987454cb170-tp.iam.gserviceaccount.com/?recursive=true
2023-06-23 13:05:28,324 DEBUG    urllib3.connectionpool Starting new HTTP connection (1): metadata.google.internal:80
2023-06-23 13:05:28,326 DEBUG    urllib3.connectionpool http://metadata.google.internal:80 "GET /computeMetadata/v1/instance/service-accounts/notebooks-tp-sa@iaf194987454cb170-tp.iam.gserviceaccount.com/?recursive=true HTTP/1.1" 200 148
2023-06-23 13:05:28,327 DEBUG    google.auth.transport.requests Making request: GET http://metadata.google.internal/computeMetadata/v1/instance/service-accounts/notebooks-tp-sa@iaf194987454cb170-tp.iam.gserviceaccount.com/token
2023-06-23 13:05:28,331 DEBUG    urllib3.connectionpool http://metadata.google.internal:80 "GET /computeMetadata/v1/instance/service-accounts/notebooks-tp-sa@iaf194987454cb170-tp.iam.gserviceaccount.com/token HTTP/1.1" 200 868
2023-06-23 13:05:28,354 DEBUG    root            Chosen display Format:default json
2023-06-23 13:05:28,354 INFO     root            Display format: "default json"
2023-06-23 13:05:28,355 INFO     ___FILE_ONLY___ {
  "configuration": {
    "active_configuration": "default",
    "properties": {
      "billing": {
        "quota_project": "ford-edb67bd0ec6cd881dfcac61b"
      },
      "core": {
        "account": "notebooks-tp-sa@iaf194987454cb170-tp.iam.gserviceaccount.com",
        "disable_usage_reporting": "True",
        "project": "ford-edb67bd0ec6cd881dfcac61b"
      }
    }
  },
  "credential": {
    "access_token": "ya29.c.b0Aaekm1IlffTXwSFeT2vi1b9d87bXczNkiSxJKH4uT9MAtGznJp9antI9QOTG-Xv1V8fUOkqIMxzj6pTVr6mbewYA-uETu1orGBtdW0ZI96NNbyIRWiaTTo7QvEGGMXO97gjI2H0tHsNBDWy5QZEV2eV5zU4utJss9cMwdb82sUhIE88DBKv-SFfpPdjqLq7m_120SnMjiUEM76cXxHKMEI52HlrtYgH-KGvel5hYMmEQbE2OrjXB_15zqqseNN3HJtHloyPqpdySrUNKtNBxDbMizmlR0UOs3vfqZhB2gl7Rmp0KAbE7FzVlfRSc4jt8RhvQVtUY67Oi1wGVT345CIRe-7qFjgZ6zU2FQ0RibikhVhqfpzSk8dY-q_ve3zov6jq9fbiOcFronmufIStuMXq55upnbnj7lVtu4xlspYWhzVmXp8Bz_cYw3n112_Q8mqBI3nkiYR-g0vivVQJ4a-S0IJsaXbRr01Jm09mO4BnuoJV00l3ldg-e79WWzUX_hYYonzYS8SBeq-7cVcp1Rlj90jV-pBYbacyiBQ4vVOriJop8oczQgBYSmSfR-adanVVV7VYeIR29uW62I7olV3qJulb8a2y29UgpqJe3-Ycmi7MiOvRppbO1Z477vFdwrti2rk0XaXXfI_zbdVRo5RW0kFyklB7sf85Z1_IMR3uUi5QZ_z457QzgJ4c0OO_WFcIVqRm69lO5RV2vc767W2bjjn648JBoMf2BSe4BYFUgh21XXtsMZ2Odl_Zlr49r35iklV96IrmVMtraZvhkm3Ofh_RYbewZtrahqYm28Qp4yZ0tUU_d_dz099hOlahQeflXBytJ3vOQQinv7i4BRbdRWwb_FmqbcQiVayfqmJtQduxQ_U5Jih7cSUd4d5077ncdmw8m0p7b1yzIj0oFvxmtrW4FfuqqzZQla7VOkWIW-ucdBIynrj9ZUtxMhv2XyUxVchaXrYduOtdR3MSri5Qf8wtyOyixdmVsBtMxy_U3vORe9O3fFac",
    "id_token": "eyJhbGciOiJSUzI1NiIsImtpZCI6IjA1MTUwYTEzMjBiOTM5NWIwNTcxNjg3NzM3NjkyODUwOWJhYjQ0YWMiLCJ0eXAiOiJKV1QifQ.eyJhdWQiOiIzMjU1NTk0MDU1OS5hcHBzLmdvb2dsZXVzZXJjb250ZW50LmNvbSIsImF6cCI6IjEwOTI2NjY0NjMzMjAxODA1MjEwMSIsImV4cCI6MTY4NzUyOTEyOCwiaWF0IjoxNjg3NTI1NTI4LCJpc3MiOiJodHRwczovL2FjY291bnRzLmdvb2dsZS5jb20iLCJzdWIiOiIxMDkyNjY2NDYzMzIwMTgwNTIxMDEifQ.OfCNlaRTN_A0JhXUEdbQP_nGd-Ly7r_LW9_sMWBN8GNTBdhWhPziEdbrsHyjm2xNO9IzLzidEloNBw19W-IwsT1-3YFKLOYCrQtsH0Nb0LIQSDizUOrPyyaXaJT8pNKhkCJLya8ew0irGVRzxbwzmU3MCPc0oHB9QYmbk10bhXWexy_Phw1XUy6VQdD_E3BHeBHGsGPqiw2f0GOD8JS5gjeEusWgcBJxz6lNaPA2nub_PUhZvs2cRdpkMgNeE8p6hNO7JDAwc5ViSubQ0jdKZ_b1G23Lcokyz5js1YFCLFo47rG8S510aQJZrkmTU5EStHlTnE-eNwsWy7DqoTb7eA",
    "token_expiry": "2023-06-23T13:57:31Z"
  },
  "sentinels": {
    "config_sentinel": "/home/jupyter/.config/gcloud/config_sentinel"
  }
}
2023-06-23 13:05:28,355 INFO     ___FILE_ONLY___ 

2023-06-23 13:05:28,356 DEBUG    root            SDK update checks are disabled.
