2023-06-23 13:35:35,553 DEBUG    root            Loaded Command Group: ['gcloud', 'config']
2023-06-23 13:35:35,555 DEBUG    root            Loaded Command Group: ['gcloud', 'config', 'config_helper']
2023-06-23 13:35:35,558 DEBUG    root            Running [gcloud.config.config-helper] with arguments: [--format: "json"]
2023-06-23 13:35:35,564 DEBUG    google.auth.transport.requests Making request: GET http://metadata.google.internal/computeMetadata/v1/instance/service-accounts/notebooks-tp-sa@iaf194987454cb170-tp.iam.gserviceaccount.com/?recursive=true
2023-06-23 13:35:35,567 DEBUG    urllib3.connectionpool Starting new HTTP connection (1): metadata.google.internal:80
2023-06-23 13:35:35,568 DEBUG    urllib3.connectionpool http://metadata.google.internal:80 "GET /computeMetadata/v1/instance/service-accounts/notebooks-tp-sa@iaf194987454cb170-tp.iam.gserviceaccount.com/?recursive=true HTTP/1.1" 200 148
2023-06-23 13:35:35,569 DEBUG    google.auth.transport.requests Making request: GET http://metadata.google.internal/computeMetadata/v1/instance/service-accounts/notebooks-tp-sa@iaf194987454cb170-tp.iam.gserviceaccount.com/token
2023-06-23 13:35:35,571 DEBUG    urllib3.connectionpool http://metadata.google.internal:80 "GET /computeMetadata/v1/instance/service-accounts/notebooks-tp-sa@iaf194987454cb170-tp.iam.gserviceaccount.com/token HTTP/1.1" 200 867
2023-06-23 13:35:35,591 DEBUG    root            Chosen display Format:default json
2023-06-23 13:35:35,591 INFO     root            Display format: "default json"
2023-06-23 13:35:35,592 INFO     ___FILE_ONLY___ {
  "configuration": {
    "active_configuration": "default",
    "properties": {
      "billing": {
        "quota_project": "ford-edb67bd0ec6cd881dfcac61b"
      },
      "core": {
        "account": "notebooks-tp-sa@iaf194987454cb170-tp.iam.gserviceaccount.com",
        "disable_usage_reporting": "True",
        "project": "ford-edb67bd0ec6cd881dfcac61b"
      }
    }
  },
  "credential": {
    "access_token": "ya29.c.b0Aaekm1LIXktfSudTolRYytnD9xC48FctU-7UrmoBOGFZ286ux4QT94CxpDH6m0zR3H8vRl8hBXnX32kZuZ0s0qTHZVSJ88qsaa2u9R3Ktj5IuGVBCgC0ARIKHnrrzYmOsWrQVHtiB1uKY32J9PTJa4WttJL6zMIa8LitgYB7RbJRmad9TpOfVFUk0zvSKwYt4v42LJ6NrqxICSG05937S1aI0iI6Qs-NXChyg40N_hR8A4AyEDyPYMGUjaXZXW0uNvls1C-QL1F8l8WFOuV29YmMG6MT0v_IheM6pvkrh9wyNvtUKsNsiK-pxYrk34bVmm6NbMWhuU-cVVsH344COa9VuFozZdz1nz7k7hgVuB4wv1YrFO0V_2lIkmUoBZZx07RvM1iaO0ryhFF3yYBiovl4m5pjJMj_YUMMb__wJff0nxp9Qylf58uaJylQSIJ9b7ugYvzdqw-3bpUekasSk_ggIjmYUdMr-60t9lWMidnnoit6UhzIFUWj47vii3ZbSOm7gcFIthxvqZohidwtqBBvyy0kYxFU-rumyUkxyFOluywsWmwonJ7dmlB97ZOin90bVmV49qj9-J2phuZ93Ikb3B0_YRzR_afn4BIqosUw7e8lMURucwkJXa6M95tO2fJydjO2wxdQIbtXqpsYk7l9Ia9-MZO6dj3_jzcM1X2dFZzU3zOR-yW3ewl9SgkWbu1Qev-Obkj-4BrjU3wajrwQznaVyV72mwc8aipJIRjttjYm2oJvaYn45dseksa6bvVkiqgv2O7sJaa7oz1OsYr5SSQbqIuU8ZsR-bBdxlojdVqUl8U3Rc2mrcqlI11UWW00Y8fZum5eqqa-vZQ6yfz23jj0V4OSwMFo2z_zZuZnB3hVptwmkXs-xVXtk1yaoftQ_csmF7vU6Sxd3b5bVwrBnsvu4_2dgqOs9av69FMFUc9tr7YxWUh2eWtr63iuiISXjz9dUwdvxBpa5rnqZvcfean-nzxR9zh-iFlzIQ961VVcWrXQiFu",
    "id_token": "eyJhbGciOiJSUzI1NiIsImtpZCI6IjA1MTUwYTEzMjBiOTM5NWIwNTcxNjg3NzM3NjkyODUwOWJhYjQ0YWMiLCJ0eXAiOiJKV1QifQ.eyJhdWQiOiIzMjU1NTk0MDU1OS5hcHBzLmdvb2dsZXVzZXJjb250ZW50LmNvbSIsImF6cCI6IjEwOTI2NjY0NjMzMjAxODA1MjEwMSIsImV4cCI6MTY4NzUzMDkzNSwiaWF0IjoxNjg3NTI3MzM1LCJpc3MiOiJodHRwczovL2FjY291bnRzLmdvb2dsZS5jb20iLCJzdWIiOiIxMDkyNjY2NDYzMzIwMTgwNTIxMDEifQ.O4V6s1rdAlWQzrEC4_hJ52Xd8JSsQA57b-oqQMpACwRfasEZ-naGggJG1815Pv6cDJPBZgZAbuhLjLqA7l-YXT342tPZwIwo4xD1YHbmlHTChpte2hjG2vj19uIllQfAlgOUYoA5vT9CP894e6DU7TEAh2B91B_CLqWhpYWO3i4WbPj4R9eo_BoP_ejGw6Eg5EUybyBtm7HnjTbM8lNTwkfduAlycvE8QcJDEJQxs7nA6LE8_gFislyQkJTOnES0mZwn0gjfqI_n_tcO2s2VirPnyuT1R-oIBOrWhn9JLDVGxPoqWKu6MMqOzN-hnkfIgibud644-tfu4CxeJRLkxQ",
    "token_expiry": "2023-06-23T14:31:44Z"
  },
  "sentinels": {
    "config_sentinel": "/home/jupyter/.config/gcloud/config_sentinel"
  }
}
2023-06-23 13:35:35,592 INFO     ___FILE_ONLY___ 

2023-06-23 13:35:35,593 DEBUG    root            SDK update checks are disabled.
