2023-06-23 13:42:01,052 DEBUG    root            Loaded Command Group: ['gcloud', 'config']
2023-06-23 13:42:01,055 DEBUG    root            Loaded Command Group: ['gcloud', 'config', 'config_helper']
2023-06-23 13:42:01,058 DEBUG    root            Running [gcloud.config.config-helper] with arguments: [--format: "json"]
2023-06-23 13:42:01,064 DEBUG    google.auth.transport.requests Making request: GET http://192.168.10.5/computeMetadata/v1/instance/service-accounts/tsingh54@ford.com/?recursive=true
2023-06-23 13:42:01,066 DEBUG    urllib3.connectionpool Starting new HTTP connection (1): 192.168.10.5:80
2023-06-23 13:42:01,067 DEBUG    urllib3.connectionpool http://192.168.10.5:80 "GET /computeMetadata/v1/instance/service-accounts/tsingh54@ford.com/?recursive=true HTTP/1.1" 200 212
2023-06-23 13:42:01,068 DEBUG    google.auth.transport.requests Making request: GET http://192.168.10.5/computeMetadata/v1/instance/service-accounts/tsingh54@ford.com/token
2023-06-23 13:42:01,070 DEBUG    urllib3.connectionpool http://192.168.10.5:80 "GET /computeMetadata/v1/instance/service-accounts/tsingh54@ford.com/token HTTP/1.1" 200 282
2023-06-23 13:42:01,101 DEBUG    root            Chosen display Format:default json
2023-06-23 13:42:01,101 INFO     root            Display format: "default json"
2023-06-23 13:42:01,102 INFO     ___FILE_ONLY___ {
  "configuration": {
    "active_configuration": "default",
    "properties": {
      "billing": {
        "quota_project": "ford-edb67bd0ec6cd881dfcac61b"
      },
      "core": {
        "account": "tsingh54@ford.com",
        "disable_usage_reporting": "True",
        "project": "ford-edb67bd0ec6cd881dfcac61b"
      }
    }
  },
  "credential": {
    "access_token": "ya29.a0AWY7CkmnahkyjOKj3LvV5YAxs1n-ftxhEpWqpkWtpRUIgS9mTS8l1TsmXEQA040fdx0y23cdCYqYU5r611Vb3-SH3gNilk1N71hiLm6cN_ROtaZMa3IXuljLjykSjDthI-JIIlLx9okZFNDMIWW4dWK5vdcw-mRGpmTkpr09aCgYKAQcSARISFQG1tDrpzH8xklBY_FQafE_prrufdw0175",
    "id_token": null,
    "token_expiry": "2023-06-23T14:35:34Z"
  },
  "sentinels": {
    "config_sentinel": "/home/jupyter/.config/gcloud/config_sentinel"
  }
}
2023-06-23 13:42:01,102 INFO     ___FILE_ONLY___ 

2023-06-23 13:42:01,103 DEBUG    root            SDK update checks are disabled.
