2023-06-23 14:44:45,068 DEBUG    root            Loaded Command Group: ['gcloud', 'config']
2023-06-23 14:44:45,070 DEBUG    root            Loaded Command Group: ['gcloud', 'config', 'config_helper']
2023-06-23 14:44:45,072 DEBUG    root            Running [gcloud.config.config-helper] with arguments: [--format: "json"]
2023-06-23 14:44:45,080 DEBUG    google.auth.transport.requests Making request: GET http://metadata.google.internal/computeMetadata/v1/instance/service-accounts/notebooks-tp-sa@iaf194987454cb170-tp.iam.gserviceaccount.com/?recursive=true
2023-06-23 14:44:45,082 DEBUG    urllib3.connectionpool Starting new HTTP connection (1): metadata.google.internal:80
2023-06-23 14:44:45,083 DEBUG    urllib3.connectionpool http://metadata.google.internal:80 "GET /computeMetadata/v1/instance/service-accounts/notebooks-tp-sa@iaf194987454cb170-tp.iam.gserviceaccount.com/?recursive=true HTTP/1.1" 200 148
2023-06-23 14:44:45,084 DEBUG    google.auth.transport.requests Making request: GET http://metadata.google.internal/computeMetadata/v1/instance/service-accounts/notebooks-tp-sa@iaf194987454cb170-tp.iam.gserviceaccount.com/token
2023-06-23 14:44:45,087 DEBUG    urllib3.connectionpool http://metadata.google.internal:80 "GET /computeMetadata/v1/instance/service-accounts/notebooks-tp-sa@iaf194987454cb170-tp.iam.gserviceaccount.com/token HTTP/1.1" 200 867
2023-06-23 14:44:45,106 DEBUG    root            Chosen display Format:default json
2023-06-23 14:44:45,107 INFO     root            Display format: "default json"
2023-06-23 14:44:45,107 INFO     ___FILE_ONLY___ {
  "configuration": {
    "active_configuration": "default",
    "properties": {
      "billing": {
        "quota_project": "ford-edb67bd0ec6cd881dfcac61b"
      },
      "core": {
        "account": "notebooks-tp-sa@iaf194987454cb170-tp.iam.gserviceaccount.com",
        "disable_usage_reporting": "True",
        "project": "ford-edb67bd0ec6cd881dfcac61b"
      }
    }
  },
  "credential": {
    "access_token": "ya29.c.b0Aaekm1JWE_85oxN4qVz8KIIQETQX8CeAyCpAwpm2ZKldu3lnWhtcidP4SWjqQyr4uYgvev9LjuYHzQNn0aoSVa4IpvG3ZQ-gm24qjrBhQOeWT8OIRaVAYo1zIxqwMWBTQPQZtUGn2U4ulzmvphjSVoAbHlcGfP1etKwOX48mPpBc_Ki0cucuabd8CjwaA_YHnQLU4SJrjKaf7oehwuJn-jmNTmHTti_9UmaH5UZ8ac92h655QTpO_Y_e_nQJSqfTFcjzyp1MEpAa5QVncgzqDLVglEv4KcQN0qij5uvp_vsKVHnCWg8kfTKOkvy6DknzRj_56hnVYoncn8gL344D3MbuJ329Q50ft8_ikzfgzQFjM2ycvUlqicR4VjonchYcnw7ByOgrqoFgul47R6WrwiJBr-iXYdW0z2lpVJv4aem9RR3Ou3hhhv9uumyjy0sR3RhyFumzs6cv9qj1kltSh5bZFvtzdaQSYpSivmjxkU4bUhIIy9B4anWzngu5fzOzM1wVS-W3w3viOis94zztsVhsyXMjf0jeI5aRB6Y3a8sWMJZpqkWiSbV-vR2YZ5l4QYtpSinz_UhfoxsjX342epMZaqnSz31VtUFaSFepbUed8iupk1xwsIZ-7o3pjJJ2uiqJ66V8qsQIVdUzW0aa25xlQiuyq-W6fv0WW_OWuoagW9kgzccstfW0_yQvttFR8BS1ufUjURy_9t4Sbv4w-IhQSVms3vwYMhQp5voBY2ilukx90UBik2mdVF3WZyQU-0ulJJ-v20QWl2hmdWOIvUSQedmB-5Wkg0U1wxRoxbknIw0ueOBI9xvaI7kMQprkwQ31nk7Bg-Wy-34JhSR6FB9Y8yZliumIwBpeYFWpbre2Jv4i8Bdw6Rtm6vMsQ-jd_ltdnxSX02tYW2-vagVotaf5MaI5_rVmntxZfzokWMkmyxBvnBZSlx8nawcuY-kbzo3vj_UnY2bbZWWxR_o08nzgfYfSOmj-W_1yjilIcwk6q83OhU83W87",
    "id_token": "eyJhbGciOiJSUzI1NiIsImtpZCI6IjA1MTUwYTEzMjBiOTM5NWIwNTcxNjg3NzM3NjkyODUwOWJhYjQ0YWMiLCJ0eXAiOiJKV1QifQ.eyJhdWQiOiIzMjU1NTk0MDU1OS5hcHBzLmdvb2dsZXVzZXJjb250ZW50LmNvbSIsImF6cCI6IjEwOTI2NjY0NjMzMjAxODA1MjEwMSIsImV4cCI6MTY4NzUzNTA4NSwiaWF0IjoxNjg3NTMxNDg1LCJpc3MiOiJodHRwczovL2FjY291bnRzLmdvb2dsZS5jb20iLCJzdWIiOiIxMDkyNjY2NDYzMzIwMTgwNTIxMDEifQ.w6c-P3YVWAl4rLLFetA0dcca1kmTmNJXkvMj2ipXswKR2WmXw2f4daL5lV2X1Kpq9PWAndHTETOM1x4WzXP_lFZ9eBYpXYz6fxeXPYRU8aTcb75-oFjspLG-WSSGAAB0PlJigv8whIlMWtHjiIs7Be5aWbAvlXjsPMHzWdnDww_MMQIr940pgv4Qf1IS3mj06Th95xwrY3TQu-aI5Tc3ZLJeXxDBt4WLlwxS0nRVUsVgqBSWmI9tRmfVO6riWJGM36T57exCqAfURW4e9R5zFiIIzzKmyjk4syJzjgCQsFwGcRLK_wCuVT8KWONlqDVc9gnyevYioptxA2o3LUo11A",
    "token_expiry": "2023-06-23T15:43:08Z"
  },
  "sentinels": {
    "config_sentinel": "/home/jupyter/.config/gcloud/config_sentinel"
  }
}
2023-06-23 14:44:45,107 INFO     ___FILE_ONLY___ 

2023-06-23 14:44:45,108 DEBUG    root            SDK update checks are disabled.
