2023-06-23 15:07:25,467 DEBUG    root            Loaded Command Group: ['gcloud', 'config']
2023-06-23 15:07:25,470 DEBUG    root            Loaded Command Group: ['gcloud', 'config', 'config_helper']
2023-06-23 15:07:25,472 DEBUG    root            Running [gcloud.config.config-helper] with arguments: [--format: "json"]
2023-06-23 15:07:25,478 DEBUG    google.auth.transport.requests Making request: GET http://192.168.10.5/computeMetadata/v1/instance/service-accounts/tsingh54@ford.com/?recursive=true
2023-06-23 15:07:25,481 DEBUG    urllib3.connectionpool Starting new HTTP connection (1): 192.168.10.5:80
2023-06-23 15:07:25,482 DEBUG    urllib3.connectionpool http://192.168.10.5:80 "GET /computeMetadata/v1/instance/service-accounts/tsingh54@ford.com/?recursive=true HTTP/1.1" 200 212
2023-06-23 15:07:25,482 DEBUG    google.auth.transport.requests Making request: GET http://192.168.10.5/computeMetadata/v1/instance/service-accounts/tsingh54@ford.com/token
2023-06-23 15:07:25,484 DEBUG    urllib3.connectionpool http://192.168.10.5:80 "GET /computeMetadata/v1/instance/service-accounts/tsingh54@ford.com/token HTTP/1.1" 200 282
2023-06-23 15:07:25,510 DEBUG    root            Chosen display Format:default json
2023-06-23 15:07:25,511 INFO     root            Display format: "default json"
2023-06-23 15:07:25,511 INFO     ___FILE_ONLY___ {
  "configuration": {
    "active_configuration": "default",
    "properties": {
      "billing": {
        "quota_project": "ford-edb67bd0ec6cd881dfcac61b"
      },
      "core": {
        "account": "tsingh54@ford.com",
        "disable_usage_reporting": "True",
        "project": "ford-edb67bd0ec6cd881dfcac61b"
      }
    }
  },
  "credential": {
    "access_token": "ya29.a0AWY7CkmMKFFSs2x5Uo4C-mxAD7mS3juIGuG-5tUVy_VLwwLiLuwOuXvNkSajVMOBuq5-S2TAZGkl2eJ4Fov9N5sZZFGw2__i92KUulz_4D6ukwhsm6tUYqmtfCjyVckIWDWQ4D12WyRrMe6opuBxiQ5WiWkWq8V5_RAzfeuOaCgYKAUYSARISFQG1tDrpbqgz4ijqd25SAiyJp7ckEA0175",
    "id_token": null,
    "token_expiry": "2023-06-23T15:44:43Z"
  },
  "sentinels": {
    "config_sentinel": "/home/jupyter/.config/gcloud/config_sentinel"
  }
}
2023-06-23 15:07:25,511 INFO     ___FILE_ONLY___ 

2023-06-23 15:07:25,512 DEBUG    root            SDK update checks are disabled.
