2023-06-23 15:16:31,983 DEBUG    root            Loaded Command Group: ['gcloud', 'config']
2023-06-23 15:16:31,985 DEBUG    root            Loaded Command Group: ['gcloud', 'config', 'config_helper']
2023-06-23 15:16:31,988 DEBUG    root            Running [gcloud.config.config-helper] with arguments: [--format: "json"]
2023-06-23 15:16:31,993 DEBUG    google.auth.transport.requests Making request: GET http://192.168.10.5/computeMetadata/v1/instance/service-accounts/tsingh54@ford.com/?recursive=true
2023-06-23 15:16:31,995 DEBUG    urllib3.connectionpool Starting new HTTP connection (1): 192.168.10.5:80
2023-06-23 15:16:31,996 DEBUG    urllib3.connectionpool http://192.168.10.5:80 "GET /computeMetadata/v1/instance/service-accounts/tsingh54@ford.com/?recursive=true HTTP/1.1" 200 212
2023-06-23 15:16:31,997 DEBUG    google.auth.transport.requests Making request: GET http://192.168.10.5/computeMetadata/v1/instance/service-accounts/tsingh54@ford.com/token
2023-06-23 15:16:31,999 DEBUG    urllib3.connectionpool http://192.168.10.5:80 "GET /computeMetadata/v1/instance/service-accounts/tsingh54@ford.com/token HTTP/1.1" 200 282
2023-06-23 15:16:32,025 DEBUG    root            Chosen display Format:default json
2023-06-23 15:16:32,025 INFO     root            Display format: "default json"
2023-06-23 15:16:32,026 INFO     ___FILE_ONLY___ {
  "configuration": {
    "active_configuration": "default",
    "properties": {
      "billing": {
        "quota_project": "ford-edb67bd0ec6cd881dfcac61b"
      },
      "core": {
        "account": "tsingh54@ford.com",
        "disable_usage_reporting": "True",
        "project": "ford-edb67bd0ec6cd881dfcac61b"
      }
    }
  },
  "credential": {
    "access_token": "ya29.a0AWY7Ckk_ulxhgMAnqcFvPmjdIDjaBpQlDCJ0nIHJlgY9JppYTfU910RSfqXsuwd5-58QhyhKA8PAmIUiBeCiTS8jleBIuXOVGHNp39i6yx62Ysr7vku491u3-ZIfxtvu5Anihywl9gtN-crpOdSbOmrZ6NLkQFWKnnu6iAPgaCgYKAaASARISFQG1tDrpPaqVj9w1-_JhAKWfitzXmw0175",
    "id_token": null,
    "token_expiry": "2023-06-23T16:14:50Z"
  },
  "sentinels": {
    "config_sentinel": "/home/jupyter/.config/gcloud/config_sentinel"
  }
}
2023-06-23 15:16:32,026 INFO     ___FILE_ONLY___ 

2023-06-23 15:16:32,026 DEBUG    root            SDK update checks are disabled.
