2023-06-23 15:14:52,207 DEBUG    root            Loaded Command Group: ['gcloud', 'config']
2023-06-23 15:14:52,210 DEBUG    root            Loaded Command Group: ['gcloud', 'config', 'config_helper']
2023-06-23 15:14:52,212 DEBUG    root            Running [gcloud.config.config-helper] with arguments: [--format: "json"]
2023-06-23 15:14:52,219 DEBUG    google.auth.transport.requests Making request: GET http://metadata.google.internal/computeMetadata/v1/instance/service-accounts/notebooks-tp-sa@iaf194987454cb170-tp.iam.gserviceaccount.com/?recursive=true
2023-06-23 15:14:52,221 DEBUG    urllib3.connectionpool Starting new HTTP connection (1): metadata.google.internal:80
2023-06-23 15:14:52,223 DEBUG    urllib3.connectionpool http://metadata.google.internal:80 "GET /computeMetadata/v1/instance/service-accounts/notebooks-tp-sa@iaf194987454cb170-tp.iam.gserviceaccount.com/?recursive=true HTTP/1.1" 200 148
2023-06-23 15:14:52,224 DEBUG    google.auth.transport.requests Making request: GET http://metadata.google.internal/computeMetadata/v1/instance/service-accounts/notebooks-tp-sa@iaf194987454cb170-tp.iam.gserviceaccount.com/token
2023-06-23 15:14:52,226 DEBUG    urllib3.connectionpool http://metadata.google.internal:80 "GET /computeMetadata/v1/instance/service-accounts/notebooks-tp-sa@iaf194987454cb170-tp.iam.gserviceaccount.com/token HTTP/1.1" 200 867
2023-06-23 15:14:52,245 DEBUG    root            Chosen display Format:default json
2023-06-23 15:14:52,246 INFO     root            Display format: "default json"
2023-06-23 15:14:52,247 INFO     ___FILE_ONLY___ {
  "configuration": {
    "active_configuration": "default",
    "properties": {
      "billing": {
        "quota_project": "ford-edb67bd0ec6cd881dfcac61b"
      },
      "core": {
        "account": "notebooks-tp-sa@iaf194987454cb170-tp.iam.gserviceaccount.com",
        "disable_usage_reporting": "True",
        "project": "ford-edb67bd0ec6cd881dfcac61b"
      }
    }
  },
  "credential": {
    "access_token": "ya29.c.b0Aaekm1KlgS2UVXRX7mOJBPz11LiH8wluSBWkGrpndIelYliggTrd2rFuufazge-vsxC6L6y-FjSkVT1IetB8zufxApGuPLZq7E8BLhmcZT40nm2zFY7i_pGdo0ZgHHpWDMCZLGOlivOi9qrFCMsuEmurhVwGshRyXrZ3DjnFgVRFEFJshUFtcQ_B2-Fj0Q7ElZAODXbAk_T-N4tKS5XCbioBXCHmiWyveuU4uwyr6F5R3kIlVg5hyJnF9zU9YWyujK7_YweUw9g6U-JxC-vFJu_pO4u8dU8rjTamn1LNVgIHaS-E8U1g3S5stGhhMRSX6bAGgZjOrbBpl5UT344KIa83nfQBOahfVnSzoSQ-S1QvByI_lrkI1eBY4FR7zOXYoF05FZ9xlQf2o461n1U9Qbdwjohem3Stk72sFiJSo9ozOOkefdQfWi4U6Js1Bz82j4huZaW430FvmUqIF0Q-720cnVWng3z8ZdvabWzuszF9961I6Fdi9MJguxMcXmYj4_zQBUUQtqUikMwq-ye3dhdrcRfamtImQQnXcqknlhnI4tIjZVo729txI1JQtIl1IRr5OhbWo_q4skRBzRh14-xJw3QQfk5JXa3s4-Q810ib5qwuBzxdiMevIwUZjOvwfmJV-kxoZBv5kw0txq4clRelRa4deR1bQVXaFZ03s21uWq8bB4pott4iFp0JzrYJBBs9zVvZYbR2xQ38-z5x4WOyfSfea2iBm1RR5U6mJmrqQY2Jly6erR_8UryxU0z8FvpjZeS7d0-25vvktdXJzFgd48r8staimq5tyF65dUSn5o33b0XY40J6xaU6sznn8ulRR9kVahV7X85lVOqXoYdsxrVcFyUr4loXvpf_sRy08suY9obhkbl1kWFmUakBIXg7yon4pb6aiMdrw_kgyqWetwjdFJjveOy2JkW0WobU8bwIqkhb1XSjzgc4Q97efqepdOJe3ZjQkiki5ul4ff3RWbY7Ma0ROvuhhYrIhap3-ZiWuO1ftmi",
    "id_token": "eyJhbGciOiJSUzI1NiIsImtpZCI6IjA1MTUwYTEzMjBiOTM5NWIwNTcxNjg3NzM3NjkyODUwOWJhYjQ0YWMiLCJ0eXAiOiJKV1QifQ.eyJhdWQiOiIzMjU1NTk0MDU1OS5hcHBzLmdvb2dsZXVzZXJjb250ZW50LmNvbSIsImF6cCI6IjEwOTI2NjY0NjMzMjAxODA1MjEwMSIsImV4cCI6MTY4NzUzNjg5MiwiaWF0IjoxNjg3NTMzMjkyLCJpc3MiOiJodHRwczovL2FjY291bnRzLmdvb2dsZS5jb20iLCJzdWIiOiIxMDkyNjY2NDYzMzIwMTgwNTIxMDEifQ.TA419ezjug0Vygeeg3QNaPMAAAKGJ_nmhn2HzdSim1jlF6Ov-gV6_Zj4sljlojn6zYS6NfNFUzFmfiv0jJcMe6bOhj8ODjUNFm9enwhaHvhB_pGgH9MJLxg1odwqUIxvl_ZcfitU68OTCOSYgcUm0kHgiDmGdVOaEz4F5dHAH1a4bgZhmgZ_xScjRoSERbMF1ooVA--ArrzlFPbmYPTRwYUtkKpiM_XI7Zmz5-SiBAycUiFES6JSs8RC1sY0-OEY4jzgcuaUZ4jNkRkpkhJ4nFBiYllG__5xgRxsLdWnriZWcO8fRpbPeThMXs71vfu_t7jVCSFjQr485_6GQL_FzQ",
    "token_expiry": "2023-06-23T16:14:42Z"
  },
  "sentinels": {
    "config_sentinel": "/home/jupyter/.config/gcloud/config_sentinel"
  }
}
2023-06-23 15:14:52,247 INFO     ___FILE_ONLY___ 

2023-06-23 15:14:52,247 DEBUG    root            SDK update checks are disabled.
