2023-06-23 15:45:00,692 DEBUG    root            Loaded Command Group: ['gcloud', 'config']
2023-06-23 15:45:00,694 DEBUG    root            Loaded Command Group: ['gcloud', 'config', 'config_helper']
2023-06-23 15:45:00,697 DEBUG    root            Running [gcloud.config.config-helper] with arguments: [--format: "json"]
2023-06-23 15:45:00,704 DEBUG    google.auth.transport.requests Making request: GET http://metadata.google.internal/computeMetadata/v1/instance/service-accounts/notebooks-tp-sa@iaf194987454cb170-tp.iam.gserviceaccount.com/?recursive=true
2023-06-23 15:45:00,707 DEBUG    urllib3.connectionpool Starting new HTTP connection (1): metadata.google.internal:80
2023-06-23 15:45:00,708 DEBUG    urllib3.connectionpool http://metadata.google.internal:80 "GET /computeMetadata/v1/instance/service-accounts/notebooks-tp-sa@iaf194987454cb170-tp.iam.gserviceaccount.com/?recursive=true HTTP/1.1" 200 148
2023-06-23 15:45:00,709 DEBUG    google.auth.transport.requests Making request: GET http://metadata.google.internal/computeMetadata/v1/instance/service-accounts/notebooks-tp-sa@iaf194987454cb170-tp.iam.gserviceaccount.com/token
2023-06-23 15:45:00,712 DEBUG    urllib3.connectionpool http://metadata.google.internal:80 "GET /computeMetadata/v1/instance/service-accounts/notebooks-tp-sa@iaf194987454cb170-tp.iam.gserviceaccount.com/token HTTP/1.1" 200 867
2023-06-23 15:45:00,733 DEBUG    root            Chosen display Format:default json
2023-06-23 15:45:00,734 INFO     root            Display format: "default json"
2023-06-23 15:45:00,734 INFO     ___FILE_ONLY___ {
  "configuration": {
    "active_configuration": "default",
    "properties": {
      "billing": {
        "quota_project": "ford-edb67bd0ec6cd881dfcac61b"
      },
      "core": {
        "account": "notebooks-tp-sa@iaf194987454cb170-tp.iam.gserviceaccount.com",
        "disable_usage_reporting": "True",
        "project": "ford-edb67bd0ec6cd881dfcac61b"
      }
    }
  },
  "credential": {
    "access_token": "ya29.c.b0Aaekm1KlgS2UVXRX7mOJBPz11LiH8wluSBWkGrpndIelYliggTrd2rFuufazge-vsxC6L6y-FjSkVT1IetB8zufxApGuPLZq7E8BLhmcZT40nm2zFY7i_pGdo0ZgHHpWDMCZLGOlivOi9qrFCMsuEmurhVwGshRyXrZ3DjnFgVRFEFJshUFtcQ_B2-Fj0Q7ElZAODXbAk_T-N4tKS5XCbioBXCHmiWyveuU4uwyr6F5R3kIlVg5hyJnF9zU9YWyujK7_YweUw9g6U-JxC-vFJu_pO4u8dU8rjTamn1LNVgIHaS-E8U1g3S5stGhhMRSX6bAGgZjOrbBpl5UT344KIa83nfQBOahfVnSzoSQ-S1QvByI_lrkI1eBY4FR7zOXYoF05FZ9xlQf2o461n1U9Qbdwjohem3Stk72sFiJSo9ozOOkefdQfWi4U6Js1Bz82j4huZaW430FvmUqIF0Q-720cnVWng3z8ZdvabWzuszF9961I6Fdi9MJguxMcXmYj4_zQBUUQtqUikMwq-ye3dhdrcRfamtImQQnXcqknlhnI4tIjZVo729txI1JQtIl1IRr5OhbWo_q4skRBzRh14-xJw3QQfk5JXa3s4-Q810ib5qwuBzxdiMevIwUZjOvwfmJV-kxoZBv5kw0txq4clRelRa4deR1bQVXaFZ03s21uWq8bB4pott4iFp0JzrYJBBs9zVvZYbR2xQ38-z5x4WOyfSfea2iBm1RR5U6mJmrqQY2Jly6erR_8UryxU0z8FvpjZeS7d0-25vvktdXJzFgd48r8staimq5tyF65dUSn5o33b0XY40J6xaU6sznn8ulRR9kVahV7X85lVOqXoYdsxrVcFyUr4loXvpf_sRy08suY9obhkbl1kWFmUakBIXg7yon4pb6aiMdrw_kgyqWetwjdFJjveOy2JkW0WobU8bwIqkhb1XSjzgc4Q97efqepdOJe3ZjQkiki5ul4ff3RWbY7Ma0ROvuhhYrIhap3-ZiWuO1ftmi",
    "id_token": "eyJhbGciOiJSUzI1NiIsImtpZCI6IjA1MTUwYTEzMjBiOTM5NWIwNTcxNjg3NzM3NjkyODUwOWJhYjQ0YWMiLCJ0eXAiOiJKV1QifQ.eyJhdWQiOiIzMjU1NTk0MDU1OS5hcHBzLmdvb2dsZXVzZXJjb250ZW50LmNvbSIsImF6cCI6IjEwOTI2NjY0NjMzMjAxODA1MjEwMSIsImV4cCI6MTY4NzUzODcwMCwiaWF0IjoxNjg3NTM1MTAwLCJpc3MiOiJodHRwczovL2FjY291bnRzLmdvb2dsZS5jb20iLCJzdWIiOiIxMDkyNjY2NDYzMzIwMTgwNTIxMDEifQ.UHuOhWAEVc44ETI2faV8JY9lwfivYYtGRYSuSHfLCPAHw_z-zDhsRYiV4RzL0KsgY7vcmIIoP9xggYPTaTOqWyU9H5GS2sZ0Nt9mvVo26c7yMEvsR_eX0gGLmNd-4OeToPdz65acBfG8Hquhvnsl4YFPoz0ohF7mCPM5JFwrts68FQVzJBnHWXBzSI8n-RRJpaPkeZ8iw36Z1FMfVqIhSn02dk401piHzR9OM8993BZeANRwYi7tjx8d_hKIAp0cgMhdQ3tV3exPC0AYPPcE7gb4OcNv1T_Wjv6PDA5U7ETrA-fs6cV8M8_Ca_e6NTSKdyqpHICC8h2F5Dx3UEgxTg",
    "token_expiry": "2023-06-23T16:14:42Z"
  },
  "sentinels": {
    "config_sentinel": "/home/jupyter/.config/gcloud/config_sentinel"
  }
}
2023-06-23 15:45:00,734 INFO     ___FILE_ONLY___ 

2023-06-23 15:45:00,735 DEBUG    root            SDK update checks are disabled.
