2023-06-23 16:00:17,261 DEBUG    root            Loaded Command Group: ['gcloud', 'config']
2023-06-23 16:00:17,263 DEBUG    root            Loaded Command Group: ['gcloud', 'config', 'config_helper']
2023-06-23 16:00:17,266 DEBUG    root            Running [gcloud.config.config-helper] with arguments: [--format: "json"]
2023-06-23 16:00:17,271 DEBUG    google.auth.transport.requests Making request: GET http://192.168.10.5/computeMetadata/v1/instance/service-accounts/tsingh54@ford.com/?recursive=true
2023-06-23 16:00:17,274 DEBUG    urllib3.connectionpool Starting new HTTP connection (1): 192.168.10.5:80
2023-06-23 16:00:17,275 DEBUG    urllib3.connectionpool http://192.168.10.5:80 "GET /computeMetadata/v1/instance/service-accounts/tsingh54@ford.com/?recursive=true HTTP/1.1" 200 212
2023-06-23 16:00:17,275 DEBUG    google.auth.transport.requests Making request: GET http://192.168.10.5/computeMetadata/v1/instance/service-accounts/tsingh54@ford.com/token
2023-06-23 16:00:17,277 DEBUG    urllib3.connectionpool http://192.168.10.5:80 "GET /computeMetadata/v1/instance/service-accounts/tsingh54@ford.com/token HTTP/1.1" 200 282
2023-06-23 16:00:17,308 DEBUG    root            Chosen display Format:default json
2023-06-23 16:00:17,308 INFO     root            Display format: "default json"
2023-06-23 16:00:17,309 INFO     ___FILE_ONLY___ {
  "configuration": {
    "active_configuration": "default",
    "properties": {
      "billing": {
        "quota_project": "ford-edb67bd0ec6cd881dfcac61b"
      },
      "core": {
        "account": "tsingh54@ford.com",
        "disable_usage_reporting": "True",
        "project": "ford-edb67bd0ec6cd881dfcac61b"
      }
    }
  },
  "credential": {
    "access_token": "ya29.a0AWY7CknQaNVLIZmTOfuMb3ZH3ZezfciFtFAQjqwTV0LR-11rhFg3EWLHHD8ws1VpbfWsO6Q9kSP9DVr6hEkVakvnJKiPI_0BPeLgYyilXiJaDXJZZlIq6kuDaLBOtFpqQylUmyFIqmAi4wjP2cp873NTp6CJJx-pgbc3F4d4aCgYKAUQSARISFQG1tDrpk6RrG22RMVOtps5pflq_Cw0175",
    "id_token": null,
    "token_expiry": "2023-06-23T16:44:58Z"
  },
  "sentinels": {
    "config_sentinel": "/home/jupyter/.config/gcloud/config_sentinel"
  }
}
2023-06-23 16:00:17,309 INFO     ___FILE_ONLY___ 

2023-06-23 16:00:17,310 DEBUG    root            SDK update checks are disabled.
