2023-06-23 16:15:22,296 DEBUG    root            Loaded Command Group: ['gcloud', 'config']
2023-06-23 16:15:22,298 DEBUG    root            Loaded Command Group: ['gcloud', 'config', 'config_helper']
2023-06-23 16:15:22,300 DEBUG    root            Running [gcloud.config.config-helper] with arguments: [--format: "json"]
2023-06-23 16:15:22,307 DEBUG    google.auth.transport.requests Making request: GET http://metadata.google.internal/computeMetadata/v1/instance/service-accounts/notebooks-tp-sa@iaf194987454cb170-tp.iam.gserviceaccount.com/?recursive=true
2023-06-23 16:15:22,309 DEBUG    urllib3.connectionpool Starting new HTTP connection (1): metadata.google.internal:80
2023-06-23 16:15:22,311 DEBUG    urllib3.connectionpool http://metadata.google.internal:80 "GET /computeMetadata/v1/instance/service-accounts/notebooks-tp-sa@iaf194987454cb170-tp.iam.gserviceaccount.com/?recursive=true HTTP/1.1" 200 148
2023-06-23 16:15:22,312 DEBUG    google.auth.transport.requests Making request: GET http://metadata.google.internal/computeMetadata/v1/instance/service-accounts/notebooks-tp-sa@iaf194987454cb170-tp.iam.gserviceaccount.com/token
2023-06-23 16:15:22,314 DEBUG    urllib3.connectionpool http://metadata.google.internal:80 "GET /computeMetadata/v1/instance/service-accounts/notebooks-tp-sa@iaf194987454cb170-tp.iam.gserviceaccount.com/token HTTP/1.1" 200 866
2023-06-23 16:15:22,335 DEBUG    root            Chosen display Format:default json
2023-06-23 16:15:22,336 INFO     root            Display format: "default json"
2023-06-23 16:15:22,336 INFO     ___FILE_ONLY___ {
  "configuration": {
    "active_configuration": "default",
    "properties": {
      "billing": {
        "quota_project": "ford-edb67bd0ec6cd881dfcac61b"
      },
      "core": {
        "account": "notebooks-tp-sa@iaf194987454cb170-tp.iam.gserviceaccount.com",
        "disable_usage_reporting": "True",
        "project": "ford-edb67bd0ec6cd881dfcac61b"
      }
    }
  },
  "credential": {
    "access_token": "ya29.c.b0Aaekm1J22xkiItnwwVc5FexJ83O_unNuj5sK_CtcNJEyGhXM-Uw6aWBWFxbKc6FdexMrC8DgI7c3TiHlETM0L44PBRWLx1NtVE4o7eshPQpUgYMec6YsW5KTbf-oMjLiE2zHKayn2h358BpoNyYd9a20EJFcMXbkaT2d14VtVpUtk5W3zgL4iOhHdsH4OkH1YQQn5gC-NSGKwk523TXFFt8XpTdV8s0TsKs2m25vxF6GvrydXQJUskgVeb6sJKWPmdaPp6uWLQasxHXp9OEKOsgiczT7XuZcZv51VrbE_ZoTAz36MtjlSBaHOQhCDFqigcbhRMWNME4o5xHjN345AxtFySJbZfzmxY79c9xOfbnv4-nRkQzBVqeWzmvalkq8-bMepM-V9oe829SSYjuXeh_47WYZotvvRSpOw2jssQta2O_mn2Mzful7-Zw_VsJVdS0V4ndppgUryRtFSZ7WUkY3q411fxMayngwpwV-Z-qaYqSIea5kQ7UmflR8texfrWBFO4Z6F2tqiFBvi-j53BRJMMwMd8jeXVZev_ulbqq08taf3wJ08Zgoqo8ab0BXuJwOYJdMSqlO6gaOvFdWkyJ5QOtMi8wlw_jUXqRejui-u0IiQptUBsg-sr8a0fxYkWZ8t3Ut28s7BzpiVx5SJbQyFibnntFjt-gdwa13S4MeQ0Jz4tXx5Ykaf9B7v-Ubt--IqthUlf0Ru2gpRBndz5-Ipd6ijcep5l1khtcrem2-tnqJuJyVQJyl1jU2jlIzf2tWrvnvq3R8dmjU-xQtca2UJl4kUm2R_sbvJaoQUqrWJ_doveJvF3wVn2VR-M-WYmRb8aZ1Z0M7j8znvr_QmYtfsVwi3textkdz1Yvl8c3w57BVm5ilmpZmur2Rc4hmilBJQ3m-9gpiet-ay35OglVf_YdRQeYr1s0sM7Mo1l00btUcdIj7WO0R6hZrliqrqd0RuWW4Y26-IlfbXII_8Vkxu-mWc68b5jBVBvUsOwp13Yl1cYq8_iy",
    "id_token": "eyJhbGciOiJSUzI1NiIsImtpZCI6IjA1MTUwYTEzMjBiOTM5NWIwNTcxNjg3NzM3NjkyODUwOWJhYjQ0YWMiLCJ0eXAiOiJKV1QifQ.eyJhdWQiOiIzMjU1NTk0MDU1OS5hcHBzLmdvb2dsZXVzZXJjb250ZW50LmNvbSIsImF6cCI6IjEwOTI2NjY0NjMzMjAxODA1MjEwMSIsImV4cCI6MTY4NzU0MDUyMiwiaWF0IjoxNjg3NTM2OTIyLCJpc3MiOiJodHRwczovL2FjY291bnRzLmdvb2dsZS5jb20iLCJzdWIiOiIxMDkyNjY2NDYzMzIwMTgwNTIxMDEifQ.v-bdKGS7j1_bfnF8ZNgwIMFF6183YumUJyaHCbNxmkT7TFpSNMXEmjxdMduTq0LJLRFQBwoa-mDVCRk0vseIEPKnLsQI_4k6IYeZBx1Epq54ssSO-zIL2Fwy-boBxndjISNTH0JyzEiVxXGQFnMVHGZCyylOx4aw-Ms316YWL5Lj7sInIh_pvhyk5nkGsFJF4BoShNgNqORJLgbw1fjMpb5fzXspOm0jzDreq6IJcXPw3EKPxYEdW68gtzq65PPljdB319qXRXSnfqWa6JA2ppG1w4yO7H832mIdIlrZc05F9vMfNzvUqLBqHnpHdMr9lEDcxTFIixJTcZaYiPuIfA",
    "token_expiry": "2023-06-23T16:48:53Z"
  },
  "sentinels": {
    "config_sentinel": "/home/jupyter/.config/gcloud/config_sentinel"
  }
}
2023-06-23 16:15:22,336 INFO     ___FILE_ONLY___ 

2023-06-23 16:15:22,337 DEBUG    root            SDK update checks are disabled.
