2023-06-23 16:15:30,482 DEBUG    root            Loaded Command Group: ['gcloud', 'config']
2023-06-23 16:15:30,485 DEBUG    root            Loaded Command Group: ['gcloud', 'config', 'config_helper']
2023-06-23 16:15:30,487 DEBUG    root            Running [gcloud.config.config-helper] with arguments: [--format: "json"]
2023-06-23 16:15:30,493 DEBUG    google.auth.transport.requests Making request: GET http://192.168.10.5/computeMetadata/v1/instance/service-accounts/tsingh54@ford.com/?recursive=true
2023-06-23 16:15:30,495 DEBUG    urllib3.connectionpool Starting new HTTP connection (1): 192.168.10.5:80
2023-06-23 16:15:30,496 DEBUG    urllib3.connectionpool http://192.168.10.5:80 "GET /computeMetadata/v1/instance/service-accounts/tsingh54@ford.com/?recursive=true HTTP/1.1" 200 212
2023-06-23 16:15:30,496 DEBUG    google.auth.transport.requests Making request: GET http://192.168.10.5/computeMetadata/v1/instance/service-accounts/tsingh54@ford.com/token
2023-06-23 16:15:30,498 DEBUG    urllib3.connectionpool http://192.168.10.5:80 "GET /computeMetadata/v1/instance/service-accounts/tsingh54@ford.com/token HTTP/1.1" 200 282
2023-06-23 16:15:30,532 DEBUG    root            Chosen display Format:default json
2023-06-23 16:15:30,532 INFO     root            Display format: "default json"
2023-06-23 16:15:30,533 INFO     ___FILE_ONLY___ {
  "configuration": {
    "active_configuration": "default",
    "properties": {
      "billing": {
        "quota_project": "ford-edb67bd0ec6cd881dfcac61b"
      },
      "core": {
        "account": "tsingh54@ford.com",
        "disable_usage_reporting": "True",
        "project": "ford-edb67bd0ec6cd881dfcac61b"
      }
    }
  },
  "credential": {
    "access_token": "ya29.a0AWY7Ckl9pGnihu0LQgJ7BpNkuag3F9FquTf5VcTibr16azlCQrEipgnMSoE4BLpvk-VQ3bAuGU24sSCb2smzRVBGobG0uKqYql8dL8n8GpZglhJHHsRA0lSbXwN1h0s3JzXx_A8fzMJhQ_4DlPlxfmA9ZVlH4FUeg6cDarYHaCgYKAd4SARISFQG1tDrpxpEG5I1OfoBBvYicWja7GA0175",
    "id_token": null,
    "token_expiry": "2023-06-23T17:15:20Z"
  },
  "sentinels": {
    "config_sentinel": "/home/jupyter/.config/gcloud/config_sentinel"
  }
}
2023-06-23 16:15:30,533 INFO     ___FILE_ONLY___ 

2023-06-23 16:15:30,533 DEBUG    root            SDK update checks are disabled.
