2023-06-23 16:45:30,500 DEBUG    root            Loaded Command Group: ['gcloud', 'config']
2023-06-23 16:45:30,504 DEBUG    root            Loaded Command Group: ['gcloud', 'config', 'config_helper']
2023-06-23 16:45:30,507 DEBUG    root            Running [gcloud.config.config-helper] with arguments: [--format: "json"]
2023-06-23 16:45:30,514 DEBUG    google.auth.transport.requests Making request: GET http://metadata.google.internal/computeMetadata/v1/instance/service-accounts/notebooks-tp-sa@iaf194987454cb170-tp.iam.gserviceaccount.com/?recursive=true
2023-06-23 16:45:30,517 DEBUG    urllib3.connectionpool Starting new HTTP connection (1): metadata.google.internal:80
2023-06-23 16:45:30,519 DEBUG    urllib3.connectionpool http://metadata.google.internal:80 "GET /computeMetadata/v1/instance/service-accounts/notebooks-tp-sa@iaf194987454cb170-tp.iam.gserviceaccount.com/?recursive=true HTTP/1.1" 200 148
2023-06-23 16:45:30,520 DEBUG    google.auth.transport.requests Making request: GET http://metadata.google.internal/computeMetadata/v1/instance/service-accounts/notebooks-tp-sa@iaf194987454cb170-tp.iam.gserviceaccount.com/token
2023-06-23 16:45:30,524 DEBUG    urllib3.connectionpool http://metadata.google.internal:80 "GET /computeMetadata/v1/instance/service-accounts/notebooks-tp-sa@iaf194987454cb170-tp.iam.gserviceaccount.com/token HTTP/1.1" 200 865
2023-06-23 16:45:30,550 DEBUG    root            Chosen display Format:default json
2023-06-23 16:45:30,551 INFO     root            Display format: "default json"
2023-06-23 16:45:30,552 INFO     ___FILE_ONLY___ {
  "configuration": {
    "active_configuration": "default",
    "properties": {
      "billing": {
        "quota_project": "ford-edb67bd0ec6cd881dfcac61b"
      },
      "core": {
        "account": "notebooks-tp-sa@iaf194987454cb170-tp.iam.gserviceaccount.com",
        "disable_usage_reporting": "True",
        "project": "ford-edb67bd0ec6cd881dfcac61b"
      }
    }
  },
  "credential": {
    "access_token": "ya29.c.b0Aaekm1LmceK2D3yt9Ebks9vpEOb_2dLN7MH6G3OL06Ij9FvubrIl7HovcV5GDAzpbuLAGiCxZ0T8wudjcsten26CYSuApCJ63ljJ6CIBlqpZuNHlpneggIgsUMOfu_zzWkhwDR6DIpkgmyOTUdeCS1rRx2WH6S34tbcc9jn4Ku7ba2AJY6aFaWsWsK1h_Ie6nKVOk776SzG0wEvj5-Bb_aLAHTg7DfmM3lJnAAelboI6z85KtN1IE6Ay4pXoQ29uWJ04LxeKqSa1oKsTOQtaRFyTBh-nijbrpeMjz1ljmo4ADZtGttFVbYl4npMvzxSy7nctJygd9JnzRFf5RAL347AlssOkx7vZSub0JS97r74O_Vo0jZ_5fF6XYwM89wRrxjgeQmMQfggkUWb_J3r2rY0-_BodlaiFb_IwBeUvkRdx3YFqdlakO2VdsYIdx5ex_ihmUJ7buSJfrlsUxY-5w2V_p_SvXZJB50f-FO6sVaMupYv0QQ1tilZoqn2mqRg5WpdJ6eqcXcygj0Zh32lfZcea_4_UX0-d1BRywpkYgk9-xpdROdd0YzmVWcjf_Qh3vaI1Iso90zYe1_yuFJcsbXZp_VmlFhjZylpFkuywFVtmYbOdadyR9mUctYpgxIo2W2-st7yMvYs6ZwFv0n73hX99vXd7Vx05pxlQb4RB4Id72syxXvdVsj866vw2sWe1qB-VdmzWn1x22n86W8n89iM-BYWsmMl17d03rQdMoeR05i7p7wkc6Uiiwes6goxXM2zVs4vuzzr-Ualxz0gqIUs6I-3Zpb3ki9SWJb0XJv31n45QjnbSv4bU4k4kv561SXzBw6hnobRwvbQklleZYn13z9WkebjJ4hiBx7SnvfvZysXv8pjBqgIcZ5n2W7ZxpOe1V-VpOwX7mFwee8bpOc6rjUhdBuFOdI9FwQ-uRV1fotxheubqj6Wzoo0M8qx4aO4MX-cIVg8-hruoQzi3puo5j0lboF0lvByBt6bnp871lc0lJf36YeI",
    "id_token": "eyJhbGciOiJSUzI1NiIsImtpZCI6IjA1MTUwYTEzMjBiOTM5NWIwNTcxNjg3NzM3NjkyODUwOWJhYjQ0YWMiLCJ0eXAiOiJKV1QifQ.eyJhdWQiOiIzMjU1NTk0MDU1OS5hcHBzLmdvb2dsZXVzZXJjb250ZW50LmNvbSIsImF6cCI6IjEwOTI2NjY0NjMzMjAxODA1MjEwMSIsImV4cCI6MTY4NzU0MjMzMCwiaWF0IjoxNjg3NTM4NzMwLCJpc3MiOiJodHRwczovL2FjY291bnRzLmdvb2dsZS5jb20iLCJzdWIiOiIxMDkyNjY2NDYzMzIwMTgwNTIxMDEifQ.vPa8fDxyJaDJulx_zyxU4r47uGVDREjPQVDtoFoKdoeW39n4rfJfKwaLcnR1JNrU2IRpetr0Epgpw4rdX20vqdh9Mj9bZ-GCst4zSES0CqzoZu_Wc17GHDA_B84r9Bt8aiR_ZMUlJl1BBeyaQdrg5iFPK6DoiRKGl5KWBB8jDdt2R6Aakp82yrZh86M5TtRG6bgKVJFKYd2QKP94uhlh-3x-2Ze-sUMtVNmqEypHaCeFuaa9PRiNDq5toar3nS0Y6m0GQDnvvxwG_51yMk79F3LRd2LHcDhEJsmSAUQ_3gsbCgBZZFvlbrrsSx20eUNPCnXeevaIH4pYBX60uNEsJw",
    "token_expiry": "2023-06-23T17:43:56Z"
  },
  "sentinels": {
    "config_sentinel": "/home/jupyter/.config/gcloud/config_sentinel"
  }
}
2023-06-23 16:45:30,552 INFO     ___FILE_ONLY___ 

2023-06-23 16:45:30,553 DEBUG    root            SDK update checks are disabled.
