2023-06-23 17:15:31,174 DEBUG    root            Loaded Command Group: ['gcloud', 'config']
2023-06-23 17:15:31,176 DEBUG    root            Loaded Command Group: ['gcloud', 'config', 'config_helper']
2023-06-23 17:15:31,179 DEBUG    root            Running [gcloud.config.config-helper] with arguments: [--format: "json"]
2023-06-23 17:15:31,186 DEBUG    google.auth.transport.requests Making request: GET http://metadata.google.internal/computeMetadata/v1/instance/service-accounts/notebooks-tp-sa@iaf194987454cb170-tp.iam.gserviceaccount.com/?recursive=true
2023-06-23 17:15:31,188 DEBUG    urllib3.connectionpool Starting new HTTP connection (1): metadata.google.internal:80
2023-06-23 17:15:31,190 DEBUG    urllib3.connectionpool http://metadata.google.internal:80 "GET /computeMetadata/v1/instance/service-accounts/notebooks-tp-sa@iaf194987454cb170-tp.iam.gserviceaccount.com/?recursive=true HTTP/1.1" 200 148
2023-06-23 17:15:31,190 DEBUG    google.auth.transport.requests Making request: GET http://metadata.google.internal/computeMetadata/v1/instance/service-accounts/notebooks-tp-sa@iaf194987454cb170-tp.iam.gserviceaccount.com/token
2023-06-23 17:15:31,193 DEBUG    urllib3.connectionpool http://metadata.google.internal:80 "GET /computeMetadata/v1/instance/service-accounts/notebooks-tp-sa@iaf194987454cb170-tp.iam.gserviceaccount.com/token HTTP/1.1" 200 865
2023-06-23 17:15:31,216 DEBUG    root            Chosen display Format:default json
2023-06-23 17:15:31,216 INFO     root            Display format: "default json"
2023-06-23 17:15:31,217 INFO     ___FILE_ONLY___ {
  "configuration": {
    "active_configuration": "default",
    "properties": {
      "billing": {
        "quota_project": "ford-edb67bd0ec6cd881dfcac61b"
      },
      "core": {
        "account": "notebooks-tp-sa@iaf194987454cb170-tp.iam.gserviceaccount.com",
        "disable_usage_reporting": "True",
        "project": "ford-edb67bd0ec6cd881dfcac61b"
      }
    }
  },
  "credential": {
    "access_token": "ya29.c.b0Aaekm1IHdnW6p9tWou5j4aOf0EZurj7N0Rc-krNKH4lzCLDjA4MkkUWlR2bxOCCH522QKuPnyNCIduxsywkcwY_euUunx5wdKSjdYUQAMEk-8wc4G28EaRAjyTU_GUQDcex6WxOwwMzqSiZ4eOtBfOv7ib3hvr8lezz48kTFWB4hCnfasBvXPsJIBvtdSN3C1e8nVA5YaY-d4yat_qtYmxmwEGadh1Wz2G4QsjTjWOIHYkWWV8X9hd8YKpTfqN1vgrQDfBn68CcSDJ47lBYy5-xv0RvPp9GcBxtflNmHvmXX-3q2oCD1Xx4vBLhpuVXTEr44IU2BuzQRr2NmE345De3vk1rcwi_cp_b5g8I0rX4dxfkOjwv54IF18n_IX9e9d9XVoyZ2M8redWZv-rX3Vq-0d2gpWyUdbJvzYZvmaUaZfznuy3zvrkWMlzteIvb19cQonUd5B5Ufi9YnZbfo-9hwSbfOiXxvjZ_5h_QpJFRFiZJsoOf2-V5oywJpftRq_rczqmrypXUYl5Iig0e0vds9xwIRSuz_QaYI4hIoJ0vflo0XOoqQj17b9gc_jRo70bzWv9gwsO7Ua6dMr0oprpRtgXevX1bOwlmu4og5YY7pf7UhgfOM861fg0tZJqoSYxgXB6l6bJRMwI38y2yIJ8-9S4QZQ6t5d4Qf33YeUp6kMhVmqRhfuQ5-IMJy8Fi8q-jdy_xr0ff4tSFXXSB6fvYrmRkBcsc5_gU5WlQtyMQ5tlYtruQw8-o-Qia3Q8zR1_1r81M153pa65fclzvnB25cwnxx7dcOe-bI3a6viU2-BtMRabmdmu5t_cUIX5M6lRuV66gaIsFI5pS3U-Mp5M5kVSgXwlzzBfVcwlOo9kVI154mZRmxoxbwfzlhZV7iRIqw8vpX_z3xFxmygFeoch0XO-WtnRy8Vlki_3fdsRF6wlrb18Mhbsuacadcr0iW3U9k3Q-e5-s583fsUt-uq7MJzlZiyy8iffvv_rFZYYiOJIoIhq00Jxt",
    "id_token": "eyJhbGciOiJSUzI1NiIsImtpZCI6IjA1MTUwYTEzMjBiOTM5NWIwNTcxNjg3NzM3NjkyODUwOWJhYjQ0YWMiLCJ0eXAiOiJKV1QifQ.eyJhdWQiOiIzMjU1NTk0MDU1OS5hcHBzLmdvb2dsZXVzZXJjb250ZW50LmNvbSIsImF6cCI6IjEwOTI2NjY0NjMzMjAxODA1MjEwMSIsImV4cCI6MTY4NzU0NDEzMSwiaWF0IjoxNjg3NTQwNTMxLCJpc3MiOiJodHRwczovL2FjY291bnRzLmdvb2dsZS5jb20iLCJzdWIiOiIxMDkyNjY2NDYzMzIwMTgwNTIxMDEifQ.mqg8juxmnjpnJ2-uDPAYwJUpX8Gr9N49yvHPna_dm3woAM5vxnI1jNvir81YY5q3ysdzgKyRjw0DREys0fmhra92JkehcfUcqeL4gr_1eXb-ASxfGEkr_Q2XjNDJKQh8ScLgHwpoNatuvudI-ErtF7Hmu9w6CFhfy-L_UEU_730j81PR_8mmEuCp-mIQjqrJ0hKNz-4G-pjzwboi3lFIgTa9zF9Nlvja4zcxFRJiBBW6sCqc2PKLew-tz-Vj8YCDp1HvezDO_4vL6U1JUqigLH3jn7kXLBYEwgPeaKeq8By2ZsBmoUFNaf6s4aB8zDsJ_T9TwT_WvICkm4sPwED99Q",
    "token_expiry": "2023-06-23T18:14:22Z"
  },
  "sentinels": {
    "config_sentinel": "/home/jupyter/.config/gcloud/config_sentinel"
  }
}
2023-06-23 17:15:31,217 INFO     ___FILE_ONLY___ 

2023-06-23 17:15:31,218 DEBUG    root            SDK update checks are disabled.
