2023-06-23 17:30:54,085 DEBUG    root            Loaded Command Group: ['gcloud', 'config']
2023-06-23 17:30:54,087 DEBUG    root            Loaded Command Group: ['gcloud', 'config', 'config_helper']
2023-06-23 17:30:54,090 DEBUG    root            Running [gcloud.config.config-helper] with arguments: [--format: "json"]
2023-06-23 17:30:54,095 DEBUG    google.auth.transport.requests Making request: GET http://192.168.10.5/computeMetadata/v1/instance/service-accounts/tsingh54@ford.com/?recursive=true
2023-06-23 17:30:54,098 DEBUG    urllib3.connectionpool Starting new HTTP connection (1): 192.168.10.5:80
2023-06-23 17:30:54,099 DEBUG    urllib3.connectionpool http://192.168.10.5:80 "GET /computeMetadata/v1/instance/service-accounts/tsingh54@ford.com/?recursive=true HTTP/1.1" 200 212
2023-06-23 17:30:54,099 DEBUG    google.auth.transport.requests Making request: GET http://192.168.10.5/computeMetadata/v1/instance/service-accounts/tsingh54@ford.com/token
2023-06-23 17:30:54,101 DEBUG    urllib3.connectionpool http://192.168.10.5:80 "GET /computeMetadata/v1/instance/service-accounts/tsingh54@ford.com/token HTTP/1.1" 200 281
2023-06-23 17:30:54,130 DEBUG    root            Chosen display Format:default json
2023-06-23 17:30:54,131 INFO     root            Display format: "default json"
2023-06-23 17:30:54,131 INFO     ___FILE_ONLY___ {
  "configuration": {
    "active_configuration": "default",
    "properties": {
      "billing": {
        "quota_project": "ford-edb67bd0ec6cd881dfcac61b"
      },
      "core": {
        "account": "tsingh54@ford.com",
        "disable_usage_reporting": "True",
        "project": "ford-edb67bd0ec6cd881dfcac61b"
      }
    }
  },
  "credential": {
    "access_token": "ya29.a0AWY7CklrnU8DmUt_SE7KzgJBZykoqE2N1cYhM_N5bJHa7RMlKYQIZ116vJTuwI5NkY8i86DNH9GgsDAMbdH7CoXjItXa7fpXAE34gAZKW-6FJMlvbVV-FWceoQhSuOJRt8u1CFKSikLhjNs7QMeK9phvAHe-b35JQMds8K6xaCgYKASgSARISFQG1tDrpnLLYXpYav0ZLS1292p_h2g0175",
    "id_token": null,
    "token_expiry": "2023-06-23T17:35:02Z"
  },
  "sentinels": {
    "config_sentinel": "/home/jupyter/.config/gcloud/config_sentinel"
  }
}
2023-06-23 17:30:54,132 INFO     ___FILE_ONLY___ 

2023-06-23 17:30:54,132 DEBUG    root            SDK update checks are disabled.
